#
# There is insufficient memory for the Java Runtime Environment to continue.
# Native memory allocation (malloc) failed to allocate 2390352 bytes. Error detail: Chunk::new
# Possible reasons:
#   The system is out of physical RAM or swap space
#   This process is running with CompressedOops enabled, and the Java Heap may be blocking the growth of the native heap
# Possible solutions:
#   Reduce memory load on the system
#   Increase physical memory or swap space
#   Check if swap backing store is full
#   Decrease Java heap size (-Xmx/-Xms)
#   Decrease number of Java threads
#   Decrease Java thread stack sizes (-Xss)
#   Set larger code cache with -XX:ReservedCodeCacheSize=
#   JVM is running with Unscaled Compressed Oops mode in which the Java heap is
#     placed in the first 4GB address space. The Java Heap base address is the
#     maximum limit for the native heap growth. Please use -XX:HeapBaseMinAddress
#     to set the Java Heap base and to place the Java Heap above 4GB virtual address.
# This output file may be truncated or incomplete.
#
#  Out of Memory Error (arena.cpp:162), pid=12004, tid=16196
#
# JRE version: Java(TM) SE Runtime Environment (24.0+36) (build 24+36-3646)
# Java VM: Java HotSpot(TM) 64-Bit Server VM (24+36-3646, mixed mode, sharing, tiered, compressed oops, compressed class ptrs, g1 gc, windows-amd64)
# No core dump will be written. Minidumps are not enabled by default on client versions of Windows
#

---------------  S U M M A R Y ------------

Command Line: --enable-preview -javaagent:C:\Program Files\JetBrains\IntelliJ IDEA Community Edition 2024.3.3\lib\idea_rt.jar=55697:C:\Program Files\JetBrains\IntelliJ IDEA Community Edition 2024.3.3\bin -Dfile.encoding=UTF-8 -Dsun.stdout.encoding=UTF-8 -Dsun.stderr.encoding=UTF-8 com.senko.SenkoFavourite.SenkoFavouriteApplication

Host: 11th Gen Intel(R) Core(TM) i5-11400H @ 2.70GHz, 12 cores, 7G,  Windows 11 , 64 bit Build 22621 (10.0.22621.5262)
Time: Thu May 15 23:02:47 2025 SE Asia Standard Time elapsed time: 2879.326296 seconds (0d 0h 47m 59s)

---------------  T H R E A D  ---------------

Current thread (0x0000026d57c644d0):  JavaThread "C2 CompilerThread0" daemon [_thread_in_native, id=16196, stack(0x000000bdaf800000,0x000000bdaf900000) (1024K)]


Current CompileTask:
C2:2879326 13284       4       org.springframework.core.annotation.TypeMappedAnnotation::<init> (112 bytes)

Stack: [0x000000bdaf800000,0x000000bdaf900000]
Native frames: (J=compiled Java code, j=interpreted, Vv=VM code, C=native code)
V  [jvm.dll+0x7308c9]  (no source info available)
V  [jvm.dll+0x8d9ca3]  (no source info available)
V  [jvm.dll+0x8dc13d]  (no source info available)
V  [jvm.dll+0x8dc7b3]  (no source info available)
V  [jvm.dll+0x2aa046]  (no source info available)
V  [jvm.dll+0xced8f]  (no source info available)
V  [jvm.dll+0xcefef]  (no source info available)
V  [jvm.dll+0x154d23]  (no source info available)
V  [jvm.dll+0x7360ef]  (no source info available)
V  [jvm.dll+0x26f9dc]  (no source info available)
V  [jvm.dll+0x26e9ff]  (no source info available)
V  [jvm.dll+0x1e9d00]  (no source info available)
V  [jvm.dll+0x27e1bb]  (no source info available)
V  [jvm.dll+0x27c45a]  (no source info available)
V  [jvm.dll+0x42f566]  (no source info available)
V  [jvm.dll+0x87d8fb]  (no source info available)
V  [jvm.dll+0x72efe5]  (no source info available)
C  [ucrtbase.dll+0x29333]  (no source info available)
C  [KERNEL32.DLL+0x1259d]  (no source info available)
C  [ntdll.dll+0x5af58]  (no source info available)

Lock stack of current Java thread (top to bottom):


---------------  P R O C E S S  ---------------

Threads class SMR info:
_java_thread_list=0x0000026d9efc1b60, length=31, elements={
0x0000026d57c5aba0, 0x0000026d57c5b5a0, 0x0000026d57c5d8c0, 0x0000026d57c617e0,
0x0000026d57c61f20, 0x0000026d57c63670, 0x0000026d57c644d0, 0x0000026d57c7c710,
0x0000026d9d09c610, 0x0000026d9d3e6000, 0x0000026d9d4f6f70, 0x0000026d9e2d74f0,
0x0000026d9e2d9230, 0x0000026d9e2da0d0, 0x0000026d9e2d9980, 0x0000026d9e2da820,
0x0000026da0259e20, 0x0000026da0254db0, 0x0000026da025acc0, 0x0000026da025c2b0,
0x0000026da0257990, 0x0000026da02580e0, 0x0000026da0255c50, 0x0000026da0255500,
0x0000026da0258f80, 0x0000026da0258830, 0x0000026da02563a0, 0x0000026da0256af0,
0x0000026da0257240, 0x0000026da02596d0, 0x0000026d9e2d7c40
}

Java Threads: ( => current thread )
  0x0000026d57c5aba0 JavaThread "Reference Handler"          daemon [_thread_blocked, id=12172, stack(0x000000bdaf200000,0x000000bdaf300000) (1024K)]
  0x0000026d57c5b5a0 JavaThread "Finalizer"                  daemon [_thread_blocked, id=21228, stack(0x000000bdaf300000,0x000000bdaf400000) (1024K)]
  0x0000026d57c5d8c0 JavaThread "Signal Dispatcher"          daemon [_thread_blocked, id=12180, stack(0x000000bdaf400000,0x000000bdaf500000) (1024K)]
  0x0000026d57c617e0 JavaThread "Attach Listener"            daemon [_thread_blocked, id=8380, stack(0x000000bdaf500000,0x000000bdaf600000) (1024K)]
  0x0000026d57c61f20 JavaThread "Service Thread"             daemon [_thread_blocked, id=19916, stack(0x000000bdaf600000,0x000000bdaf700000) (1024K)]
  0x0000026d57c63670 JavaThread "Monitor Deflation Thread"   daemon [_thread_blocked, id=10452, stack(0x000000bdaf700000,0x000000bdaf800000) (1024K)]
=>0x0000026d57c644d0 JavaThread "C2 CompilerThread0"         daemon [_thread_in_native, id=16196, stack(0x000000bdaf800000,0x000000bdaf900000) (1024K)]
  0x0000026d57c7c710 JavaThread "C1 CompilerThread0"         daemon [_thread_blocked, id=18932, stack(0x000000bdaf900000,0x000000bdafa00000) (1024K)]
  0x0000026d9d09c610 JavaThread "Common-Cleaner"             daemon [_thread_blocked, id=13420, stack(0x000000bdafa00000,0x000000bdafb00000) (1024K)]
  0x0000026d9d3e6000 JavaThread "Monitor Ctrl-Break"         daemon [_thread_in_native, id=25252, stack(0x000000bdafc00000,0x000000bdafd00000) (1024K)]
  0x0000026d9d4f6f70 JavaThread "Notification Thread"        daemon [_thread_blocked, id=14276, stack(0x000000bdafd00000,0x000000bdafe00000) (1024K)]
  0x0000026d9e2d74f0 JavaThread "Catalina-utility-1"                [_thread_blocked, id=23808, stack(0x000000bdb0b00000,0x000000bdb0c00000) (1024K)]
  0x0000026d9e2d9230 JavaThread "Catalina-utility-2"                [_thread_blocked, id=5312, stack(0x000000bdb0c00000,0x000000bdb0d00000) (1024K)]
  0x0000026d9e2da0d0 JavaThread "container-0"                       [_thread_blocked, id=20560, stack(0x000000bdb0d00000,0x000000bdb0e00000) (1024K)]
  0x0000026d9e2d9980 JavaThread "PostgreSQL-JDBC-Cleaner"    daemon [_thread_blocked, id=14880, stack(0x000000bdb0f00000,0x000000bdb1000000) (1024K)]
  0x0000026d9e2da820 JavaThread "HikariPool-1 housekeeper"   daemon [_thread_blocked, id=20740, stack(0x000000bdb1000000,0x000000bdb1100000) (1024K)]
  0x0000026da0259e20 JavaThread "File Watcher"               daemon [_thread_blocked, id=17748, stack(0x000000bdb1200000,0x000000bdb1300000) (1024K)]
  0x0000026da0254db0 JavaThread "Live Reload Server"         daemon [_thread_in_native, id=3008, stack(0x000000bdb1400000,0x000000bdb1500000) (1024K)]
  0x0000026da025acc0 JavaThread "http-nio-8080-exec-1"       daemon [_thread_blocked, id=9016, stack(0x000000bdb1300000,0x000000bdb1400000) (1024K)]
  0x0000026da025c2b0 JavaThread "http-nio-8080-exec-2"       daemon [_thread_blocked, id=12300, stack(0x000000bdb1500000,0x000000bdb1600000) (1024K)]
  0x0000026da0257990 JavaThread "http-nio-8080-exec-3"       daemon [_thread_blocked, id=17500, stack(0x000000bdb1600000,0x000000bdb1700000) (1024K)]
  0x0000026da02580e0 JavaThread "http-nio-8080-exec-4"       daemon [_thread_blocked, id=12752, stack(0x000000bdb1700000,0x000000bdb1800000) (1024K)]
  0x0000026da0255c50 JavaThread "http-nio-8080-exec-5"       daemon [_thread_blocked, id=19232, stack(0x000000bdb1800000,0x000000bdb1900000) (1024K)]
  0x0000026da0255500 JavaThread "http-nio-8080-exec-6"       daemon [_thread_blocked, id=15400, stack(0x000000bdb1900000,0x000000bdb1a00000) (1024K)]
  0x0000026da0258f80 JavaThread "http-nio-8080-exec-7"       daemon [_thread_blocked, id=1452, stack(0x000000bdb1a00000,0x000000bdb1b00000) (1024K)]
  0x0000026da0258830 JavaThread "http-nio-8080-exec-8"       daemon [_thread_blocked, id=11716, stack(0x000000bdb1b00000,0x000000bdb1c00000) (1024K)]
  0x0000026da02563a0 JavaThread "http-nio-8080-exec-9"       daemon [_thread_blocked, id=9452, stack(0x000000bdb1c00000,0x000000bdb1d00000) (1024K)]
  0x0000026da0256af0 JavaThread "http-nio-8080-exec-10"      daemon [_thread_blocked, id=2232, stack(0x000000bdb1d00000,0x000000bdb1e00000) (1024K)]
  0x0000026da0257240 JavaThread "http-nio-8080-Poller"       daemon [_thread_in_native, id=20212, stack(0x000000bdb1e00000,0x000000bdb1f00000) (1024K)]
  0x0000026da02596d0 JavaThread "http-nio-8080-Acceptor"     daemon [_thread_in_native, id=12064, stack(0x000000bdb1f00000,0x000000bdb2000000) (1024K)]
  0x0000026d9e2d7c40 JavaThread "DestroyJavaVM"                     [_thread_blocked, id=24520, stack(0x000000bdaea00000,0x000000bdaeb00000) (1024K)]
Total: 31

Other Threads:
  0x0000026d57c4ad50 VMThread "VM Thread"                           [id=17704, stack(0x000000bdaf100000,0x000000bdaf200000) (1024K)]
  0x0000026d57c3fb20 WatcherThread "VM Periodic Task Thread"        [id=18692, stack(0x000000bdaf000000,0x000000bdaf100000) (1024K)]
  0x0000026d3aa919c0 WorkerThread "GC Thread#0"                     [id=12148, stack(0x000000bdaeb00000,0x000000bdaec00000) (1024K)]
  0x0000026d9de717a0 WorkerThread "GC Thread#1"                     [id=12268, stack(0x000000bdb0100000,0x000000bdb0200000) (1024K)]
  0x0000026d9ddc8790 WorkerThread "GC Thread#2"                     [id=21976, stack(0x000000bdb0200000,0x000000bdb0300000) (1024K)]
  0x0000026d9dddeed0 WorkerThread "GC Thread#3"                     [id=3168, stack(0x000000bdb0300000,0x000000bdb0400000) (1024K)]
  0x0000026d9ddf3820 WorkerThread "GC Thread#4"                     [id=13364, stack(0x000000bdb0400000,0x000000bdb0500000) (1024K)]
  0x0000026d9df7c860 WorkerThread "GC Thread#5"                     [id=8752, stack(0x000000bdb0500000,0x000000bdb0600000) (1024K)]
  0x0000026d9df7e230 WorkerThread "GC Thread#6"                     [id=14924, stack(0x000000bdb0600000,0x000000bdb0700000) (1024K)]
  0x0000026d9df7d370 WorkerThread "GC Thread#7"                     [id=16672, stack(0x000000bdb0700000,0x000000bdb0800000) (1024K)]
  0x0000026d9e8fd460 WorkerThread "GC Thread#8"                     [id=7868, stack(0x000000bdb0000000,0x000000bdb0100000) (1024K)]
  0x0000026d9e8fd0b0 WorkerThread "GC Thread#9"                     [id=20392, stack(0x000000bdb0800000,0x000000bdb0900000) (1024K)]
  0x0000026d3aaa6000 ConcurrentGCThread "G1 Main Marker"            [id=25068, stack(0x000000bdaec00000,0x000000bdaed00000) (1024K)]
  0x0000026d3aaa6a20 WorkerThread "G1 Conc#0"                       [id=7456, stack(0x000000bdaed00000,0x000000bdaee00000) (1024K)]
  0x0000026d9e8fabd0 WorkerThread "G1 Conc#1"                       [id=4488, stack(0x000000bdb0900000,0x000000bdb0a00000) (1024K)]
  0x0000026d9e8fa820 WorkerThread "G1 Conc#2"                       [id=3800, stack(0x000000bdb0a00000,0x000000bdb0b00000) (1024K)]
  0x0000026d57b0c1e0 ConcurrentGCThread "G1 Refine#0"               [id=25372, stack(0x000000bdaee00000,0x000000bdaef00000) (1024K)]
  0x0000026d57b0cb70 ConcurrentGCThread "G1 Service"                [id=21920, stack(0x000000bdaef00000,0x000000bdaf000000) (1024K)]
Total: 18

Threads with active compile tasks:
C2 CompilerThread0  2879401 13284       4       org.springframework.core.annotation.TypeMappedAnnotation::<init> (112 bytes)
Total: 1

VM state: not at safepoint (normal execution)

VM Mutex/Monitor currently owned by a thread: None

Heap address: 0x0000000084400000, size: 1980 MB, Compressed Oops mode: 32-bit

CDS archive(s) mapped at: [0x0000026d58000000-0x0000026d58d40000-0x0000026d58d40000), size 13893632, SharedBaseAddress: 0x0000026d58000000, ArchiveRelocationMode: 1.
Compressed class space mapped at: 0x0000026d59000000-0x0000026d99000000, reserved size: 1073741824
UseCompressedClassPointers 1, UseCompactObjectHeaders 0
Narrow klass pointer bits 32, Max shift 3
Narrow klass base: 0x0000026d58000000, Narrow klass shift: 0
Encoding Range: [0x0000026d58000000 - 0x0000026e58000000), (4294967296 bytes)
Klass Range:    [0x0000026d58000000 - 0x0000026d99000000), (1090519040 bytes)
Klass ID Range:  [8 - 1090519033) (1090519025)

GC Precious Log:
 CardTable entry size: 512
 Card Set container configuration: InlinePtr #cards 5 size 8 Array Of Cards #cards 10 size 36 Howl #buckets 4 coarsen threshold 1843 Howl Bitmap #cards 512 size 80 coarsen threshold 460 Card regions per heap region 1 cards per card region 2048
 CPUs: 12 total, 12 available
 Memory: 7914M
 Large Page Support: Disabled
 NUMA Support: Disabled
 Compressed Oops: Enabled (32-bit)
 Heap Region Size: 1M
 Heap Min Capacity: 8M
 Heap Initial Capacity: 124M
 Heap Max Capacity: 1980M
 Pre-touch: Disabled
 Parallel Workers: 10
 Concurrent Workers: 3
 Concurrent Refinement Workers: 10
 Periodic GC: Disabled

Heap:
 garbage-first heap   total reserved 2027520K, committed 64512K, used 37024K [0x0000000084400000, 0x0000000100000000)
  region size 1024K, 9 young (9216K), 1 survivors (1024K)
 Metaspace       used 74822K, committed 75456K, reserved 1179648K
  class space    used 8048K, committed 8320K, reserved 1048576K

Heap Regions: E=young(eden), S=young(survivor), O=old, HS=humongous(starts), HC=humongous(continues), CS=collection set, F=free, TAMS=top-at-mark-start, PB=parsable bottom
|   0|0x0000000084400000, 0x0000000084500000, 0x0000000084500000|100%|HS|  |TAMS 0x0000000084400000| PB 0x0000000084400000| Complete |  0
|   1|0x0000000084500000, 0x0000000084600000, 0x0000000084600000|100%|HS|  |TAMS 0x0000000084500000| PB 0x0000000084500000| Complete |  0
|   2|0x0000000084600000, 0x0000000084700000, 0x0000000084700000|100%| O|  |TAMS 0x0000000084600000| PB 0x0000000084600000| Untracked |  0
|   3|0x0000000084700000, 0x0000000084800000, 0x0000000084800000|100%| O|  |TAMS 0x0000000084700000| PB 0x0000000084700000| Untracked |  0
|   4|0x0000000084800000, 0x0000000084900000, 0x0000000084900000|100%| O|  |TAMS 0x0000000084800000| PB 0x0000000084800000| Untracked |  0
|   5|0x0000000084900000, 0x0000000084a00000, 0x0000000084a00000|100%| O|  |TAMS 0x0000000084900000| PB 0x0000000084900000| Untracked |  0
|   6|0x0000000084a00000, 0x0000000084b00000, 0x0000000084b00000|100%| O|  |TAMS 0x0000000084a00000| PB 0x0000000084a00000| Untracked |  0
|   7|0x0000000084b00000, 0x0000000084c00000, 0x0000000084c00000|100%| O|  |TAMS 0x0000000084b00000| PB 0x0000000084b00000| Untracked |  0
|   8|0x0000000084c00000, 0x0000000084d00000, 0x0000000084d00000|100%| O|  |TAMS 0x0000000084c00000| PB 0x0000000084c00000| Untracked |  0
|   9|0x0000000084d00000, 0x0000000084e00000, 0x0000000084e00000|100%| O|  |TAMS 0x0000000084d00000| PB 0x0000000084d00000| Untracked |  0
|  10|0x0000000084e00000, 0x0000000084f00000, 0x0000000084f00000|100%| O|  |TAMS 0x0000000084e00000| PB 0x0000000084e00000| Untracked |  0
|  11|0x0000000084f00000, 0x0000000085000000, 0x0000000085000000|100%| O|  |TAMS 0x0000000084f00000| PB 0x0000000084f00000| Untracked |  0
|  12|0x0000000085000000, 0x0000000085100000, 0x0000000085100000|100%| O|  |TAMS 0x0000000085000000| PB 0x0000000085000000| Untracked |  0
|  13|0x0000000085100000, 0x0000000085200000, 0x0000000085200000|100%| O|  |TAMS 0x0000000085100000| PB 0x0000000085100000| Untracked |  0
|  14|0x0000000085200000, 0x0000000085200000, 0x0000000085300000|  0%| F|  |TAMS 0x0000000085200000| PB 0x0000000085200000| Untracked |  0
|  15|0x0000000085300000, 0x0000000085400000, 0x0000000085400000|100%| O|Cm|TAMS 0x0000000085300000| PB 0x0000000085300000| Complete |  0
|  16|0x0000000085400000, 0x000000008546aa20, 0x0000000085500000| 41%| O|  |TAMS 0x0000000085400000| PB 0x0000000085400000| Untracked |  0
|  17|0x0000000085500000, 0x0000000085600000, 0x0000000085600000|100%| O|  |TAMS 0x0000000085500000| PB 0x0000000085500000| Untracked |  0
|  18|0x0000000085600000, 0x0000000085600000, 0x0000000085700000|  0%| F|  |TAMS 0x0000000085600000| PB 0x0000000085600000| Untracked |  0
|  19|0x0000000085700000, 0x0000000085800000, 0x0000000085800000|100%| O|  |TAMS 0x0000000085700000| PB 0x0000000085700000| Untracked |  0
|  20|0x0000000085800000, 0x0000000085800000, 0x0000000085900000|  0%| F|  |TAMS 0x0000000085800000| PB 0x0000000085800000| Untracked |  0
|  21|0x0000000085900000, 0x0000000085900000, 0x0000000085a00000|  0%| F|  |TAMS 0x0000000085900000| PB 0x0000000085900000| Untracked |  0
|  22|0x0000000085a00000, 0x0000000085b00000, 0x0000000085b00000|100%| O|  |TAMS 0x0000000085a00000| PB 0x0000000085a00000| Untracked |  0
|  23|0x0000000085b00000, 0x0000000085c00000, 0x0000000085c00000|100%| O|  |TAMS 0x0000000085b00000| PB 0x0000000085b00000| Untracked |  0
|  24|0x0000000085c00000, 0x0000000085c00000, 0x0000000085d00000|  0%| F|  |TAMS 0x0000000085c00000| PB 0x0000000085c00000| Untracked |  0
|  25|0x0000000085d00000, 0x0000000085e00000, 0x0000000085e00000|100%| O|  |TAMS 0x0000000085d00000| PB 0x0000000085d00000| Untracked |  0
|  26|0x0000000085e00000, 0x0000000085f00000, 0x0000000085f00000|100%| O|  |TAMS 0x0000000085e00000| PB 0x0000000085e00000| Untracked |  0
|  27|0x0000000085f00000, 0x0000000086000000, 0x0000000086000000|100%| O|  |TAMS 0x0000000085f00000| PB 0x0000000085f00000| Untracked |  0
|  28|0x0000000086000000, 0x0000000086100000, 0x0000000086100000|100%| O|Cm|TAMS 0x0000000086000000| PB 0x0000000086000000| Complete |  0
|  29|0x0000000086100000, 0x0000000086200000, 0x0000000086200000|100%| O|  |TAMS 0x0000000086100000| PB 0x0000000086100000| Untracked |  0
|  30|0x0000000086200000, 0x00000000862bd828, 0x0000000086300000| 74%| S|CS|TAMS 0x0000000086200000| PB 0x0000000086200000| Complete |  0
|  31|0x0000000086300000, 0x0000000086300000, 0x0000000086400000|  0%| F|  |TAMS 0x0000000086300000| PB 0x0000000086300000| Untracked |  0
|  32|0x0000000086400000, 0x0000000086400000, 0x0000000086500000|  0%| F|  |TAMS 0x0000000086400000| PB 0x0000000086400000| Untracked |  0
|  33|0x0000000086500000, 0x0000000086500000, 0x0000000086600000|  0%| F|  |TAMS 0x0000000086500000| PB 0x0000000086500000| Untracked |  0
|  34|0x0000000086600000, 0x0000000086600000, 0x0000000086700000|  0%| F|  |TAMS 0x0000000086600000| PB 0x0000000086600000| Untracked |  0
|  35|0x0000000086700000, 0x0000000086700000, 0x0000000086800000|  0%| F|  |TAMS 0x0000000086700000| PB 0x0000000086700000| Untracked |  0
|  36|0x0000000086800000, 0x0000000086800000, 0x0000000086900000|  0%| F|  |TAMS 0x0000000086800000| PB 0x0000000086800000| Untracked |  0
|  37|0x0000000086900000, 0x0000000086900000, 0x0000000086a00000|  0%| F|  |TAMS 0x0000000086900000| PB 0x0000000086900000| Untracked |  0
|  38|0x0000000086a00000, 0x0000000086a00000, 0x0000000086b00000|  0%| F|  |TAMS 0x0000000086a00000| PB 0x0000000086a00000| Untracked |  0
|  39|0x0000000086b00000, 0x0000000086b00000, 0x0000000086c00000|  0%| F|  |TAMS 0x0000000086b00000| PB 0x0000000086b00000| Untracked |  0
|  40|0x0000000086c00000, 0x0000000086c00000, 0x0000000086d00000|  0%| F|  |TAMS 0x0000000086c00000| PB 0x0000000086c00000| Untracked |  0
|  41|0x0000000086d00000, 0x0000000086d00000, 0x0000000086e00000|  0%| F|  |TAMS 0x0000000086d00000| PB 0x0000000086d00000| Untracked |  0
|  42|0x0000000086e00000, 0x0000000086e00000, 0x0000000086f00000|  0%| F|  |TAMS 0x0000000086e00000| PB 0x0000000086e00000| Untracked |  0
|  43|0x0000000086f00000, 0x0000000086f00000, 0x0000000087000000|  0%| F|  |TAMS 0x0000000086f00000| PB 0x0000000086f00000| Untracked |  0
|  44|0x0000000087000000, 0x0000000087000000, 0x0000000087100000|  0%| F|  |TAMS 0x0000000087000000| PB 0x0000000087000000| Untracked |  0
|  45|0x0000000087100000, 0x0000000087100000, 0x0000000087200000|  0%| F|  |TAMS 0x0000000087100000| PB 0x0000000087100000| Untracked |  0
|  46|0x0000000087200000, 0x0000000087200000, 0x0000000087300000|  0%| F|  |TAMS 0x0000000087200000| PB 0x0000000087200000| Untracked |  0
|  47|0x0000000087300000, 0x0000000087300000, 0x0000000087400000|  0%| F|  |TAMS 0x0000000087300000| PB 0x0000000087300000| Untracked |  0
|  48|0x0000000087400000, 0x0000000087400000, 0x0000000087500000|  0%| F|  |TAMS 0x0000000087400000| PB 0x0000000087400000| Untracked |  0
|  49|0x0000000087500000, 0x0000000087500000, 0x0000000087600000|  0%| F|  |TAMS 0x0000000087500000| PB 0x0000000087500000| Untracked |  0
|  70|0x0000000088a00000, 0x0000000088a00000, 0x0000000088b00000|  0%| F|  |TAMS 0x0000000088a00000| PB 0x0000000088a00000| Untracked |  0
|  77|0x0000000089100000, 0x00000000891712d8, 0x0000000089200000| 44%| E|  |TAMS 0x0000000089100000| PB 0x0000000089100000| Complete |  0
|  78|0x0000000089200000, 0x0000000089300000, 0x0000000089300000|100%| E|CS|TAMS 0x0000000089200000| PB 0x0000000089200000| Complete |  0
|  79|0x0000000089300000, 0x0000000089400000, 0x0000000089400000|100%| E|CS|TAMS 0x0000000089300000| PB 0x0000000089300000| Complete |  0
|  80|0x0000000089400000, 0x0000000089500000, 0x0000000089500000|100%| E|CS|TAMS 0x0000000089400000| PB 0x0000000089400000| Complete |  0
| 123|0x000000008bf00000, 0x000000008c000000, 0x000000008c000000|100%| E|CS|TAMS 0x000000008bf00000| PB 0x000000008bf00000| Complete |  0
|1973|0x00000000ff900000, 0x00000000ffa00000, 0x00000000ffa00000|100%| E|CS|TAMS 0x00000000ff900000| PB 0x00000000ff900000| Complete |  0
|1974|0x00000000ffa00000, 0x00000000ffb00000, 0x00000000ffb00000|100%| O|  |TAMS 0x00000000ffa00000| PB 0x00000000ffa00000| Untracked |  0
|1975|0x00000000ffb00000, 0x00000000ffc00000, 0x00000000ffc00000|100%| O|  |TAMS 0x00000000ffb00000| PB 0x00000000ffb00000| Untracked |  0
|1976|0x00000000ffc00000, 0x00000000ffd00000, 0x00000000ffd00000|100%| E|CS|TAMS 0x00000000ffc00000| PB 0x00000000ffc00000| Complete |  0
|1977|0x00000000ffd00000, 0x00000000ffe00000, 0x00000000ffe00000|100%| O|  |TAMS 0x00000000ffd00000| PB 0x00000000ffd00000| Untracked |  0
|1978|0x00000000ffe00000, 0x00000000fff00000, 0x00000000fff00000|100%| O|  |TAMS 0x00000000ffe00000| PB 0x00000000ffe00000| Untracked |  0
|1979|0x00000000fff00000, 0x0000000100000000, 0x0000000100000000|100%| E|CS|TAMS 0x00000000fff00000| PB 0x00000000fff00000| Complete |  0

Card table byte_map: [0x0000026d52d20000,0x0000026d53100000] _byte_map_base: 0x0000026d528fe000

Marking Bits: (CMBitMap*) 0x0000026d3aa91fe0
 Bits: [0x0000026d53100000, 0x0000026d54ff0000)

Polling page: 0x0000026d38900000

Metaspace:

Usage:
  Non-class:     65.21 MB used.
      Class:      7.86 MB used.
       Both:     73.07 MB used.

Virtual space:
  Non-class space:      128.00 MB reserved,      65.56 MB ( 51%) committed,  2 nodes.
      Class space:        1.00 GB reserved,       8.12 MB ( <1%) committed,  1 nodes.
             Both:        1.12 GB reserved,      73.69 MB (  6%) committed. 

Chunk freelists:
   Non-Class:  13.96 MB
       Class:  7.97 MB
        Both:  21.93 MB

MaxMetaspaceSize: unlimited
CompressedClassSpaceSize: 1.00 GB
Initial GC threshold: 21.00 MB
Current GC threshold: 122.81 MB
CDS: on
 - commit_granule_bytes: 65536.
 - commit_granule_words: 8192.
 - virtual_space_node_default_size: 8388608.
 - enlarge_chunks_in_place: 1.
UseCompressedClassPointers 1, UseCompactObjectHeaders 0
Narrow klass pointer bits 32, Max shift 3
Narrow klass base: 0x0000026d58000000, Narrow klass shift: 0
Encoding Range: [0x0000026d58000000 - 0x0000026e58000000), (4294967296 bytes)
Klass Range:    [0x0000026d58000000 - 0x0000026d99000000), (1090519040 bytes)
Klass ID Range:  [8 - 1090519033) (1090519025)


Internal statistics:

num_allocs_failed_limit: 9.
num_arena_births: 828.
num_arena_deaths: 194.
num_vsnodes_births: 3.
num_vsnodes_deaths: 0.
num_space_committed: 1179.
num_space_uncommitted: 0.
num_chunks_returned_to_freelist: 222.
num_chunks_taken_from_freelist: 3638.
num_chunk_merges: 51.
num_chunk_splits: 2578.
num_chunks_enlarged: 2075.
num_inconsistent_stats: 0.

CodeHeap 'non-profiled nmethods': size=120064Kb used=5019Kb max_used=5567Kb free=115044Kb
 bounds [0x0000026d4ad90000, 0x0000026d4b310000, 0x0000026d522d0000]
CodeHeap 'profiled nmethods': size=120000Kb used=9707Kb max_used=18577Kb free=110292Kb
 bounds [0x0000026d432d0000, 0x0000026d44500000, 0x0000026d4a800000]
CodeHeap 'non-nmethods': size=5696Kb used=1747Kb max_used=1944Kb free=3948Kb
 bounds [0x0000026d4a800000, 0x0000026d4aa70000, 0x0000026d4ad90000]
CodeCache: size=245760Kb, used=16473Kb, max_used=26088Kb, free=229284Kb
 total_blobs=6309, nmethods=5582, adapters=630, full_count=0
Compilation: enabled, stopped_count=0, restarted_count=0

Compilation events (20 events):
Event: 2879.154 Thread 0x0000026d57c644d0 nmethod 13274 0x0000026d4afc9d08 code [0x0000026d4afc9ea0, 0x0000026d4afca2e8]
Event: 2879.156 Thread 0x0000026d57c644d0 13275       4       org.hibernate.sql.results.internal.InitializersList$Builder::build (125 bytes)
Event: 2879.161 Thread 0x0000026d57c644d0 nmethod 13275 0x0000026d4ade0488 code [0x0000026d4ade05e0, 0x0000026d4ade1058]
Event: 2879.161 Thread 0x0000026d57c644d0 13276       4       org.hibernate.sql.results.jdbc.internal.StandardJdbcValuesMapping::resolveAssemblers (67 bytes)
Event: 2879.170 Thread 0x0000026d57c644d0 nmethod 13276 0x0000026d4af59008 code [0x0000026d4af59200, 0x0000026d4af5a300]
Event: 2879.228 Thread 0x0000026d57c644d0 13277       4       org.springframework.web.servlet.HandlerExecutionChain::applyPreHandle (68 bytes)
Event: 2879.231 Thread 0x0000026d57c644d0 nmethod 13277 0x0000026d4afa2208 code [0x0000026d4afa2360, 0x0000026d4afa26d0]
Event: 2879.240 Thread 0x0000026d57c644d0 13278       4       org.hibernate.sql.ast.spi.SimpleFromClauseAccessImpl::findTableGroupForGetOrCreate (159 bytes)
Event: 2879.243 Thread 0x0000026d57c644d0 nmethod 13278 0x0000026d4afa5e08 code [0x0000026d4afa5f60, 0x0000026d4afa62d8]
Event: 2879.249 Thread 0x0000026d57c644d0 13279       4       org.hibernate.query.sqm.sql.BaseSqmToSqlAstConverter::registerEntityNameUsage (23 bytes)
Event: 2879.250 Thread 0x0000026d57c644d0 nmethod 13279 0x0000026d4aeaf708 code [0x0000026d4aeaf820, 0x0000026d4aeaf908]
Event: 2879.253 Thread 0x0000026d57c644d0 13280       4       org.hibernate.engine.spi.LoadQueryInfluencers::getEnabledFilters (53 bytes)
Event: 2879.253 Thread 0x0000026d57c644d0 nmethod 13280 0x0000026d4aeb4688 code [0x0000026d4aeb4780, 0x0000026d4aeb4820]
Event: 2879.260 Thread 0x0000026d57c644d0 13281   !   4       org.springframework.web.servlet.HandlerExecutionChain::triggerAfterCompletion (65 bytes)
Event: 2879.262 Thread 0x0000026d57c644d0 nmethod 13281 0x0000026d4afb3d88 code [0x0000026d4afb3ec0, 0x0000026d4afb4210]
Event: 2879.267 Thread 0x0000026d57c644d0 13282       4       org.apache.catalina.core.ApplicationFilterChain::release (49 bytes)
Event: 2879.269 Thread 0x0000026d57c644d0 nmethod 13282 0x0000026d4afc4108 code [0x0000026d4afc4200, 0x0000026d4afc4418]
Event: 2879.293 Thread 0x0000026d57c644d0 13283       4       org.springframework.web.servlet.HandlerExecutionChain::applyPostHandle (55 bytes)
Event: 2879.296 Thread 0x0000026d57c644d0 nmethod 13283 0x0000026d4afb6708 code [0x0000026d4afb6840, 0x0000026d4afb6b88]
Event: 2879.306 Thread 0x0000026d57c644d0 13284       4       org.springframework.core.annotation.TypeMappedAnnotation::<init> (112 bytes)

GC Heap History (20 events):
Event: 2859.782 GC heap before
{Heap before GC invocations=30 (full 0):
 garbage-first heap   total reserved 2027520K, committed 64512K, used 57685K [0x0000000084400000, 0x0000000100000000)
  region size 1024K, 28 young (28672K), 2 survivors (2048K)
 Metaspace       used 74824K, committed 75392K, reserved 1179648K
  class space    used 8051K, committed 8320K, reserved 1048576K
}
Event: 2859.784 GC heap after
{Heap after GC invocations=31 (full 0):
 garbage-first heap   total reserved 2027520K, committed 64512K, used 31028K [0x0000000084400000, 0x0000000100000000)
  region size 1024K, 2 young (2048K), 2 survivors (2048K)
 Metaspace       used 74824K, committed 75392K, reserved 1179648K
  class space    used 8051K, committed 8320K, reserved 1048576K
}
Event: 2861.391 GC heap before
{Heap before GC invocations=32 (full 0):
 garbage-first heap   total reserved 2027520K, committed 64512K, used 57652K [0x0000000084400000, 0x0000000100000000)
  region size 1024K, 28 young (28672K), 2 survivors (2048K)
 Metaspace       used 74824K, committed 75392K, reserved 1179648K
  class space    used 8051K, committed 8320K, reserved 1048576K
}
Event: 2861.393 GC heap after
{Heap after GC invocations=33 (full 0):
 garbage-first heap   total reserved 2027520K, committed 64512K, used 31154K [0x0000000084400000, 0x0000000100000000)
  region size 1024K, 2 young (2048K), 2 survivors (2048K)
 Metaspace       used 74824K, committed 75392K, reserved 1179648K
  class space    used 8051K, committed 8320K, reserved 1048576K
}
Event: 2863.331 GC heap before
{Heap before GC invocations=33 (full 0):
 garbage-first heap   total reserved 2027520K, committed 64512K, used 57778K [0x0000000084400000, 0x0000000100000000)
  region size 1024K, 28 young (28672K), 2 survivors (2048K)
 Metaspace       used 74826K, committed 75392K, reserved 1179648K
  class space    used 8052K, committed 8320K, reserved 1048576K
}
Event: 2863.336 GC heap after
{Heap after GC invocations=34 (full 0):
 garbage-first heap   total reserved 2027520K, committed 64512K, used 30554K [0x0000000084400000, 0x0000000100000000)
  region size 1024K, 2 young (2048K), 2 survivors (2048K)
 Metaspace       used 74826K, committed 75392K, reserved 1179648K
  class space    used 8052K, committed 8320K, reserved 1048576K
}
Event: 2865.139 GC heap before
{Heap before GC invocations=34 (full 0):
 garbage-first heap   total reserved 2027520K, committed 64512K, used 57178K [0x0000000084400000, 0x0000000100000000)
  region size 1024K, 28 young (28672K), 2 survivors (2048K)
 Metaspace       used 74828K, committed 75392K, reserved 1179648K
  class space    used 8052K, committed 8320K, reserved 1048576K
}
Event: 2865.140 GC heap after
{Heap after GC invocations=35 (full 0):
 garbage-first heap   total reserved 2027520K, committed 64512K, used 30433K [0x0000000084400000, 0x0000000100000000)
  region size 1024K, 2 young (2048K), 2 survivors (2048K)
 Metaspace       used 74828K, committed 75392K, reserved 1179648K
  class space    used 8052K, committed 8320K, reserved 1048576K
}
Event: 2866.933 GC heap before
{Heap before GC invocations=36 (full 0):
 garbage-first heap   total reserved 2027520K, committed 64512K, used 57057K [0x0000000084400000, 0x0000000100000000)
  region size 1024K, 28 young (28672K), 2 survivors (2048K)
 Metaspace       used 74828K, committed 75392K, reserved 1179648K
  class space    used 8052K, committed 8320K, reserved 1048576K
}
Event: 2866.936 GC heap after
{Heap after GC invocations=37 (full 0):
 garbage-first heap   total reserved 2027520K, committed 64512K, used 30617K [0x0000000084400000, 0x0000000100000000)
  region size 1024K, 2 young (2048K), 2 survivors (2048K)
 Metaspace       used 74828K, committed 75392K, reserved 1179648K
  class space    used 8052K, committed 8320K, reserved 1048576K
}
Event: 2868.338 GC heap before
{Heap before GC invocations=37 (full 0):
 garbage-first heap   total reserved 2027520K, committed 64512K, used 57241K [0x0000000084400000, 0x0000000100000000)
  region size 1024K, 28 young (28672K), 2 survivors (2048K)
 Metaspace       used 74828K, committed 75392K, reserved 1179648K
  class space    used 8052K, committed 8320K, reserved 1048576K
}
Event: 2868.342 GC heap after
{Heap after GC invocations=38 (full 0):
 garbage-first heap   total reserved 2027520K, committed 64512K, used 30079K [0x0000000084400000, 0x0000000100000000)
  region size 1024K, 1 young (1024K), 1 survivors (1024K)
 Metaspace       used 74828K, committed 75392K, reserved 1179648K
  class space    used 8052K, committed 8320K, reserved 1048576K
}
Event: 2870.820 GC heap before
{Heap before GC invocations=38 (full 0):
 garbage-first heap   total reserved 2027520K, committed 64512K, used 58751K [0x0000000084400000, 0x0000000100000000)
  region size 1024K, 29 young (29696K), 1 survivors (1024K)
 Metaspace       used 74828K, committed 75456K, reserved 1179648K
  class space    used 8052K, committed 8320K, reserved 1048576K
}
Event: 2870.822 GC heap after
{Heap after GC invocations=39 (full 0):
 garbage-first heap   total reserved 2027520K, committed 64512K, used 30229K [0x0000000084400000, 0x0000000100000000)
  region size 1024K, 1 young (1024K), 1 survivors (1024K)
 Metaspace       used 74828K, committed 75456K, reserved 1179648K
  class space    used 8052K, committed 8320K, reserved 1048576K
}
Event: 2873.267 GC heap before
{Heap before GC invocations=40 (full 0):
 garbage-first heap   total reserved 2027520K, committed 64512K, used 58901K [0x0000000084400000, 0x0000000100000000)
  region size 1024K, 29 young (29696K), 1 survivors (1024K)
 Metaspace       used 74816K, committed 75456K, reserved 1179648K
  class space    used 8048K, committed 8320K, reserved 1048576K
}
Event: 2873.269 GC heap after
{Heap after GC invocations=41 (full 0):
 garbage-first heap   total reserved 2027520K, committed 64512K, used 30254K [0x0000000084400000, 0x0000000100000000)
  region size 1024K, 1 young (1024K), 1 survivors (1024K)
 Metaspace       used 74816K, committed 75456K, reserved 1179648K
  class space    used 8048K, committed 8320K, reserved 1048576K
}
Event: 2875.344 GC heap before
{Heap before GC invocations=41 (full 0):
 garbage-first heap   total reserved 2027520K, committed 64512K, used 58926K [0x0000000084400000, 0x0000000100000000)
  region size 1024K, 29 young (29696K), 1 survivors (1024K)
 Metaspace       used 74816K, committed 75456K, reserved 1179648K
  class space    used 8048K, committed 8320K, reserved 1048576K
}
Event: 2875.348 GC heap after
{Heap after GC invocations=42 (full 0):
 garbage-first heap   total reserved 2027520K, committed 64512K, used 29770K [0x0000000084400000, 0x0000000100000000)
  region size 1024K, 1 young (1024K), 1 survivors (1024K)
 Metaspace       used 74816K, committed 75456K, reserved 1179648K
  class space    used 8048K, committed 8320K, reserved 1048576K
}
Event: 2879.037 GC heap before
{Heap before GC invocations=42 (full 0):
 garbage-first heap   total reserved 2027520K, committed 64512K, used 58442K [0x0000000084400000, 0x0000000100000000)
  region size 1024K, 29 young (29696K), 1 survivors (1024K)
 Metaspace       used 74821K, committed 75456K, reserved 1179648K
  class space    used 8048K, committed 8320K, reserved 1048576K
}
Event: 2879.039 GC heap after
{Heap after GC invocations=43 (full 0):
 garbage-first heap   total reserved 2027520K, committed 64512K, used 29856K [0x0000000084400000, 0x0000000100000000)
  region size 1024K, 1 young (1024K), 1 survivors (1024K)
 Metaspace       used 74821K, committed 75456K, reserved 1179648K
  class space    used 8048K, committed 8320K, reserved 1048576K
}

Dll operation events (14 events):
Event: 0.012 Loaded shared library C:\Program Files\Java\jdk-24\bin\java.dll
Event: 0.048 Loaded shared library C:\Program Files\Java\jdk-24\bin\jsvml.dll
Event: 0.176 Loaded shared library C:\Program Files\Java\jdk-24\bin\zip.dll
Event: 0.179 Loaded shared library C:\Program Files\Java\jdk-24\bin\instrument.dll
Event: 0.182 Loaded shared library C:\Program Files\Java\jdk-24\bin\net.dll
Event: 0.184 Loaded shared library C:\Program Files\Java\jdk-24\bin\nio.dll
Event: 0.188 Loaded shared library C:\Program Files\Java\jdk-24\bin\zip.dll
Event: 0.343 Loaded shared library C:\Program Files\JetBrains\IntelliJ IDEA Community Edition 2024.3.3\bin\breakgen64.dll
Event: 0.354 Loaded shared library C:\Program Files\Java\jdk-24\bin\extnet.dll
Event: 0.388 Loaded shared library C:\Program Files\Java\jdk-24\bin\jimage.dll
Event: 0.707 Loaded shared library C:\Program Files\Java\jdk-24\bin\management.dll
Event: 0.709 Loaded shared library C:\Program Files\Java\jdk-24\bin\management_ext.dll
Event: 1.558 Loaded shared library C:\Program Files\Java\jdk-24\bin\sunmscapi.dll
Event: 3.134 Loaded shared library C:\Program Files\Java\jdk-24\bin\verify.dll

Deoptimization events (20 events):
Event: 2870.106 Thread 0x0000026da0258f80 Uncommon trap: trap_request=0xffffffbe fr.pc=0x0000026d4af96f2c relative=0x0000000000000cac
Event: 2870.106 Thread 0x0000026da0258f80 Uncommon trap: reason=profile_predicate action=maybe_recompile pc=0x0000026d4af96f2c method=java.util.AbstractSet.hashCode()I @ 13 c2
Event: 2870.106 Thread 0x0000026da0258f80 DEOPT PACKING pc=0x0000026d4af96f2c sp=0x000000bdb1afc9c0
Event: 2870.106 Thread 0x0000026da0258f80 DEOPT UNPACKING pc=0x0000026d4a928a82 sp=0x000000bdb1afc960 mode 2
Event: 2870.108 Thread 0x0000026da0258830 Uncommon trap: trap_request=0xffffffbe fr.pc=0x0000026d4af96f2c relative=0x0000000000000cac
Event: 2870.108 Thread 0x0000026da0258830 Uncommon trap: reason=profile_predicate action=maybe_recompile pc=0x0000026d4af96f2c method=java.util.AbstractSet.hashCode()I @ 13 c2
Event: 2870.108 Thread 0x0000026da0258830 DEOPT PACKING pc=0x0000026d4af96f2c sp=0x000000bdb1bfca20
Event: 2870.108 Thread 0x0000026da0258830 DEOPT UNPACKING pc=0x0000026d4a928a82 sp=0x000000bdb1bfc9c0 mode 2
Event: 2870.110 Thread 0x0000026da0257990 Uncommon trap: trap_request=0xffffffbe fr.pc=0x0000026d4af96f2c relative=0x0000000000000cac
Event: 2870.110 Thread 0x0000026da0257990 Uncommon trap: reason=profile_predicate action=maybe_recompile pc=0x0000026d4af96f2c method=java.util.AbstractSet.hashCode()I @ 13 c2
Event: 2870.110 Thread 0x0000026da0257990 DEOPT PACKING pc=0x0000026d4af96f2c sp=0x000000bdb16fd090
Event: 2870.110 Thread 0x0000026da0257990 DEOPT UNPACKING pc=0x0000026d4a928a82 sp=0x000000bdb16fd030 mode 2
Event: 2873.225 Thread 0x0000026da02580e0 Uncommon trap: trap_request=0xffffffde fr.pc=0x0000026d4add2470 relative=0x0000000000000ad0
Event: 2873.225 Thread 0x0000026da02580e0 Uncommon trap: reason=class_check action=maybe_recompile pc=0x0000026d4add2470 method=com.fasterxml.jackson.databind.util.internal.PrivateMaxEntriesMap.drainOnReadIfNeeded(IJ)V @ 35 c2
Event: 2873.225 Thread 0x0000026da02580e0 DEOPT PACKING pc=0x0000026d4add2470 sp=0x000000bdb17fc5f0
Event: 2873.225 Thread 0x0000026da02580e0 DEOPT UNPACKING pc=0x0000026d4a928a82 sp=0x000000bdb17fc3b0 mode 2
Event: 2877.630 Thread 0x0000026da0257990 Uncommon trap: trap_request=0xffffff4d fr.pc=0x0000026d4ae3b7fc relative=0x000000000000077c
Event: 2877.630 Thread 0x0000026da0257990 Uncommon trap: reason=unstable_if action=reinterpret pc=0x0000026d4ae3b7fc method=java.util.concurrent.ConcurrentHashMap.replaceNode(Ljava/lang/Object;Ljava/lang/Object;Ljava/lang/Object;)Ljava/lang/Object; @ 99 c2
Event: 2877.630 Thread 0x0000026da0257990 DEOPT PACKING pc=0x0000026d4ae3b7fc sp=0x000000bdb16ff300
Event: 2877.630 Thread 0x0000026da0257990 DEOPT UNPACKING pc=0x0000026d4a928a82 sp=0x000000bdb16ff278 mode 2

Classes loaded (20 events):
Event: 25.117 Loading class java/util/function/LongSupplier
Event: 25.117 Loading class java/util/function/LongSupplier done
Event: 25.134 Loading class java/util/OptionalInt
Event: 25.134 Loading class java/util/OptionalInt done
Event: 25.134 Loading class java/util/OptionalLong
Event: 25.135 Loading class java/util/OptionalLong done
Event: 25.135 Loading class java/util/OptionalDouble
Event: 25.135 Loading class java/util/OptionalDouble done
Event: 25.164 Loading class java/util/stream/LongStream
Event: 25.164 Loading class java/util/stream/LongStream done
Event: 25.165 Loading class java/util/stream/DoubleStream
Event: 25.165 Loading class java/util/stream/DoubleStream done
Event: 25.188 Loading class org/w3c/dom/Node
Event: 25.189 Loading class org/w3c/dom/Node done
Event: 25.189 Loading class org/w3c/dom/Document
Event: 25.189 Loading class org/w3c/dom/Document done
Event: 30.730 Loading class jdk/internal/math/FormattedFPDecimal
Event: 30.731 Loading class jdk/internal/math/FormattedFPDecimal done
Event: 2859.264 Loading class sun/util/locale/LocaleExtensions
Event: 2859.269 Loading class sun/util/locale/LocaleExtensions done

Classes unloaded (20 events):
Event: 2852.989 Thread 0x0000026d57c4ad50 Unloading class 0x0000026d590b0000 'java/lang/invoke/LambdaForm$MH+0x0000026d590b0000'
Event: 2852.989 Thread 0x0000026d57c4ad50 Unloading class 0x0000026d590acc00 'java/lang/invoke/LambdaForm$MH+0x0000026d590acc00'
Event: 2852.989 Thread 0x0000026d57c4ad50 Unloading class 0x0000026d5909c000 'java/lang/invoke/LambdaForm$DMH+0x0000026d5909c000'
Event: 2852.989 Thread 0x0000026d57c4ad50 Unloading class 0x0000026d59039400 'java/lang/invoke/LambdaForm$MH+0x0000026d59039400'
Event: 2852.989 Thread 0x0000026d57c4ad50 Unloading class 0x0000026d59039000 'java/lang/invoke/LambdaForm$MH+0x0000026d59039000'
Event: 2852.989 Thread 0x0000026d57c4ad50 Unloading class 0x0000026d59038400 'java/lang/invoke/LambdaForm$MH+0x0000026d59038400'
Event: 2852.989 Thread 0x0000026d57c4ad50 Unloading class 0x0000026d59030c00 'java/lang/invoke/LambdaForm$MH+0x0000026d59030c00'
Event: 2852.989 Thread 0x0000026d57c4ad50 Unloading class 0x0000026d59010c00 'java/lang/invoke/LambdaForm$BMH+0x0000026d59010c00'
Event: 2852.989 Thread 0x0000026d57c4ad50 Unloading class 0x0000026d59002400 'java/lang/invoke/LambdaForm$MH+0x0000026d59002400'
Event: 2852.989 Thread 0x0000026d57c4ad50 Unloading class 0x0000026d59002000 'java/lang/invoke/LambdaForm$MH+0x0000026d59002000'
Event: 2852.989 Thread 0x0000026d57c4ad50 Unloading class 0x0000026d59001c00 'java/lang/invoke/LambdaForm$MH+0x0000026d59001c00'
Event: 2852.990 Thread 0x0000026d57c4ad50 Unloading class 0x0000026d59001400 'java/lang/invoke/LambdaForm$MH+0x0000026d59001400'
Event: 2870.832 Thread 0x0000026d57c4ad50 Unloading class 0x0000026d59812000 'java/lang/invoke/LambdaForm$MH+0x0000026d59812000'
Event: 2870.832 Thread 0x0000026d57c4ad50 Unloading class 0x0000026d59811c00 'java/lang/invoke/LambdaForm$MH+0x0000026d59811c00'
Event: 2870.832 Thread 0x0000026d57c4ad50 Unloading class 0x0000026d59811800 'java/lang/invoke/LambdaForm$MH+0x0000026d59811800'
Event: 2870.832 Thread 0x0000026d57c4ad50 Unloading class 0x0000026d59811400 'java/lang/invoke/LambdaForm$BMH+0x0000026d59811400'
Event: 2870.832 Thread 0x0000026d57c4ad50 Unloading class 0x0000026d59811000 'java/lang/invoke/LambdaForm$BMH+0x0000026d59811000'
Event: 2870.832 Thread 0x0000026d57c4ad50 Unloading class 0x0000026d59810c00 'java/lang/invoke/LambdaForm$DMH+0x0000026d59810c00'
Event: 2870.832 Thread 0x0000026d57c4ad50 Unloading class 0x0000026d59810400 'java/lang/invoke/LambdaForm$DMH+0x0000026d59810400'
Event: 2870.832 Thread 0x0000026d57c4ad50 Unloading class 0x0000026d597f0000 'java/lang/invoke/LambdaForm$MH+0x0000026d597f0000'

Classes redefined (0 events):
No events

Internal exceptions (20 events):
Event: 24.786 Thread 0x0000026da025acc0 Exception <a 'java/lang/NoSuchMethodError'{0x00000000874641e0}: 'java.lang.Object java.lang.invoke.DirectMethodHandle$Holder.invokeSpecial(java.lang.Object, java.lang.Object, java.lang.Object, java.lang.Object, java.lang.Object, java.lang.Object, long)'> (0x00000000874641e0) 
thrown [s\open\src\hotspot\share\interpreter\linkResolver.cpp, line 805]
Event: 24.786 Thread 0x0000026da025acc0 Exception <a 'java/lang/NoSuchMethodError'{0x000000008746c7a0}: 'java.lang.Object java.lang.invoke.DelegatingMethodHandle$Holder.reinvoke_L(java.lang.Object, java.lang.Object, java.lang.Object, java.lang.Object, java.lang.Object, long)'> (0x000000008746c7a0) 
thrown [s\open\src\hotspot\share\interpreter\linkResolver.cpp, line 805]
Event: 24.786 Thread 0x0000026da025acc0 Exception <a 'java/lang/NoSuchMethodError'{0x000000008747cae0}: 'java.lang.Object java.lang.invoke.Invokers$Holder.linkToTargetMethod(java.lang.Object, java.lang.Object, java.lang.Object, long, java.lang.Object)'> (0x000000008747cae0) 
thrown [s\open\src\hotspot\share\interpreter\linkResolver.cpp, line 805]
Event: 24.909 Thread 0x0000026da025acc0 Exception <a 'java/lang/NoSuchMethodError'{0x00000000871cbc68}: 'java.lang.Object java.lang.invoke.DirectMethodHandle$Holder.invokeVirtual(java.lang.Object, java.lang.Object, int, java.lang.Object)'> (0x00000000871cbc68) 
thrown [s\open\src\hotspot\share\interpreter\linkResolver.cpp, line 805]
Event: 24.909 Thread 0x0000026da025c2b0 Exception <a 'java/lang/NoSuchMethodError'{0x0000000087048268}: 'java.lang.Object java.lang.invoke.DirectMethodHandle$Holder.invokeVirtual(java.lang.Object, java.lang.Object, int, java.lang.Object)'> (0x0000000087048268) 
thrown [s\open\src\hotspot\share\interpreter\linkResolver.cpp, line 805]
Event: 24.945 Thread 0x0000026da025acc0 Exception <a 'java/lang/NoSuchMethodError'{0x0000000086e6bc68}: 'java.lang.Object java.lang.invoke.DirectMethodHandle$Holder.invokeInterface(java.lang.Object, java.lang.Object, java.lang.Object, java.lang.Object)'> (0x0000000086e6bc68) 
thrown [s\open\src\hotspot\share\interpreter\linkResolver.cpp, line 805]
Event: 24.960 Thread 0x0000026da025acc0 Exception <a 'java/lang/IncompatibleClassChangeError'{0x0000000086d773b0}: Found class java.lang.Object, but interface was expected> (0x0000000086d773b0) 
thrown [s\open\src\hotspot\share\interpreter\linkResolver.cpp, line 872]
Event: 25.002 Thread 0x0000026da025c2b0 Exception <a 'java/lang/NoSuchMethodError'{0x0000000086be6ca8}: 'void java.lang.invoke.DirectMethodHandle$Holder.invokeSpecialIFC(java.lang.Object, java.lang.Object, int, java.lang.Object, java.lang.Object, java.lang.Object, java.lang.Object)'> (0x0000000086be6ca8) 
thrown [s\open\src\hotspot\share\interpreter\linkResolver.cpp, line 805]
Event: 25.073 Thread 0x0000026da025c2b0 Exception <a 'java/lang/IncompatibleClassChangeError'{0x00000000869ea908}: Found class java.lang.Object, but interface was expected> (0x00000000869ea908) 
thrown [s\open\src\hotspot\share\interpreter\linkResolver.cpp, line 872]
Event: 25.073 Thread 0x0000026da025acc0 Exception <a 'java/lang/IncompatibleClassChangeError'{0x00000000869c0b10}: Found class java.lang.Object, but interface was expected> (0x00000000869c0b10) 
thrown [s\open\src\hotspot\share\interpreter\linkResolver.cpp, line 872]
Event: 25.095 Thread 0x0000026da025c2b0 Exception <a 'java/lang/NoSuchMethodError'{0x00000000fff14df8}: 'void java.lang.invoke.Invokers$Holder.invokeExact_MT(java.lang.Object, java.lang.Object, int, java.lang.Object)'> (0x00000000fff14df8) 
thrown [s\open\src\hotspot\share\interpreter\linkResolver.cpp, line 805]
Event: 25.095 Thread 0x0000026da025acc0 Exception <a 'java/lang/NoSuchMethodError'{0x00000000fff3b2d8}: 'void java.lang.invoke.Invokers$Holder.invokeExact_MT(java.lang.Object, java.lang.Object, int, java.lang.Object)'> (0x00000000fff3b2d8) 
thrown [s\open\src\hotspot\share\interpreter\linkResolver.cpp, line 805]
Event: 25.115 Thread 0x0000026da025c2b0 Exception <a 'java/lang/IncompatibleClassChangeError'{0x00000000fff94a88}: Found class java.lang.Object, but interface was expected> (0x00000000fff94a88) 
thrown [s\open\src\hotspot\share\interpreter\linkResolver.cpp, line 872]
Event: 25.201 Thread 0x0000026da025acc0 Exception <a 'java/lang/NoSuchMethodError'{0x00000000893aac48}: 'double java.lang.invoke.DirectMethodHandle$Holder.invokeVirtual(java.lang.Object, java.lang.Object)'> (0x00000000893aac48) 
thrown [s\open\src\hotspot\share\interpreter\linkResolver.cpp, line 805]
Event: 25.201 Thread 0x0000026da025c2b0 Exception <a 'java/lang/NoSuchMethodError'{0x0000000089361458}: 'double java.lang.invoke.DirectMethodHandle$Holder.invokeVirtual(java.lang.Object, java.lang.Object)'> (0x0000000089361458) 
thrown [s\open\src\hotspot\share\interpreter\linkResolver.cpp, line 805]
Event: 25.202 Thread 0x0000026da025acc0 Exception <a 'java/lang/NoSuchMethodError'{0x00000000893bb1b0}: 'double java.lang.invoke.DelegatingMethodHandle$Holder.reinvoke_L(java.lang.Object, java.lang.Object)'> (0x00000000893bb1b0) 
thrown [s\open\src\hotspot\share\interpreter\linkResolver.cpp, line 805]
Event: 25.202 Thread 0x0000026da025c2b0 Exception <a 'java/lang/NoSuchMethodError'{0x00000000893d4740}: 'double java.lang.invoke.DelegatingMethodHandle$Holder.reinvoke_L(java.lang.Object, java.lang.Object)'> (0x00000000893d4740) 
thrown [s\open\src\hotspot\share\interpreter\linkResolver.cpp, line 805]
Event: 40.174 Thread 0x0000026da025acc0 Exception <a 'java/io/IOException'{0x000000008bfac1c8}> (0x000000008bfac1c8) 
thrown [s\open\src\hotspot\share\prims\jni.cpp, line 518]
Event: 2856.677 Thread 0x0000026da0255c50 Implicit null exception at 0x0000026d4b04535c to 0x0000026d4b0468ac
Event: 2861.304 Thread 0x0000026da0258830 Implicit null exception at 0x0000026d4af29d84 to 0x0000026d4af2a438

VM Operations (20 events):
Event: 2866.933 Executing VM operation: G1CollectForAllocation (G1 Evacuation Pause)
Event: 2866.936 Executing VM operation: G1CollectForAllocation (G1 Evacuation Pause) done
Event: 2868.338 Executing VM operation: G1CollectForAllocation (G1 Evacuation Pause)
Event: 2868.342 Executing VM operation: G1CollectForAllocation (G1 Evacuation Pause) done
Event: 2870.820 Executing VM operation: G1CollectForAllocation (G1 Evacuation Pause)
Event: 2870.822 Executing VM operation: G1CollectForAllocation (G1 Evacuation Pause) done
Event: 2870.832 Executing VM operation: G1PauseRemark
Event: 2870.841 Executing VM operation: G1PauseRemark done
Event: 2870.846 Executing VM operation: G1PauseCleanup
Event: 2870.846 Executing VM operation: G1PauseCleanup done
Event: 2873.267 Executing VM operation: G1CollectForAllocation (G1 Evacuation Pause)
Event: 2873.270 Executing VM operation: G1CollectForAllocation (G1 Evacuation Pause) done
Event: 2875.344 Executing VM operation: G1CollectForAllocation (G1 Evacuation Pause)
Event: 2875.348 Executing VM operation: G1CollectForAllocation (G1 Evacuation Pause) done
Event: 2879.037 Executing VM operation: G1CollectForAllocation (G1 Evacuation Pause)
Event: 2879.039 Executing VM operation: G1CollectForAllocation (G1 Evacuation Pause) done
Event: 2879.049 Executing VM operation: G1PauseRemark
Event: 2879.052 Executing VM operation: G1PauseRemark done
Event: 2879.057 Executing VM operation: G1PauseCleanup
Event: 2879.057 Executing VM operation: G1PauseCleanup done

Memory protections (0 events):
No events

Nmethod flushes (20 events):
Event: 2879.052 Thread 0x0000026d57c4ad50 flushing  nmethod 0x0000026d440ac688
Event: 2879.052 Thread 0x0000026d57c4ad50 flushing  nmethod 0x0000026d4434b788
Event: 2879.052 Thread 0x0000026d57c4ad50 flushing  nmethod 0x0000026d4afc4108
Event: 2879.052 Thread 0x0000026d57c4ad50 flushing  nmethod 0x0000026d43724508
Event: 2879.052 Thread 0x0000026d57c4ad50 flushing  nmethod 0x0000026d43d3ce88
Event: 2879.052 Thread 0x0000026d57c4ad50 flushing  nmethod 0x0000026d43d3e708
Event: 2879.052 Thread 0x0000026d57c4ad50 flushing  nmethod 0x0000026d43d5e808
Event: 2879.052 Thread 0x0000026d57c4ad50 flushing  nmethod 0x0000026d43e14a08
Event: 2879.052 Thread 0x0000026d57c4ad50 flushing  nmethod 0x0000026d43e19d08
Event: 2879.052 Thread 0x0000026d57c4ad50 flushing  nmethod 0x0000026d43ed7188
Event: 2879.052 Thread 0x0000026d57c4ad50 flushing  nmethod 0x0000026d43ed8088
Event: 2879.052 Thread 0x0000026d57c4ad50 flushing  nmethod 0x0000026d43ee8808
Event: 2879.052 Thread 0x0000026d57c4ad50 flushing  nmethod 0x0000026d43fe2988
Event: 2879.052 Thread 0x0000026d57c4ad50 flushing  nmethod 0x0000026d43fe3688
Event: 2879.052 Thread 0x0000026d57c4ad50 flushing  nmethod 0x0000026d43fe5808
Event: 2879.052 Thread 0x0000026d57c4ad50 flushing  nmethod 0x0000026d43fe8508
Event: 2879.052 Thread 0x0000026d57c4ad50 flushing  nmethod 0x0000026d43fe8888
Event: 2879.052 Thread 0x0000026d57c4ad50 flushing  nmethod 0x0000026d43fe9a08
Event: 2879.052 Thread 0x0000026d57c4ad50 flushing  nmethod 0x0000026d43fea808
Event: 2879.052 Thread 0x0000026d57c4ad50 flushing  nmethod 0x0000026d43feda08

Events (20 events):
Event: 30.097 Thread 0x0000026da2000c10 Thread exited: 0x0000026da2000c10
Event: 30.434 Thread 0x0000026da025b410 Thread exited: 0x0000026da025b410
Event: 39.673 Thread 0x0000026d57c7c710 Thread added: 0x0000026d9ef031e0
Event: 39.980 Thread 0x0000026d9ef031e0 Thread exited: 0x0000026d9ef031e0
Event: 1759.468 Thread 0x0000026d9e2da820 Thread added: 0x0000026da003eff0
Event: 1759.478 Thread 0x0000026da003eff0 Thread added: 0x0000026da003da00
Event: 1770.315 Thread 0x0000026da003eff0 Thread exited: 0x0000026da003eff0
Event: 1770.377 Thread 0x0000026da003da00 Thread exited: 0x0000026da003da00
Event: 1772.279 Thread 0x0000026d9e2da820 Thread added: 0x0000026da00431c0
Event: 1772.280 Thread 0x0000026da00431c0 Thread added: 0x0000026da003eff0
Event: 1779.648 Thread 0x0000026da00431c0 Thread exited: 0x0000026da00431c0
Event: 1779.832 Thread 0x0000026da003eff0 Thread exited: 0x0000026da003eff0
Event: 1780.002 Thread 0x0000026d9e2da820 Thread added: 0x0000026da0044060
Event: 1780.002 Thread 0x0000026da0044060 Thread added: 0x0000026da00431c0
Event: 1785.017 Thread 0x0000026da0044060 Thread exited: 0x0000026da0044060
Event: 1785.078 Thread 0x0000026da00431c0 Thread exited: 0x0000026da00431c0
Event: 1791.298 Thread 0x0000026d9e2da820 Thread added: 0x0000026da00431c0
Event: 1791.299 Thread 0x0000026da00431c0 Thread added: 0x0000026da003e8a0
Event: 1802.754 Thread 0x0000026da00431c0 Thread exited: 0x0000026da00431c0
Event: 1802.816 Thread 0x0000026da003e8a0 Thread exited: 0x0000026da003e8a0


Dynamic libraries:
0x00007ff773f00000 - 0x00007ff773f10000 	C:\Program Files\Java\jdk-24\bin\java.exe
0x00007ffaf14d0000 - 0x00007ffaf16e7000 	C:\Windows\SYSTEM32\ntdll.dll
0x00007ffaef2c0000 - 0x00007ffaef384000 	C:\Windows\System32\KERNEL32.DLL
0x00007ffaee690000 - 0x00007ffaeea63000 	C:\Windows\System32\KERNELBASE.dll
0x00007ffaeec60000 - 0x00007ffaeed71000 	C:\Windows\System32\ucrtbase.dll
0x00007ffad4b50000 - 0x00007ffad4b6b000 	C:\Program Files\Java\jdk-24\bin\VCRUNTIME140.dll
0x00007ffad4b70000 - 0x00007ffad4b86000 	C:\Program Files\Java\jdk-24\bin\jli.dll
0x00007ffaf0b20000 - 0x00007ffaf0cd1000 	C:\Windows\System32\USER32.dll
0x00007ffaee5c0000 - 0x00007ffaee5e6000 	C:\Windows\System32\win32u.dll
0x00007ffacff90000 - 0x00007ffad022b000 	C:\Windows\WinSxS\amd64_microsoft.windows.common-controls_6595b64144ccf1df_6.0.22621.5262_none_2712bde373830908\COMCTL32.dll
0x00007ffaf0af0000 - 0x00007ffaf0b19000 	C:\Windows\System32\GDI32.dll
0x00007ffaf0830000 - 0x00007ffaf08d7000 	C:\Windows\System32\msvcrt.dll
0x00007ffaeed80000 - 0x00007ffaeeea2000 	C:\Windows\System32\gdi32full.dll
0x00007ffaee5f0000 - 0x00007ffaee68a000 	C:\Windows\System32\msvcp_win.dll
0x00007ffaefee0000 - 0x00007ffaeff11000 	C:\Windows\System32\IMM32.DLL
0x00007ffadd740000 - 0x00007ffadd74c000 	C:\Program Files\Java\jdk-24\bin\vcruntime140_1.dll
0x00007ffab97b0000 - 0x00007ffab983e000 	C:\Program Files\Java\jdk-24\bin\msvcp140.dll
0x00007ffa3eae0000 - 0x00007ffa3f882000 	C:\Program Files\Java\jdk-24\bin\server\jvm.dll
0x00007ffaeff90000 - 0x00007ffaf0041000 	C:\Windows\System32\ADVAPI32.dll
0x00007ffaf0a40000 - 0x00007ffaf0ae7000 	C:\Windows\System32\sechost.dll
0x00007ffaeec30000 - 0x00007ffaeec58000 	C:\Windows\System32\bcrypt.dll
0x00007ffaf1370000 - 0x00007ffaf1484000 	C:\Windows\System32\RPCRT4.dll
0x00007ffaf0e40000 - 0x00007ffaf0eb1000 	C:\Windows\System32\WS2_32.dll
0x00007ffaed440000 - 0x00007ffaed48d000 	C:\Windows\SYSTEM32\POWRPROF.dll
0x00007ffae7da0000 - 0x00007ffae7daa000 	C:\Windows\SYSTEM32\VERSION.dll
0x00007ffae6810000 - 0x00007ffae6844000 	C:\Windows\SYSTEM32\WINMM.dll
0x00007ffaed400000 - 0x00007ffaed413000 	C:\Windows\SYSTEM32\UMPDC.dll
0x00007ffaed6c0000 - 0x00007ffaed6d8000 	C:\Windows\SYSTEM32\kernel.appcore.dll
0x00007ffadd5d0000 - 0x00007ffadd5da000 	C:\Program Files\Java\jdk-24\bin\jimage.dll
0x00007ffaeba70000 - 0x00007ffaebca2000 	C:\Windows\SYSTEM32\DBGHELP.DLL
0x00007ffaf0050000 - 0x00007ffaf03e3000 	C:\Windows\System32\combase.dll
0x00007ffaf0ce0000 - 0x00007ffaf0db7000 	C:\Windows\System32\OLEAUT32.dll
0x00007ffae3d70000 - 0x00007ffae3da2000 	C:\Windows\SYSTEM32\dbgcore.DLL
0x00007ffaeef70000 - 0x00007ffaeefeb000 	C:\Windows\System32\bcryptPrimitives.dll
0x00007ffadd2a0000 - 0x00007ffadd2af000 	C:\Program Files\Java\jdk-24\bin\instrument.dll
0x00007ffad3c00000 - 0x00007ffad3c1e000 	C:\Program Files\Java\jdk-24\bin\java.dll
0x00007ffaf03f0000 - 0x00007ffaf0591000 	C:\Windows\System32\ole32.dll
0x00007ffaef3b0000 - 0x00007ffaefc4d000 	C:\Windows\System32\SHELL32.dll
0x00007ffaeea70000 - 0x00007ffaeebaf000 	C:\Windows\System32\wintypes.dll
0x00007ffaec4c0000 - 0x00007ffaecddd000 	C:\Windows\SYSTEM32\windows.storage.dll
0x00007ffaf06b0000 - 0x00007ffaf07bb000 	C:\Windows\System32\SHCORE.dll
0x00007ffaef1c0000 - 0x00007ffaef226000 	C:\Windows\System32\shlwapi.dll
0x00007ffaee4f0000 - 0x00007ffaee51b000 	C:\Windows\SYSTEM32\profapi.dll
0x00007ffa949e0000 - 0x00007ffa94ab7000 	C:\Program Files\Java\jdk-24\bin\jsvml.dll
0x00007fface320000 - 0x00007fface337000 	C:\Program Files\Java\jdk-24\bin\zip.dll
0x00007ffadd350000 - 0x00007ffadd360000 	C:\Program Files\Java\jdk-24\bin\net.dll
0x00007ffaedb70000 - 0x00007ffaedbda000 	C:\Windows\system32\mswsock.dll
0x00007ffad3be0000 - 0x00007ffad3bf6000 	C:\Program Files\Java\jdk-24\bin\nio.dll
0x00007ffac71a0000 - 0x00007ffac71ba000 	C:\Program Files\JetBrains\IntelliJ IDEA Community Edition 2024.3.3\bin\breakgen64.dll
0x00007ffad5e40000 - 0x00007ffad5e49000 	C:\Program Files\Java\jdk-24\bin\extnet.dll
0x00007ffad5340000 - 0x00007ffad534a000 	C:\Program Files\Java\jdk-24\bin\management.dll
0x00007ffad4580000 - 0x00007ffad458b000 	C:\Program Files\Java\jdk-24\bin\management_ext.dll
0x00007ffaefc50000 - 0x00007ffaefc58000 	C:\Windows\System32\PSAPI.DLL
0x00007ffad66f0000 - 0x00007ffad66fe000 	C:\Program Files\Java\jdk-24\bin\sunmscapi.dll
0x00007ffaeeff0000 - 0x00007ffaef157000 	C:\Windows\System32\CRYPT32.dll
0x00007ffaedf60000 - 0x00007ffaedf8d000 	C:\Windows\SYSTEM32\ncrypt.dll
0x00007ffaedf20000 - 0x00007ffaedf57000 	C:\Windows\SYSTEM32\NTASN1.dll
0x00007ffaeddc0000 - 0x00007ffaedddb000 	C:\Windows\SYSTEM32\CRYPTSP.dll
0x00007ffaed620000 - 0x00007ffaed657000 	C:\Windows\system32\rsaenh.dll
0x00007ffaedc60000 - 0x00007ffaedc88000 	C:\Windows\SYSTEM32\USERENV.dll
0x00007ffaedde0000 - 0x00007ffaeddec000 	C:\Windows\SYSTEM32\CRYPTBASE.dll
0x00007ffaed0f0000 - 0x00007ffaed11d000 	C:\Windows\SYSTEM32\IPHLPAPI.DLL
0x00007ffaeff80000 - 0x00007ffaeff89000 	C:\Windows\System32\NSI.dll
0x00007ffad4550000 - 0x00007ffad4560000 	C:\Program Files\Java\jdk-24\bin\verify.dll
0x00007ffaed120000 - 0x00007ffaed218000 	C:\Windows\SYSTEM32\DNSAPI.dll
0x00007ffae7d70000 - 0x00007ffae7d7a000 	C:\Windows\System32\rasadhlp.dll
0x00007ffae7490000 - 0x00007ffae7513000 	C:\Windows\System32\fwpuclnt.dll
0x00007ffabb550000 - 0x00007ffabb558000 	C:\Windows\system32\wshunix.dll

dbghelp: loaded successfully - version: 4.0.5 - missing functions: none
symbol engine: initialized successfully - sym options: 0x614 - pdb path: .;C:\Program Files\Java\jdk-24\bin;C:\Windows\SYSTEM32;C:\Windows\WinSxS\amd64_microsoft.windows.common-controls_6595b64144ccf1df_6.0.22621.5262_none_2712bde373830908;C:\Program Files\Java\jdk-24\bin\server;C:\Program Files\JetBrains\IntelliJ IDEA Community Edition 2024.3.3\bin

VM Arguments:
jvm_args: --enable-preview -javaagent:C:\Program Files\JetBrains\IntelliJ IDEA Community Edition 2024.3.3\lib\idea_rt.jar=55697:C:\Program Files\JetBrains\IntelliJ IDEA Community Edition 2024.3.3\bin -Dfile.encoding=UTF-8 -Dsun.stdout.encoding=UTF-8 -Dsun.stderr.encoding=UTF-8 
java_command: com.senko.SenkoFavourite.SenkoFavouriteApplication
java_class_path (initial): G:\nodejsPro\website\backend\SenkoFavourite\target\classes;C:\Users\PC\.m2\repository\org\springframework\boot\spring-boot-starter-data-jpa\3.4.5\spring-boot-starter-data-jpa-3.4.5.jar;C:\Users\PC\.m2\repository\org\springframework\boot\spring-boot-starter\3.4.5\spring-boot-starter-3.4.5.jar;C:\Users\PC\.m2\repository\org\springframework\boot\spring-boot-starter-logging\3.4.5\spring-boot-starter-logging-3.4.5.jar;C:\Users\PC\.m2\repository\ch\qos\logback\logback-classic\1.5.18\logback-classic-1.5.18.jar;C:\Users\PC\.m2\repository\ch\qos\logback\logback-core\1.5.18\logback-core-1.5.18.jar;C:\Users\PC\.m2\repository\org\apache\logging\log4j\log4j-to-slf4j\2.24.3\log4j-to-slf4j-2.24.3.jar;C:\Users\PC\.m2\repository\org\apache\logging\log4j\log4j-api\2.24.3\log4j-api-2.24.3.jar;C:\Users\PC\.m2\repository\org\slf4j\jul-to-slf4j\2.0.17\jul-to-slf4j-2.0.17.jar;C:\Users\PC\.m2\repository\jakarta\annotation\jakarta.annotation-api\2.1.1\jakarta.annotation-api-2.1.1.jar;C:\Users\PC\.m2\repository\org\yaml\snakeyaml\2.3\snakeyaml-2.3.jar;C:\Users\PC\.m2\repository\org\springframework\boot\spring-boot-starter-jdbc\3.4.5\spring-boot-starter-jdbc-3.4.5.jar;C:\Users\PC\.m2\repository\com\zaxxer\HikariCP\5.1.0\HikariCP-5.1.0.jar;C:\Users\PC\.m2\repository\org\springframework\spring-jdbc\6.2.6\spring-jdbc-6.2.6.jar;C:\Users\PC\.m2\repository\org\hibernate\orm\hibernate-core\6.6.13.Final\hibernate-core-6.6.13.Final.jar;C:\Users\PC\.m2\repository\jakarta\persistence\jakarta.persistence-api\3.1.0\jakarta.persistence-api-3.1.0.jar;C:\Users\PC\.m2\repository\jakarta\transaction\jakarta.transaction-api\2.0.1\jakarta.transaction-api-2.0.1.jar;C:\Users\PC\.m2\repository\org\jboss\logging\jboss-logging\3.6.1.Final\jboss-logging-3.6.1.Final.jar;C:\Users\PC\.m2\repository\org\hibernate\common\hibernate-commons-annotations\7.0.3.Final\hibernate-commons-annotations-7.0.3.Final.jar;C:\Users\PC\.m2\repository\io\smallrye\jandex\3.2.0\jandex-3.2.0.jar;C:\Users\PC\.m2\repository\com\fasterxml\classmate\1.7.0\classmate-1.7.0.jar;C:\Users\PC\.m2\repository\net\bytebuddy\byte-buddy\1.15.11\byte-buddy-1.15.11.jar;C:\Users\PC\.m2\repository\org\glassfish\jaxb\jaxb-runtime\4.0.5\jaxb-runtime-4.0.5.jar;C:\Users\PC\.m2\repository\org\glassfish\jaxb\jaxb-core\4.0.5\jaxb-core-4.0.5.jar;C:\Users\PC\.m2\repository\org\eclipse\angus\angus-activation\2.0.2\angus-activation-2.0.2.jar;C:\Users\PC\.m2\repository\org\glassfish\jaxb\txw2\4.0.5\txw2-4.0.5.jar;C:\Users\PC\.m2\repository\com\sun\istack\istack-commons-runtime\4.1.2\istack-commons-runtime-4.1.2.jar;C:\Users\PC\.m2\repository\jakarta\inject\jakarta.inject-api\2.0.1\jakarta.inject-api-2.0.1.jar;C:\Users\PC\.m2\repository\org\antlr\antlr4-runtime\4.13.0\antlr4-runtime-4.13.0.jar;C:\Users\PC\.m2\repository\org\springframework\data\spring-data-jpa\3.4.5\spring-data-jpa-3.4.5.jar;C:\Users\PC\.m2\repository\org\springframework\data\spring-data-commons\3.4.5\spring-data-commons-3.4.5.jar;C:\Users\PC\.m2\repository\org\springframework\spring-orm\6.2.6\spring-orm-6.2.6.jar;C:\Users\PC\.m2\repository\org\springframework\spring-context\6.2.6\spring-context-6.2.6.jar;C:\Users\PC\.m2\repository\org\springframework\spring-aop\6.2.6\spring-aop-6.2.6.jar;C:\Users\PC\.m2\repository\org\springframework\spring-tx\6.2.6\spring-tx-6.2.6.jar;C:\Users\PC\.m2\repository\org\springframework\spring-beans\6.2.6\spring-beans-6.2.6.jar;C:\Users\PC\.m2\repository\org\slf4j\slf4j-api\2.0.17\slf4j-api-2.0.17.jar;C:\Users\PC\.m2\repository\org\springframework\spring-aspects\6.2.6\spring-aspects-6.2.6.jar;C:\Users\PC\.m2\repository\org\aspectj\aspectjweaver\1.9.24\aspectjweaver-1.9.24.jar;C:\Users\PC\.m2\repository\org\springframework\boot\spring-boot-starter-web\3.4.5\spring-boot-starter-web-3.4.5.jar;C:\Users\PC\.m2\repository\org\springframework\boot\spring-boot-starter-json\3.4.5\spring-boot-starter-json-3.4.5.jar;C:\Users\PC\.m2\repository\com\fasterxml\jackson\core\jackson-databind\2.18.3\jackson-databind-2.18.3.jar;C:\Users\PC\.m2\repository\com\fasterxml\jackson\core\jackson-annotations\2.18.3\jackson-annotations-2.18.3.jar;C:\Users\PC\.m2\repository\com\fasterxml\jackson\core\jackson-core\2.18.3\jackson-core-2.18.3.jar;C:\Users\PC\.m2\repository\com\fasterxml\jackson\datatype\jackson-datatype-jdk8\2.18.3\jackson-datatype-jdk8-2.18.3.jar;C:\Users\PC\.m2\repository\com\fasterxml\jackson\datatype\jackson-datatype-jsr310\2.18.3\jackson-datatype-jsr310-2.18.3.jar;C:\Users\PC\.m2\repository\com\fasterxml\jackson\module\jackson-module-parameter-names\2.18.3\jackson-module-parameter-names-2.18.3.jar;C:\Users\PC\.m2\repository\org\springframework\boot\spring-boot-starter-tomcat\3.4.5\spring-boot-starter-tomcat-3.4.5.jar;C:\Users\PC\.m2\repository\org\apache\tomcat\embed\tomcat-embed-core\10.1.40\tomcat-embed-core-10.1.40.jar;C:\Users\PC\.m2\repository\org\apache\tomcat\embed\tomcat-embed-el\10.1.40\tomcat-embed-el-10.1.40.jar;C:\Users\PC\.m2\repository\org\apache\tomcat\embed\tomcat-embed-websocket\10.1.40\tomcat-embed-websocket-10.1.40.jar;C:\Users\PC\.m2\repository\org\springframework\spring-web\6.2.6\spring-web-6.2.6.jar;C:\Users\PC\.m2\repository\io\micrometer\micrometer-observation\1.14.6\micrometer-observation-1.14.6.jar;C:\Users\PC\.m2\repository\io\micrometer\micrometer-commons\1.14.6\micrometer-commons-1.14.6.jar;C:\Users\PC\.m2\repository\org\springframework\spring-webmvc\6.2.6\spring-webmvc-6.2.6.jar;C:\Users\PC\.m2\repository\org\springframework\spring-expression\6.2.6\spring-expression-6.2.6.jar;C:\Users\PC\.m2\repository\org\springframework\boot\spring-boot-devtools\3.4.5\spring-boot-devtools-3.4.5.jar;C:\Users\PC\.m2\repository\org\springframework\boot\spring-boot\3.4.5\spring-boot-3.4.5.jar;C:\Users\PC\.m2\repository\org\springframework\boot\spring-boot-autoconfigure\3.4.5\spring-boot-autoconfigure-3.4.5.jar;C:\Users\PC\.m2\repository\org\postgresql\postgresql\42.7.5\postgresql-42.7.5.jar;C:\Users\PC\.m2\repository\org\checkerframework\checker-qual\3.48.3\checker-qual-3.48.3.jar;C:\Users\PC\.m2\repository\org\projectlombok\lombok\1.18.38\lombok-1.18.38.jar;C:\Users\PC\.m2\repository\jakarta\xml\bind\jakarta.xml.bind-api\4.0.2\jakarta.xml.bind-api-4.0.2.jar;C:\Users\PC\.m2\repository\jakarta\activation\jakarta.activation-api\2.1.3\jakarta.activation-api-2.1.3.jar;C:\Users\PC\.m2\repository\org\springframework\spring-core\6.2.6\spring-core-6.2.6.jar;C:\Users\PC\.m2\repository\org\springframework\spring-jcl\6.2.6\spring-jcl-6.2.6.jar;C:\Users\PC\.m2\repository\org\mapstruct\mapstruct\1.6.3\mapstruct-1.6.3.jar
Launcher Type: SUN_STANDARD

[Global flags]
     intx CICompilerCount                          = 4                                         {product} {ergonomic}
     uint ConcGCThreads                            = 3                                         {product} {ergonomic}
     uint G1ConcRefinementThreads                  = 10                                        {product} {ergonomic}
   size_t G1HeapRegionSize                         = 1048576                                   {product} {ergonomic}
   size_t InitialHeapSize                          = 130023424                                 {product} {ergonomic}
   size_t MarkStackSize                            = 4194304                                   {product} {ergonomic}
   size_t MarkStackSizeMax                         = 536870912                                 {product} {ergonomic}
   size_t MaxHeapSize                              = 2076180480                                {product} {ergonomic}
   size_t MaxNewSize                               = 1245708288                                {product} {ergonomic}
   size_t MinHeapDeltaBytes                        = 1048576                                   {product} {ergonomic}
   size_t MinHeapSize                              = 8388608                                   {product} {ergonomic}
    uintx NonNMethodCodeHeapSize                   = 5832704                                {pd product} {ergonomic}
    uintx NonProfiledCodeHeapSize                  = 122945536                              {pd product} {ergonomic}
    uintx ProfiledCodeHeapSize                     = 122880000                              {pd product} {ergonomic}
    uintx ReservedCodeCacheSize                    = 251658240                              {pd product} {ergonomic}
     bool SegmentedCodeCache                       = true                                      {product} {ergonomic}
   size_t SoftMaxHeapSize                          = 2076180480                             {manageable} {ergonomic}
     bool UseCompressedOops                        = true                           {product lp64_product} {ergonomic}
     bool UseG1GC                                  = true                                      {product} {ergonomic}
     bool UseLargePagesIndividualAllocation        = false                                  {pd product} {ergonomic}

Logging:
Log output configuration:
 #0: stdout all=warning uptime,level,tags foldmultilines=false
 #1: stderr all=off uptime,level,tags foldmultilines=false

Environment Variables:
PATH=G:\WINDOWS.X64_193000_db_home\bin;C:\Program Files\Common Files\Oracle\Java\javapath;C:\Program Files (x86)\Common Files\Oracle\Java\javapath;C:\Windows\system32;C:\Windows;C:\Windows\System32\Wbem;C:\Windows\System32\WindowsPowerShell\v1.0\;C:\Windows\System32\OpenSSH\;C:\Program Files (x86)\NVIDIA Corporation\PhysX\Common;C:\Program Files\NVIDIA Corporation\NVIDIA NvDLISR;C:\Program Files\Microsoft SQL Server\130\Tools\Binn\;C:\Program Files\dotnet\;C:\Program Files (x86)\Windows Kits\10\Windows Performance Toolkit\;C:\Program Files\Git\cmd;C:\Program Files (x86)\Microsoft SQL Server\160\DTS\Binn\;C:\Program Files (x86)\Microsoft SQL Server\160\Tools\Binn\;C:\Program Files\Microsoft SQL Server\160\Tools\Binn\;C:\Program Files\Microsoft SQL Server\Client SDK\ODBC\170\Tools\Binn\;C:\Program Files\Microsoft SQL Server\160\DTS\Binn\;C:\ProgramData\chocolatey\bin;C:\ProgramData\chocolatey\lib\maven\apache-maven-3.9.9\bin;C:\Program Files\Java\jdk-24;C:\Program Files\Java\jdk-23\bin;C:\Program Files (x86)\WiX Toolset v3.14\bin;G:\nodejs\;G:\PostgreSQL\17\bin;C:\Users\PC\AppData\Local\Programs\Python\Python312\Scripts\;C:\Users\PC\AppData\Local\Programs\Python\Python312\;C:\Users\PC\AppData\Local\Programs\Python\Launcher\;C:\Users\PC\AppData\Local\Microsoft\WindowsApps;C:\Users\PC\.dotnet\tools;C:\Users\PC\AppData\Local\GitHubDesktop\bin;C:\Users\PC\AppData\Local\Programs\Microsoft VS Code\bin;C:\Program Files\Multipass\bin;C:\Users\PC\AppData\Roaming\Python\Scripts;C:\Program Files\Java\jdk-24\bin;C:\Users\PC\AppData\Roaming\npm
USERNAME=PC
OS=Windows_NT
PROCESSOR_IDENTIFIER=Intel64 Family 6 Model 141 Stepping 1, GenuineIntel
TMP=C:\Users\PC\AppData\Local\Temp
TEMP=C:\Users\PC\AppData\Local\Temp




Periodic native trim disabled

---------------  S Y S T E M  ---------------

OS:
 Windows 11 , 64 bit Build 22621 (10.0.22621.5262)
OS uptime: 0 days 23:20 hours
Hyper-V role detected

CPU: total 12 (initial active 12) (6 cores per cpu, 2 threads per core) family 6 model 141 stepping 1 microcode 0x50, cx8, cmov, fxsr, ht, mmx, 3dnowpref, sse, sse2, sse3, ssse3, sse4.1, sse4.2, popcnt, lzcnt, tsc, tscinvbit, avx, avx2, aes, erms, clmul, bmi1, bmi2, adx, avx512f, avx512dq, avx512cd, avx512bw, avx512vl, sha, fma, vzeroupper, avx512_vpopcntdq, avx512_vpclmulqdq, avx512_vaes, avx512_vnni, clflush, clflushopt, clwb, avx512_vbmi2, avx512_vbmi, hv, rdtscp, rdpid, fsrm, gfni, avx512_bitalg, f16c, cet_ibt, cet_ss, avx512_ifma
Processor Information for the first 12 processors :
  Max Mhz: 2688, Current Mhz: 2688, Mhz Limit: 2688

Memory: 4k page, system-wide physical 7914M (221M free)
TotalPageFile size 32490M (AvailPageFile size 0M)
current process WorkingSet (physical memory assigned to process): 219M, peak: 263M
current process commit charge ("private bytes"): 293M, peak: 337M

vm_info: Java HotSpot(TM) 64-Bit Server VM (24+36-3646) for windows-amd64 JRE (24+36-3646), built on 2025-02-06T00:20:43Z with MS VC++ 17.6 (VS2022)

END.
