#
# There is insufficient memory for the Java Runtime Environment to continue.
# Native memory allocation (malloc) failed to allocate 32744 bytes. Error detail: Chunk::new
# Possible reasons:
#   The system is out of physical RAM or swap space
#   This process is running with CompressedOops enabled, and the Java Heap may be blocking the growth of the native heap
# Possible solutions:
#   Reduce memory load on the system
#   Increase physical memory or swap space
#   Check if swap backing store is full
#   Decrease Java heap size (-Xmx/-Xms)
#   Decrease number of Java threads
#   Decrease Java thread stack sizes (-Xss)
#   Set larger code cache with -XX:ReservedCodeCacheSize=
#   JVM is running with Unscaled Compressed Oops mode in which the Java heap is
#     placed in the first 4GB address space. The Java Heap base address is the
#     maximum limit for the native heap growth. Please use -XX:HeapBaseMinAddress
#     to set the Java Heap base and to place the Java Heap above 4GB virtual address.
# This output file may be truncated or incomplete.
#
#  Out of Memory Error (arena.cpp:162), pid=21028, tid=9140
#
# JRE version: Java(TM) SE Runtime Environment (24.0+36) (build 24+36-3646)
# Java VM: Java HotSpot(TM) 64-Bit Server VM (24+36-3646, mixed mode, sharing, tiered, compressed oops, compressed class ptrs, g1 gc, windows-amd64)
# No core dump will be written. Minidumps are not enabled by default on client versions of Windows
#

---------------  S U M M A R Y ------------

Command Line: --enable-preview -javaagent:C:\Program Files\JetBrains\IntelliJ IDEA Community Edition 2024.3.3\lib\idea_rt.jar=54573:C:\Program Files\JetBrains\IntelliJ IDEA Community Edition 2024.3.3\bin -Dfile.encoding=UTF-8 -Dsun.stdout.encoding=UTF-8 -Dsun.stderr.encoding=UTF-8 com.senko.SenkoFavourite.SenkoFavouriteApplication

Host: 11th Gen Intel(R) Core(TM) i5-11400H @ 2.70GHz, 12 cores, 7G,  Windows 11 , 64 bit Build 22621 (10.0.22621.5262)
Time: Thu May 15 13:36:48 2025 SE Asia Standard Time elapsed time: 81.729687 seconds (0d 0h 1m 21s)

---------------  T H R E A D  ---------------

Current thread (0x000001d641330aa0):  JavaThread "C2 CompilerThread0" daemon [_thread_in_native, id=9140, stack(0x000000470b000000,0x000000470b100000) (1024K)]


Current CompileTask:
C2:81729 13409       4       org.springframework.web.servlet.handler.AbstractHandlerMethodMapping::lookupHandlerMethod (344 bytes)

Stack: [0x000000470b000000,0x000000470b100000]
Native frames: (J=compiled Java code, j=interpreted, Vv=VM code, C=native code)
V  [jvm.dll+0x7308c9]  (no source info available)
V  [jvm.dll+0x8d9ca3]  (no source info available)
V  [jvm.dll+0x8dc13d]  (no source info available)
V  [jvm.dll+0x8dc7b3]  (no source info available)
V  [jvm.dll+0x2aa046]  (no source info available)
V  [jvm.dll+0xced8f]  (no source info available)
V  [jvm.dll+0xcefef]  (no source info available)
V  [jvm.dll+0x3d7e46]  (no source info available)
V  [jvm.dll+0x1ed8f1]  (no source info available)
V  [jvm.dll+0x31f3ff]  (no source info available)
V  [jvm.dll+0x74a05b]  (no source info available)
V  [jvm.dll+0x74265f]  (no source info available)
V  [jvm.dll+0x741a97]  (no source info available)
V  [jvm.dll+0x73fc9d]  (no source info available)
V  [jvm.dll+0x1ece5c]  (no source info available)
V  [jvm.dll+0x1eda23]  (no source info available)
V  [jvm.dll+0x31f3ff]  (no source info available)
V  [jvm.dll+0x74a05b]  (no source info available)
V  [jvm.dll+0x74265f]  (no source info available)
V  [jvm.dll+0x741a97]  (no source info available)
V  [jvm.dll+0x73fc9d]  (no source info available)
V  [jvm.dll+0x1ece5c]  (no source info available)
V  [jvm.dll+0x1eda23]  (no source info available)
V  [jvm.dll+0x31f3ff]  (no source info available)
V  [jvm.dll+0x74a05b]  (no source info available)
V  [jvm.dll+0x74265f]  (no source info available)
V  [jvm.dll+0x741a97]  (no source info available)
V  [jvm.dll+0x73fc9d]  (no source info available)
V  [jvm.dll+0x1ece5c]  (no source info available)
V  [jvm.dll+0x31f3ff]  (no source info available)
V  [jvm.dll+0x74a05b]  (no source info available)
V  [jvm.dll+0x74265f]  (no source info available)
V  [jvm.dll+0x741a97]  (no source info available)
V  [jvm.dll+0x73fc9d]  (no source info available)
V  [jvm.dll+0x1ece5c]  (no source info available)
V  [jvm.dll+0x1eda23]  (no source info available)
V  [jvm.dll+0x1eda23]  (no source info available)
V  [jvm.dll+0x31f3ff]  (no source info available)
V  [jvm.dll+0x74a05b]  (no source info available)
V  [jvm.dll+0x74265f]  (no source info available)
V  [jvm.dll+0x741a97]  (no source info available)
V  [jvm.dll+0x73fc9d]  (no source info available)
V  [jvm.dll+0x1ece5c]  (no source info available)
V  [jvm.dll+0x1eda23]  (no source info available)
V  [jvm.dll+0x31f3ff]  (no source info available)
V  [jvm.dll+0x74a05b]  (no source info available)
V  [jvm.dll+0x74265f]  (no source info available)
V  [jvm.dll+0x741a97]  (no source info available)
V  [jvm.dll+0x73fc9d]  (no source info available)
V  [jvm.dll+0x1ece5c]  (no source info available)
V  [jvm.dll+0x1eda23]  (no source info available)
V  [jvm.dll+0x31f3ff]  (no source info available)
V  [jvm.dll+0x74a05b]  (no source info available)
V  [jvm.dll+0x74265f]  (no source info available)
V  [jvm.dll+0x741a97]  (no source info available)
V  [jvm.dll+0x73fc9d]  (no source info available)
V  [jvm.dll+0x1ece5c]  (no source info available)
V  [jvm.dll+0x31f3ff]  (no source info available)
V  [jvm.dll+0x74a05b]  (no source info available)
V  [jvm.dll+0x74265f]  (no source info available)
V  [jvm.dll+0x741a97]  (no source info available)
V  [jvm.dll+0x73fc9d]  (no source info available)
V  [jvm.dll+0x1ece5c]  (no source info available)
V  [jvm.dll+0x31f3ff]  (no source info available)
V  [jvm.dll+0x74a05b]  (no source info available)
V  [jvm.dll+0x74265f]  (no source info available)
V  [jvm.dll+0x741a97]  (no source info available)
V  [jvm.dll+0x73fc9d]  (no source info available)
V  [jvm.dll+0x1ece5c]  (no source info available)
V  [jvm.dll+0x31f3ff]  (no source info available)
V  [jvm.dll+0x74a05b]  (no source info available)
V  [jvm.dll+0x74265f]  (no source info available)
V  [jvm.dll+0x741a97]  (no source info available)
V  [jvm.dll+0x73fc9d]  (no source info available)
V  [jvm.dll+0x1ece5c]  (no source info available)
V  [jvm.dll+0x1eda23]  (no source info available)
V  [jvm.dll+0x31f3ff]  (no source info available)
V  [jvm.dll+0x74a05b]  (no source info available)
V  [jvm.dll+0x74265f]  (no source info available)
V  [jvm.dll+0x741a97]  (no source info available)
V  [jvm.dll+0x73fc9d]  (no source info available)
V  [jvm.dll+0x1ece5c]  (no source info available)
V  [jvm.dll+0x1eda23]  (no source info available)
V  [jvm.dll+0x31f3ff]  (no source info available)
V  [jvm.dll+0x74a05b]  (no source info available)
V  [jvm.dll+0x74265f]  (no source info available)
V  [jvm.dll+0x741a97]  (no source info available)
V  [jvm.dll+0x73fc9d]  (no source info available)
V  [jvm.dll+0x1ece5c]  (no source info available)
V  [jvm.dll+0x26e6be]  (no source info available)
V  [jvm.dll+0x1e9d00]  (no source info available)
V  [jvm.dll+0x27e1bb]  (no source info available)
V  [jvm.dll+0x27c45a]  (no source info available)
V  [jvm.dll+0x42f566]  (no source info available)
V  [jvm.dll+0x87d8fb]  (no source info available)
V  [jvm.dll+0x72efe5]  (no source info available)
C  [ucrtbase.dll+0x29333]  (no source info available)
C  [KERNEL32.DLL+0x1259d]  (no source info available)
C  [ntdll.dll+0x5af58]  (no source info available)

Lock stack of current Java thread (top to bottom):


---------------  P R O C E S S  ---------------

Threads class SMR info:
_java_thread_list=0x000001d68964c410, length=31, elements={
0x000001d64120e330, 0x000001d641320080, 0x000001d641320bb0, 0x000001d641323060,
0x000001d6413260a0, 0x000001d641327600, 0x000001d641330aa0, 0x000001d641342980,
0x000001d641423620, 0x000001d641844820, 0x000001d641866fd0, 0x000001d688fb6c70,
0x000001d688fb6520, 0x000001d688fb89b0, 0x000001d688fbae40, 0x000001d688fb8260,
0x000001d688fb47e0, 0x000001d688fba6f0, 0x000001d688fb9fa0, 0x000001d688fbb590,
0x000001d688fbbce0, 0x000001d688fb5680, 0x000001d688fb5dd0, 0x000001d687b9f0d0,
0x000001d687b9ff70, 0x000001d687b9f820, 0x000001d687911e90, 0x000001d687911740,
0x000001d68790fa00, 0x000001d687912d30, 0x000001d6879108a0
}

Java Threads: ( => current thread )
  0x000001d64120e330 JavaThread "Reference Handler"          daemon [_thread_blocked, id=15220, stack(0x000000470aa00000,0x000000470ab00000) (1024K)]
  0x000001d641320080 JavaThread "Finalizer"                  daemon [_thread_blocked, id=21564, stack(0x000000470ab00000,0x000000470ac00000) (1024K)]
  0x000001d641320bb0 JavaThread "Signal Dispatcher"          daemon [_thread_blocked, id=15064, stack(0x000000470ac00000,0x000000470ad00000) (1024K)]
  0x000001d641323060 JavaThread "Attach Listener"            daemon [_thread_blocked, id=14888, stack(0x000000470ad00000,0x000000470ae00000) (1024K)]
  0x000001d6413260a0 JavaThread "Service Thread"             daemon [_thread_blocked, id=11612, stack(0x000000470ae00000,0x000000470af00000) (1024K)]
  0x000001d641327600 JavaThread "Monitor Deflation Thread"   daemon [_thread_blocked, id=2156, stack(0x000000470af00000,0x000000470b000000) (1024K)]
=>0x000001d641330aa0 JavaThread "C2 CompilerThread0"         daemon [_thread_in_native, id=9140, stack(0x000000470b000000,0x000000470b100000) (1024K)]
  0x000001d641342980 JavaThread "C1 CompilerThread0"         daemon [_thread_blocked, id=18932, stack(0x000000470b100000,0x000000470b200000) (1024K)]
  0x000001d641423620 JavaThread "Common-Cleaner"             daemon [_thread_blocked, id=9860, stack(0x000000470b200000,0x000000470b300000) (1024K)]
  0x000001d641844820 JavaThread "Monitor Ctrl-Break"         daemon [_thread_in_native, id=3776, stack(0x000000470b400000,0x000000470b500000) (1024K)]
  0x000001d641866fd0 JavaThread "Notification Thread"        daemon [_thread_blocked, id=12004, stack(0x000000470b500000,0x000000470b600000) (1024K)]
  0x000001d688fb6c70 JavaThread "Catalina-utility-1"                [_thread_blocked, id=16924, stack(0x000000470c300000,0x000000470c400000) (1024K)]
  0x000001d688fb6520 JavaThread "Catalina-utility-2"                [_thread_blocked, id=17996, stack(0x000000470c400000,0x000000470c500000) (1024K)]
  0x000001d688fb89b0 JavaThread "container-0"                       [_thread_blocked, id=22420, stack(0x000000470c500000,0x000000470c600000) (1024K)]
  0x000001d688fbae40 JavaThread "PostgreSQL-JDBC-Cleaner"    daemon [_thread_blocked, id=21756, stack(0x000000470c700000,0x000000470c800000) (1024K)]
  0x000001d688fb8260 JavaThread "HikariPool-1 housekeeper"   daemon [_thread_blocked, id=7520, stack(0x000000470c800000,0x000000470c900000) (1024K)]
  0x000001d688fb47e0 JavaThread "File Watcher"               daemon [_thread_blocked, id=17120, stack(0x000000470ca00000,0x000000470cb00000) (1024K)]
  0x000001d688fba6f0 JavaThread "Live Reload Server"         daemon [_thread_in_native, id=6060, stack(0x000000470cc00000,0x000000470cd00000) (1024K)]
  0x000001d688fb9fa0 JavaThread "http-nio-8080-exec-1"       daemon [_thread_blocked, id=1428, stack(0x000000470cb00000,0x000000470cc00000) (1024K)]
  0x000001d688fbb590 JavaThread "http-nio-8080-exec-2"       daemon [_thread_blocked, id=20324, stack(0x000000470cd00000,0x000000470ce00000) (1024K)]
  0x000001d688fbbce0 JavaThread "http-nio-8080-exec-3"       daemon [_thread_blocked, id=5800, stack(0x000000470ce00000,0x000000470cf00000) (1024K)]
  0x000001d688fb5680 JavaThread "http-nio-8080-exec-4"       daemon [_thread_blocked, id=12416, stack(0x000000470cf00000,0x000000470d000000) (1024K)]
  0x000001d688fb5dd0 JavaThread "http-nio-8080-exec-5"       daemon [_thread_blocked, id=8824, stack(0x000000470d000000,0x000000470d100000) (1024K)]
  0x000001d687b9f0d0 JavaThread "http-nio-8080-exec-6"       daemon [_thread_blocked, id=12168, stack(0x000000470d100000,0x000000470d200000) (1024K)]
  0x000001d687b9ff70 JavaThread "http-nio-8080-exec-7"       daemon [_thread_blocked, id=3600, stack(0x000000470d200000,0x000000470d300000) (1024K)]
  0x000001d687b9f820 JavaThread "http-nio-8080-exec-8"       daemon [_thread_blocked, id=16524, stack(0x000000470d300000,0x000000470d400000) (1024K)]
  0x000001d687911e90 JavaThread "http-nio-8080-exec-9"       daemon [_thread_blocked, id=16308, stack(0x000000470d400000,0x000000470d500000) (1024K)]
  0x000001d687911740 JavaThread "http-nio-8080-exec-10"      daemon [_thread_blocked, id=18168, stack(0x000000470d500000,0x000000470d600000) (1024K)]
  0x000001d68790fa00 JavaThread "http-nio-8080-Poller"       daemon [_thread_in_native, id=10236, stack(0x000000470d600000,0x000000470d700000) (1024K)]
  0x000001d687912d30 JavaThread "http-nio-8080-Acceptor"     daemon [_thread_in_native, id=2480, stack(0x000000470d700000,0x000000470d800000) (1024K)]
  0x000001d6879108a0 JavaThread "DestroyJavaVM"                     [_thread_blocked, id=9996, stack(0x000000470a200000,0x000000470a300000) (1024K)]
Total: 31

Other Threads:
  0x000001d6411fbca0 VMThread "VM Thread"                           [id=9468, stack(0x000000470a900000,0x000000470aa00000) (1024K)]
  0x000001d6411f1c50 WatcherThread "VM Periodic Task Thread"        [id=20292, stack(0x000000470a800000,0x000000470a900000) (1024K)]
  0x000001d62407fea0 WorkerThread "GC Thread#0"                     [id=16564, stack(0x000000470a300000,0x000000470a400000) (1024K)]
  0x000001d687439390 WorkerThread "GC Thread#1"                     [id=16272, stack(0x000000470b900000,0x000000470ba00000) (1024K)]
  0x000001d687438fe0 WorkerThread "GC Thread#2"                     [id=10008, stack(0x000000470ba00000,0x000000470bb00000) (1024K)]
  0x000001d687439af0 WorkerThread "GC Thread#3"                     [id=8552, stack(0x000000470bb00000,0x000000470bc00000) (1024K)]
  0x000001d687438c30 WorkerThread "GC Thread#4"                     [id=20212, stack(0x000000470bc00000,0x000000470bd00000) (1024K)]
  0x000001d687439ea0 WorkerThread "GC Thread#5"                     [id=13604, stack(0x000000470bd00000,0x000000470be00000) (1024K)]
  0x000001d687438880 WorkerThread "GC Thread#6"                     [id=14072, stack(0x000000470be00000,0x000000470bf00000) (1024K)]
  0x000001d68732e620 WorkerThread "GC Thread#7"                     [id=4048, stack(0x000000470bf00000,0x000000470c000000) (1024K)]
  0x000001d68732d000 WorkerThread "GC Thread#8"                     [id=11932, stack(0x000000470b800000,0x000000470b900000) (1024K)]
  0x000001d68732fff0 WorkerThread "GC Thread#9"                     [id=20392, stack(0x000000470c000000,0x000000470c100000) (1024K)]
  0x000001d6240ace00 ConcurrentGCThread "G1 Main Marker"            [id=6256, stack(0x000000470a400000,0x000000470a500000) (1024K)]
  0x000001d6240ad910 WorkerThread "G1 Conc#0"                       [id=19824, stack(0x000000470a500000,0x000000470a600000) (1024K)]
  0x000001d68732d760 WorkerThread "G1 Conc#1"                       [id=17972, stack(0x000000470c100000,0x000000470c200000) (1024K)]
  0x000001d68732db10 WorkerThread "G1 Conc#2"                       [id=19636, stack(0x000000470c200000,0x000000470c300000) (1024K)]
  0x000001d6410c1fd0 ConcurrentGCThread "G1 Refine#0"               [id=18652, stack(0x000000470a600000,0x000000470a700000) (1024K)]
  0x000001d6410c2b50 ConcurrentGCThread "G1 Service"                [id=11828, stack(0x000000470a700000,0x000000470a800000) (1024K)]
Total: 18

Threads with active compile tasks:
C2 CompilerThread0  81809 13409       4       org.springframework.web.servlet.handler.AbstractHandlerMethodMapping::lookupHandlerMethod (344 bytes)
Total: 1

VM state: not at safepoint (normal execution)

VM Mutex/Monitor currently owned by a thread: None

Heap address: 0x0000000084400000, size: 1980 MB, Compressed Oops mode: 32-bit

CDS archive(s) mapped at: [0x000001d642000000-0x000001d642d40000-0x000001d642d40000), size 13893632, SharedBaseAddress: 0x000001d642000000, ArchiveRelocationMode: 1.
Compressed class space mapped at: 0x000001d643000000-0x000001d683000000, reserved size: 1073741824
UseCompressedClassPointers 1, UseCompactObjectHeaders 0
Narrow klass pointer bits 32, Max shift 3
Narrow klass base: 0x000001d642000000, Narrow klass shift: 0
Encoding Range: [0x000001d642000000 - 0x000001d742000000), (4294967296 bytes)
Klass Range:    [0x000001d642000000 - 0x000001d683000000), (1090519040 bytes)
Klass ID Range:  [8 - 1090519033) (1090519025)

GC Precious Log:
 CardTable entry size: 512
 Card Set container configuration: InlinePtr #cards 5 size 8 Array Of Cards #cards 10 size 36 Howl #buckets 4 coarsen threshold 1843 Howl Bitmap #cards 512 size 80 coarsen threshold 460 Card regions per heap region 1 cards per card region 2048
 CPUs: 12 total, 12 available
 Memory: 7914M
 Large Page Support: Disabled
 NUMA Support: Disabled
 Compressed Oops: Enabled (32-bit)
 Heap Region Size: 1M
 Heap Min Capacity: 8M
 Heap Initial Capacity: 124M
 Heap Max Capacity: 1980M
 Pre-touch: Disabled
 Parallel Workers: 10
 Concurrent Workers: 3
 Concurrent Refinement Workers: 10
 Periodic GC: Disabled

Heap:
 garbage-first heap   total reserved 2027520K, committed 64512K, used 41564K [0x0000000084400000, 0x0000000100000000)
  region size 1024K, 11 young (11264K), 1 survivors (1024K)
 Metaspace       used 75215K, committed 75968K, reserved 1179648K
  class space    used 8212K, committed 8576K, reserved 1048576K

Heap Regions: E=young(eden), S=young(survivor), O=old, HS=humongous(starts), HC=humongous(continues), CS=collection set, F=free, TAMS=top-at-mark-start, PB=parsable bottom
|   0|0x0000000084400000, 0x0000000084500000, 0x0000000084500000|100%|HS|  |TAMS 0x0000000084400000| PB 0x0000000084400000| Complete |  0
|   1|0x0000000084500000, 0x0000000084600000, 0x0000000084600000|100%|HS|  |TAMS 0x0000000084500000| PB 0x0000000084500000| Complete |  0
|   2|0x0000000084600000, 0x0000000084700000, 0x0000000084700000|100%| O|  |TAMS 0x0000000084600000| PB 0x0000000084600000| Untracked |  0
|   3|0x0000000084700000, 0x0000000084800000, 0x0000000084800000|100%| O|  |TAMS 0x0000000084700000| PB 0x0000000084700000| Untracked |  0
|   4|0x0000000084800000, 0x0000000084900000, 0x0000000084900000|100%| O|  |TAMS 0x0000000084800000| PB 0x0000000084800000| Untracked |  0
|   5|0x0000000084900000, 0x0000000084a00000, 0x0000000084a00000|100%| O|  |TAMS 0x0000000084900000| PB 0x0000000084900000| Untracked |  0
|   6|0x0000000084a00000, 0x0000000084b00000, 0x0000000084b00000|100%| O|  |TAMS 0x0000000084a00000| PB 0x0000000084a00000| Untracked |  0
|   7|0x0000000084b00000, 0x0000000084c00000, 0x0000000084c00000|100%| O|  |TAMS 0x0000000084b00000| PB 0x0000000084b00000| Untracked |  0
|   8|0x0000000084c00000, 0x0000000084d00000, 0x0000000084d00000|100%| O|  |TAMS 0x0000000084c00000| PB 0x0000000084c00000| Untracked |  0
|   9|0x0000000084d00000, 0x0000000084e00000, 0x0000000084e00000|100%| O|  |TAMS 0x0000000084d00000| PB 0x0000000084d00000| Untracked |  0
|  10|0x0000000084e00000, 0x0000000084f00000, 0x0000000084f00000|100%| O|  |TAMS 0x0000000084e00000| PB 0x0000000084e00000| Untracked |  0
|  11|0x0000000084f00000, 0x0000000085000000, 0x0000000085000000|100%| O|  |TAMS 0x0000000084f00000| PB 0x0000000084f00000| Untracked |  0
|  12|0x0000000085000000, 0x0000000085000000, 0x0000000085100000|  0%| F|  |TAMS 0x0000000085000000| PB 0x0000000085000000| Untracked |  0
|  13|0x0000000085100000, 0x0000000085200000, 0x0000000085200000|100%| O|  |TAMS 0x0000000085100000| PB 0x0000000085100000| Untracked |  0
|  14|0x0000000085200000, 0x0000000085300000, 0x0000000085300000|100%| O|  |TAMS 0x0000000085200000| PB 0x0000000085200000| Untracked |  0
|  15|0x0000000085300000, 0x0000000085400000, 0x0000000085400000|100%| O|  |TAMS 0x0000000085300000| PB 0x0000000085300000| Untracked |  0
|  16|0x0000000085400000, 0x0000000085500000, 0x0000000085500000|100%| O|  |TAMS 0x0000000085400000| PB 0x0000000085400000| Untracked |  0
|  17|0x0000000085500000, 0x0000000085600000, 0x0000000085600000|100%| O|  |TAMS 0x0000000085500000| PB 0x0000000085500000| Untracked |  0
|  18|0x0000000085600000, 0x0000000085700000, 0x0000000085700000|100%| O|  |TAMS 0x0000000085600000| PB 0x0000000085600000| Untracked |  0
|  19|0x0000000085700000, 0x0000000085800000, 0x0000000085800000|100%| O|  |TAMS 0x0000000085700000| PB 0x0000000085700000| Untracked |  0
|  20|0x0000000085800000, 0x0000000085900000, 0x0000000085900000|100%| O|  |TAMS 0x0000000085800000| PB 0x0000000085800000| Untracked |  0
|  21|0x0000000085900000, 0x0000000085a00000, 0x0000000085a00000|100%| O|  |TAMS 0x0000000085900000| PB 0x0000000085900000| Untracked |  0
|  22|0x0000000085a00000, 0x0000000085b00000, 0x0000000085b00000|100%| O|  |TAMS 0x0000000085a00000| PB 0x0000000085a00000| Untracked |  0
|  23|0x0000000085b00000, 0x0000000085c00000, 0x0000000085c00000|100%| O|Cm|TAMS 0x0000000085b00000| PB 0x0000000085b00000| Complete |  0
|  24|0x0000000085c00000, 0x0000000085d00000, 0x0000000085d00000|100%| O|  |TAMS 0x0000000085c00000| PB 0x0000000085c00000| Untracked |  0
|  25|0x0000000085d00000, 0x0000000085d83988, 0x0000000085e00000| 51%| O|  |TAMS 0x0000000085d00000| PB 0x0000000085d00000| Untracked |  0
|  26|0x0000000085e00000, 0x0000000085f00000, 0x0000000085f00000|100%| O|  |TAMS 0x0000000085e00000| PB 0x0000000085e00000| Untracked |  0
|  27|0x0000000085f00000, 0x0000000086000000, 0x0000000086000000|100%| O|  |TAMS 0x0000000085f00000| PB 0x0000000085f00000| Untracked |  0
|  28|0x0000000086000000, 0x0000000086100000, 0x0000000086100000|100%| O|  |TAMS 0x0000000086000000| PB 0x0000000086000000| Untracked |  0
|  29|0x0000000086100000, 0x0000000086100000, 0x0000000086200000|  0%| F|  |TAMS 0x0000000086100000| PB 0x0000000086100000| Untracked |  0
|  30|0x0000000086200000, 0x0000000086200000, 0x0000000086300000|  0%| F|  |TAMS 0x0000000086200000| PB 0x0000000086200000| Untracked |  0
|  31|0x0000000086300000, 0x0000000086300000, 0x0000000086400000|  0%| F|  |TAMS 0x0000000086300000| PB 0x0000000086300000| Untracked |  0
|  32|0x0000000086400000, 0x0000000086413a70, 0x0000000086500000|  7%| S|CS|TAMS 0x0000000086400000| PB 0x0000000086400000| Complete |  0
|  33|0x0000000086500000, 0x0000000086500000, 0x0000000086600000|  0%| F|  |TAMS 0x0000000086500000| PB 0x0000000086500000| Untracked |  0
|  34|0x0000000086600000, 0x0000000086600000, 0x0000000086700000|  0%| F|  |TAMS 0x0000000086600000| PB 0x0000000086600000| Untracked |  0
|  35|0x0000000086700000, 0x0000000086700000, 0x0000000086800000|  0%| F|  |TAMS 0x0000000086700000| PB 0x0000000086700000| Untracked |  0
|  36|0x0000000086800000, 0x0000000086800000, 0x0000000086900000|  0%| F|  |TAMS 0x0000000086800000| PB 0x0000000086800000| Untracked |  0
|  37|0x0000000086900000, 0x0000000086900000, 0x0000000086a00000|  0%| F|  |TAMS 0x0000000086900000| PB 0x0000000086900000| Untracked |  0
|  38|0x0000000086a00000, 0x0000000086a00000, 0x0000000086b00000|  0%| F|  |TAMS 0x0000000086a00000| PB 0x0000000086a00000| Untracked |  0
|  39|0x0000000086b00000, 0x0000000086b00000, 0x0000000086c00000|  0%| F|  |TAMS 0x0000000086b00000| PB 0x0000000086b00000| Untracked |  0
|  40|0x0000000086c00000, 0x0000000086c00000, 0x0000000086d00000|  0%| F|  |TAMS 0x0000000086c00000| PB 0x0000000086c00000| Untracked |  0
|  41|0x0000000086d00000, 0x0000000086d00000, 0x0000000086e00000|  0%| F|  |TAMS 0x0000000086d00000| PB 0x0000000086d00000| Untracked |  0
|  42|0x0000000086e00000, 0x0000000086e00000, 0x0000000086f00000|  0%| F|  |TAMS 0x0000000086e00000| PB 0x0000000086e00000| Untracked |  0
|  43|0x0000000086f00000, 0x0000000086f00000, 0x0000000087000000|  0%| F|  |TAMS 0x0000000086f00000| PB 0x0000000086f00000| Untracked |  0
|  44|0x0000000087000000, 0x0000000087000000, 0x0000000087100000|  0%| F|  |TAMS 0x0000000087000000| PB 0x0000000087000000| Untracked |  0
|  45|0x0000000087100000, 0x0000000087100000, 0x0000000087200000|  0%| F|  |TAMS 0x0000000087100000| PB 0x0000000087100000| Untracked |  0
|  46|0x0000000087200000, 0x0000000087200000, 0x0000000087300000|  0%| F|  |TAMS 0x0000000087200000| PB 0x0000000087200000| Untracked |  0
|  47|0x0000000087300000, 0x0000000087300000, 0x0000000087400000|  0%| F|  |TAMS 0x0000000087300000| PB 0x0000000087300000| Untracked |  0
|  48|0x0000000087400000, 0x0000000087400000, 0x0000000087500000|  0%| F|  |TAMS 0x0000000087400000| PB 0x0000000087400000| Untracked |  0
|  49|0x0000000087500000, 0x0000000087530c18, 0x0000000087600000| 19%| E|  |TAMS 0x0000000087500000| PB 0x0000000087500000| Complete |  0
|  70|0x0000000088a00000, 0x0000000088b00000, 0x0000000088b00000|100%| E|CS|TAMS 0x0000000088a00000| PB 0x0000000088a00000| Complete |  0
|  77|0x0000000089100000, 0x0000000089200000, 0x0000000089200000|100%| E|CS|TAMS 0x0000000089100000| PB 0x0000000089100000| Complete |  0
|  78|0x0000000089200000, 0x0000000089300000, 0x0000000089300000|100%| E|CS|TAMS 0x0000000089200000| PB 0x0000000089200000| Complete |  0
|  79|0x0000000089300000, 0x0000000089400000, 0x0000000089400000|100%| E|CS|TAMS 0x0000000089300000| PB 0x0000000089300000| Complete |  0
|  80|0x0000000089400000, 0x0000000089500000, 0x0000000089500000|100%| E|CS|TAMS 0x0000000089400000| PB 0x0000000089400000| Complete |  0
| 123|0x000000008bf00000, 0x000000008c000000, 0x000000008c000000|100%| E|CS|TAMS 0x000000008bf00000| PB 0x000000008bf00000| Complete |  0
|1973|0x00000000ff900000, 0x00000000ffa00000, 0x00000000ffa00000|100%| E|CS|TAMS 0x00000000ff900000| PB 0x00000000ff900000| Complete |  0
|1974|0x00000000ffa00000, 0x00000000ffb00000, 0x00000000ffb00000|100%| O|  |TAMS 0x00000000ffa00000| PB 0x00000000ffa00000| Untracked |  0
|1975|0x00000000ffb00000, 0x00000000ffc00000, 0x00000000ffc00000|100%| E|CS|TAMS 0x00000000ffb00000| PB 0x00000000ffb00000| Complete |  0
|1976|0x00000000ffc00000, 0x00000000ffd00000, 0x00000000ffd00000|100%| O|  |TAMS 0x00000000ffc00000| PB 0x00000000ffc00000| Untracked |  0
|1977|0x00000000ffd00000, 0x00000000ffe00000, 0x00000000ffe00000|100%| O|  |TAMS 0x00000000ffd00000| PB 0x00000000ffd00000| Untracked |  0
|1978|0x00000000ffe00000, 0x00000000fff00000, 0x00000000fff00000|100%| O|  |TAMS 0x00000000ffe00000| PB 0x00000000ffe00000| Untracked |  0
|1979|0x00000000fff00000, 0x0000000100000000, 0x0000000100000000|100%| E|CS|TAMS 0x00000000fff00000| PB 0x00000000fff00000| Complete |  0

Card table byte_map: [0x000001d63c320000,0x000001d63c700000] _byte_map_base: 0x000001d63befe000

Marking Bits: (CMBitMap*) 0x000001d6240805b0
 Bits: [0x000001d63c700000, 0x000001d63e5f0000)

Polling page: 0x000001d621f10000

Metaspace:

Usage:
  Non-class:     65.43 MB used.
      Class:      8.02 MB used.
       Both:     73.45 MB used.

Virtual space:
  Non-class space:      128.00 MB reserved,      65.81 MB ( 51%) committed,  2 nodes.
      Class space:        1.00 GB reserved,       8.38 MB ( <1%) committed,  1 nodes.
             Both:        1.12 GB reserved,      74.19 MB (  6%) committed. 

Chunk freelists:
   Non-Class:  14.27 MB
       Class:  7.65 MB
        Both:  21.92 MB

MaxMetaspaceSize: unlimited
CompressedClassSpaceSize: 1.00 GB
Initial GC threshold: 21.00 MB
Current GC threshold: 123.56 MB
CDS: on
 - commit_granule_bytes: 65536.
 - commit_granule_words: 8192.
 - virtual_space_node_default_size: 8388608.
 - enlarge_chunks_in_place: 1.
UseCompressedClassPointers 1, UseCompactObjectHeaders 0
Narrow klass pointer bits 32, Max shift 3
Narrow klass base: 0x000001d642000000, Narrow klass shift: 0
Encoding Range: [0x000001d642000000 - 0x000001d742000000), (4294967296 bytes)
Klass Range:    [0x000001d642000000 - 0x000001d683000000), (1090519040 bytes)
Klass ID Range:  [8 - 1090519033) (1090519025)


Internal statistics:

num_allocs_failed_limit: 9.
num_arena_births: 886.
num_arena_deaths: 76.
num_vsnodes_births: 3.
num_vsnodes_deaths: 0.
num_space_committed: 1187.
num_space_uncommitted: 0.
num_chunks_returned_to_freelist: 119.
num_chunks_taken_from_freelist: 3712.
num_chunk_merges: 48.
num_chunk_splits: 2642.
num_chunks_enlarged: 2070.
num_inconsistent_stats: 0.

CodeHeap 'non-profiled nmethods': size=120064Kb used=7462Kb max_used=7483Kb free=112601Kb
 bounds [0x000001d634380000, 0x000001d634ad0000, 0x000001d63b8c0000]
CodeHeap 'profiled nmethods': size=120000Kb used=16286Kb max_used=18172Kb free=103713Kb
 bounds [0x000001d62c8c0000, 0x000001d62da90000, 0x000001d633df0000]
CodeHeap 'non-nmethods': size=5696Kb used=1741Kb max_used=1917Kb free=3954Kb
 bounds [0x000001d633df0000, 0x000001d634060000, 0x000001d634380000]
CodeCache: size=245760Kb, used=25489Kb, max_used=27572Kb, free=220268Kb
 total_blobs=11342, nmethods=10616, adapters=630, full_count=0
Compilation: enabled, stopped_count=0, restarted_count=0

Compilation events (20 events):
Event: 79.345 Thread 0x000001d641342980 nmethod 13399 0x000001d62c990388 code [0x000001d62c990580, 0x000001d62c9912c8]
Event: 79.391 Thread 0x000001d641330aa0 13400       4       java.lang.reflect.Method::getGenericInfo (45 bytes)
Event: 79.395 Thread 0x000001d641330aa0 nmethod 13400 0x000001d634a41408 code [0x000001d634a41560, 0x000001d634a41a90]
Event: 79.667 Thread 0x000001d641342980 13401       3       org.springframework.beans.PropertyAccessException::<init> (12 bytes)
Event: 79.667 Thread 0x000001d641342980 nmethod 13401 0x000001d62ce56288 code [0x000001d62ce563c0, 0x000001d62ce566c0]
Event: 79.900 Thread 0x000001d641330aa0 13402       4       org.hibernate.sql.ast.tree.from.AbstractTableGroup::getTableGroupJoins (21 bytes)
Event: 79.903 Thread 0x000001d641330aa0 nmethod 13402 0x000001d634a41008 code [0x000001d634a41120, 0x000001d634a41368]
Event: 80.039 Thread 0x000001d641342980 13403       3       java.util.concurrent.ThreadPoolExecutor::workerCountOf (5 bytes)
Event: 80.039 Thread 0x000001d641342980 nmethod 13403 0x000001d62c8cd308 code [0x000001d62c8cd420, 0x000001d62c8cd510]
Event: 80.434 Thread 0x000001d641330aa0 13404       4       org.springframework.web.servlet.FrameworkServlet::logResult (314 bytes)
Event: 80.437 Thread 0x000001d641330aa0 nmethod 13404 0x000001d634a40b88 code [0x000001d634a40cc0, 0x000001d634a40f18]
Event: 80.812 Thread 0x000001d641330aa0 13405       4       java.io.ByteArrayOutputStream::<init> (43 bytes)
Event: 80.813 Thread 0x000001d641330aa0 nmethod 13405 0x000001d634a40788 code [0x000001d634a408a0, 0x000001d634a40b48]
Event: 81.549 Thread 0x000001d641330aa0 13406       4       java.util.ArrayDeque$DeqIterator::hasNext (13 bytes)
Event: 81.550 Thread 0x000001d641330aa0 nmethod 13406 0x000001d634a40488 code [0x000001d634a40580, 0x000001d634a40608]
Event: 81.620 Thread 0x000001d641342980 13407       3       java.lang.invoke.LambdaForm$DMH/0x000001d6437ba000::invokeStatic (17 bytes)
Event: 81.620 Thread 0x000001d641342980 nmethod 13407 0x000001d62c907808 code [0x000001d62c907940, 0x000001d62c907c80]
Event: 81.647 Thread 0x000001d641330aa0 13408       4       org.springframework.web.servlet.HandlerExecutionChain::applyPostHandle (55 bytes)
Event: 81.650 Thread 0x000001d641330aa0 nmethod 13408 0x000001d634a3ff88 code [0x000001d634a400c0, 0x000001d634a40420]
Event: 81.700 Thread 0x000001d641330aa0 13409       4       org.springframework.web.servlet.handler.AbstractHandlerMethodMapping::lookupHandlerMethod (344 bytes)

GC Heap History (20 events):
Event: 52.834 GC heap before
{Heap before GC invocations=40 (full 0):
 garbage-first heap   total reserved 2027520K, committed 64512K, used 58130K [0x0000000084400000, 0x0000000100000000)
  region size 1024K, 26 young (26624K), 1 survivors (1024K)
 Metaspace       used 75193K, committed 75968K, reserved 1179648K
  class space    used 8211K, committed 8576K, reserved 1048576K
}
Event: 52.835 GC heap after
{Heap after GC invocations=41 (full 0):
 garbage-first heap   total reserved 2027520K, committed 64512K, used 32556K [0x0000000084400000, 0x0000000100000000)
  region size 1024K, 1 young (1024K), 1 survivors (1024K)
 Metaspace       used 75193K, committed 75968K, reserved 1179648K
  class space    used 8211K, committed 8576K, reserved 1048576K
}
Event: 54.249 GC heap before
{Heap before GC invocations=41 (full 0):
 garbage-first heap   total reserved 2027520K, committed 64512K, used 57132K [0x0000000084400000, 0x0000000100000000)
  region size 1024K, 26 young (26624K), 1 survivors (1024K)
 Metaspace       used 75193K, committed 75968K, reserved 1179648K
  class space    used 8211K, committed 8576K, reserved 1048576K
}
Event: 54.250 GC heap after
{Heap after GC invocations=42 (full 0):
 garbage-first heap   total reserved 2027520K, committed 64512K, used 32387K [0x0000000084400000, 0x0000000100000000)
  region size 1024K, 1 young (1024K), 1 survivors (1024K)
 Metaspace       used 75193K, committed 75968K, reserved 1179648K
  class space    used 8211K, committed 8576K, reserved 1048576K
}
Event: 56.305 GC heap before
{Heap before GC invocations=42 (full 0):
 garbage-first heap   total reserved 2027520K, committed 64512K, used 56963K [0x0000000084400000, 0x0000000100000000)
  region size 1024K, 26 young (26624K), 1 survivors (1024K)
 Metaspace       used 75193K, committed 75968K, reserved 1179648K
  class space    used 8211K, committed 8576K, reserved 1048576K
}
Event: 56.307 GC heap after
{Heap after GC invocations=43 (full 0):
 garbage-first heap   total reserved 2027520K, committed 64512K, used 32485K [0x0000000084400000, 0x0000000100000000)
  region size 1024K, 1 young (1024K), 1 survivors (1024K)
 Metaspace       used 75193K, committed 75968K, reserved 1179648K
  class space    used 8211K, committed 8576K, reserved 1048576K
}
Event: 58.248 GC heap before
{Heap before GC invocations=44 (full 0):
 garbage-first heap   total reserved 2027520K, committed 64512K, used 58085K [0x0000000084400000, 0x0000000100000000)
  region size 1024K, 26 young (26624K), 1 survivors (1024K)
 Metaspace       used 75193K, committed 75968K, reserved 1179648K
  class space    used 8211K, committed 8576K, reserved 1048576K
}
Event: 58.250 GC heap after
{Heap after GC invocations=45 (full 0):
 garbage-first heap   total reserved 2027520K, committed 64512K, used 32528K [0x0000000084400000, 0x0000000100000000)
  region size 1024K, 1 young (1024K), 1 survivors (1024K)
 Metaspace       used 75193K, committed 75968K, reserved 1179648K
  class space    used 8211K, committed 8576K, reserved 1048576K
}
Event: 60.211 GC heap before
{Heap before GC invocations=45 (full 0):
 garbage-first heap   total reserved 2027520K, committed 64512K, used 57104K [0x0000000084400000, 0x0000000100000000)
  region size 1024K, 26 young (26624K), 1 survivors (1024K)
 Metaspace       used 75205K, committed 75968K, reserved 1179648K
  class space    used 8211K, committed 8576K, reserved 1048576K
}
Event: 60.213 GC heap after
{Heap after GC invocations=46 (full 0):
 garbage-first heap   total reserved 2027520K, committed 64512K, used 32344K [0x0000000084400000, 0x0000000100000000)
  region size 1024K, 1 young (1024K), 1 survivors (1024K)
 Metaspace       used 75205K, committed 75968K, reserved 1179648K
  class space    used 8211K, committed 8576K, reserved 1048576K
}
Event: 62.363 GC heap before
{Heap before GC invocations=46 (full 0):
 garbage-first heap   total reserved 2027520K, committed 64512K, used 56920K [0x0000000084400000, 0x0000000100000000)
  region size 1024K, 26 young (26624K), 1 survivors (1024K)
 Metaspace       used 75210K, committed 75968K, reserved 1179648K
  class space    used 8212K, committed 8576K, reserved 1048576K
}
Event: 62.365 GC heap after
{Heap after GC invocations=47 (full 0):
 garbage-first heap   total reserved 2027520K, committed 64512K, used 32437K [0x0000000084400000, 0x0000000100000000)
  region size 1024K, 1 young (1024K), 1 survivors (1024K)
 Metaspace       used 75210K, committed 75968K, reserved 1179648K
  class space    used 8212K, committed 8576K, reserved 1048576K
}
Event: 65.406 GC heap before
{Heap before GC invocations=48 (full 0):
 garbage-first heap   total reserved 2027520K, committed 64512K, used 58037K [0x0000000084400000, 0x0000000100000000)
  region size 1024K, 26 young (26624K), 1 survivors (1024K)
 Metaspace       used 75211K, committed 75968K, reserved 1179648K
  class space    used 8212K, committed 8576K, reserved 1048576K
}
Event: 65.407 GC heap after
{Heap after GC invocations=49 (full 0):
 garbage-first heap   total reserved 2027520K, committed 64512K, used 32428K [0x0000000084400000, 0x0000000100000000)
  region size 1024K, 1 young (1024K), 1 survivors (1024K)
 Metaspace       used 75211K, committed 75968K, reserved 1179648K
  class space    used 8212K, committed 8576K, reserved 1048576K
}
Event: 69.445 GC heap before
{Heap before GC invocations=49 (full 0):
 garbage-first heap   total reserved 2027520K, committed 64512K, used 57004K [0x0000000084400000, 0x0000000100000000)
  region size 1024K, 26 young (26624K), 1 survivors (1024K)
 Metaspace       used 75213K, committed 75968K, reserved 1179648K
  class space    used 8212K, committed 8576K, reserved 1048576K
}
Event: 69.447 GC heap after
{Heap after GC invocations=50 (full 0):
 garbage-first heap   total reserved 2027520K, committed 64512K, used 32287K [0x0000000084400000, 0x0000000100000000)
  region size 1024K, 1 young (1024K), 1 survivors (1024K)
 Metaspace       used 75213K, committed 75968K, reserved 1179648K
  class space    used 8212K, committed 8576K, reserved 1048576K
}
Event: 75.565 GC heap before
{Heap before GC invocations=50 (full 0):
 garbage-first heap   total reserved 2027520K, committed 64512K, used 56863K [0x0000000084400000, 0x0000000100000000)
  region size 1024K, 26 young (26624K), 1 survivors (1024K)
 Metaspace       used 75214K, committed 75968K, reserved 1179648K
  class space    used 8212K, committed 8576K, reserved 1048576K
}
Event: 75.567 GC heap after
{Heap after GC invocations=51 (full 0):
 garbage-first heap   total reserved 2027520K, committed 64512K, used 32362K [0x0000000084400000, 0x0000000100000000)
  region size 1024K, 1 young (1024K), 1 survivors (1024K)
 Metaspace       used 75214K, committed 75968K, reserved 1179648K
  class space    used 8212K, committed 8576K, reserved 1048576K
}
Event: 80.985 GC heap before
{Heap before GC invocations=52 (full 0):
 garbage-first heap   total reserved 2027520K, committed 64512K, used 57962K [0x0000000084400000, 0x0000000100000000)
  region size 1024K, 26 young (26624K), 1 survivors (1024K)
 Metaspace       used 75215K, committed 75968K, reserved 1179648K
  class space    used 8212K, committed 8576K, reserved 1048576K
}
Event: 80.987 GC heap after
{Heap after GC invocations=53 (full 0):
 garbage-first heap   total reserved 2027520K, committed 64512K, used 32348K [0x0000000084400000, 0x0000000100000000)
  region size 1024K, 1 young (1024K), 1 survivors (1024K)
 Metaspace       used 75215K, committed 75968K, reserved 1179648K
  class space    used 8212K, committed 8576K, reserved 1048576K
}

Dll operation events (14 events):
Event: 0.009 Loaded shared library C:\Program Files\Java\jdk-24\bin\java.dll
Event: 0.039 Loaded shared library C:\Program Files\Java\jdk-24\bin\jsvml.dll
Event: 0.105 Loaded shared library C:\Program Files\Java\jdk-24\bin\zip.dll
Event: 0.107 Loaded shared library C:\Program Files\Java\jdk-24\bin\instrument.dll
Event: 0.111 Loaded shared library C:\Program Files\Java\jdk-24\bin\net.dll
Event: 0.112 Loaded shared library C:\Program Files\Java\jdk-24\bin\nio.dll
Event: 0.115 Loaded shared library C:\Program Files\Java\jdk-24\bin\zip.dll
Event: 0.195 Loaded shared library C:\Program Files\JetBrains\IntelliJ IDEA Community Edition 2024.3.3\bin\breakgen64.dll
Event: 0.204 Loaded shared library C:\Program Files\Java\jdk-24\bin\extnet.dll
Event: 0.229 Loaded shared library C:\Program Files\Java\jdk-24\bin\jimage.dll
Event: 0.415 Loaded shared library C:\Program Files\Java\jdk-24\bin\management.dll
Event: 0.416 Loaded shared library C:\Program Files\Java\jdk-24\bin\management_ext.dll
Event: 1.091 Loaded shared library C:\Program Files\Java\jdk-24\bin\sunmscapi.dll
Event: 2.540 Loaded shared library C:\Program Files\Java\jdk-24\bin\verify.dll

Deoptimization events (20 events):
Event: 64.143 Thread 0x000001d688fb9fa0 Uncommon trap: trap_request=0xffffffbe fr.pc=0x000001d634ab1364 relative=0x0000000000006d44
Event: 64.143 Thread 0x000001d688fb9fa0 Uncommon trap: reason=profile_predicate action=maybe_recompile pc=0x000001d634ab1364 method=java.util.concurrent.ConcurrentHashMap$Traverser.advance()Ljava/util/concurrent/ConcurrentHashMap$Node; @ 15 c2
Event: 64.143 Thread 0x000001d688fb9fa0 DEOPT PACKING pc=0x000001d634ab1364 sp=0x000000470cbfd5a0
Event: 64.143 Thread 0x000001d688fb9fa0 DEOPT UNPACKING pc=0x000001d633f17c02 sp=0x000000470cbfd238 mode 2
Event: 64.143 Thread 0x000001d688fb9fa0 Uncommon trap: trap_request=0xffffffbe fr.pc=0x000001d634ab1364 relative=0x0000000000006d44
Event: 64.143 Thread 0x000001d688fb9fa0 Uncommon trap: reason=profile_predicate action=maybe_recompile pc=0x000001d634ab1364 method=java.util.concurrent.ConcurrentHashMap$Traverser.advance()Ljava/util/concurrent/ConcurrentHashMap$Node; @ 15 c2
Event: 64.143 Thread 0x000001d688fb9fa0 DEOPT PACKING pc=0x000001d634ab1364 sp=0x000000470cbfd7b0
Event: 64.143 Thread 0x000001d688fb9fa0 DEOPT UNPACKING pc=0x000001d633f17c02 sp=0x000000470cbfd448 mode 2
Event: 64.176 Thread 0x000001d687b9f820 Uncommon trap: trap_request=0xffffffbe fr.pc=0x000001d634ab1364 relative=0x0000000000006d44
Event: 64.177 Thread 0x000001d687b9f820 Uncommon trap: reason=profile_predicate action=maybe_recompile pc=0x000001d634ab1364 method=java.util.concurrent.ConcurrentHashMap$Traverser.advance()Ljava/util/concurrent/ConcurrentHashMap$Node; @ 15 c2
Event: 64.177 Thread 0x000001d687b9f820 DEOPT PACKING pc=0x000001d634ab1364 sp=0x000000470d3fd300
Event: 64.177 Thread 0x000001d687b9f820 DEOPT UNPACKING pc=0x000001d633f17c02 sp=0x000000470d3fcf98 mode 2
Event: 64.206 Thread 0x000001d688fb5680 Uncommon trap: trap_request=0xffffffbe fr.pc=0x000001d634ab1364 relative=0x0000000000006d44
Event: 64.206 Thread 0x000001d688fb5680 Uncommon trap: reason=profile_predicate action=maybe_recompile pc=0x000001d634ab1364 method=java.util.concurrent.ConcurrentHashMap$Traverser.advance()Ljava/util/concurrent/ConcurrentHashMap$Node; @ 15 c2
Event: 64.206 Thread 0x000001d688fb5680 DEOPT PACKING pc=0x000001d634ab1364 sp=0x000000470cffd2e0
Event: 64.206 Thread 0x000001d688fb5680 DEOPT UNPACKING pc=0x000001d633f17c02 sp=0x000000470cffcf78 mode 2
Event: 72.135 Thread 0x000001d687911e90 Uncommon trap: trap_request=0xffffffde fr.pc=0x000001d634817544 relative=0x0000000000000aa4
Event: 72.135 Thread 0x000001d687911e90 Uncommon trap: reason=class_check action=maybe_recompile pc=0x000001d634817544 method=org.springframework.util.ConcurrentLruCache.processRead(Lorg/springframework/util/ConcurrentLruCache$Node;)V @ 16 c2
Event: 72.135 Thread 0x000001d687911e90 DEOPT PACKING pc=0x000001d634817544 sp=0x000000470d4fd830
Event: 72.135 Thread 0x000001d687911e90 DEOPT UNPACKING pc=0x000001d633f17c02 sp=0x000000470d4fd6f8 mode 2

Classes loaded (20 events):
Event: 13.666 Loading class java/util/OptionalLong
Event: 13.666 Loading class java/util/OptionalLong done
Event: 13.666 Loading class java/util/OptionalDouble
Event: 13.667 Loading class java/util/OptionalDouble done
Event: 13.740 Loading class java/util/stream/LongStream
Event: 13.742 Loading class java/util/stream/LongStream done
Event: 13.742 Loading class java/util/stream/DoubleStream
Event: 13.743 Loading class java/util/stream/DoubleStream done
Event: 13.928 Loading class java/util/function/LongSupplier
Event: 13.928 Loading class java/util/function/LongSupplier done
Event: 13.961 Loading class org/w3c/dom/Node
Event: 13.962 Loading class org/w3c/dom/Node done
Event: 13.962 Loading class org/w3c/dom/Document
Event: 13.962 Loading class org/w3c/dom/Document done
Event: 14.141 Loading class java/lang/invoke/MethodHandleImpl$CountingWrapper$1
Event: 14.142 Loading class java/lang/invoke/MethodHandleImpl$CountingWrapper$1 done
Event: 24.555 Loading class jdk/internal/math/FormattedFPDecimal
Event: 24.557 Loading class jdk/internal/math/FormattedFPDecimal done
Event: 29.495 Loading class sun/util/locale/LocaleExtensions
Event: 29.497 Loading class sun/util/locale/LocaleExtensions done

Classes unloaded (20 events):
Event: 50.453 Thread 0x000001d6411fbca0 Unloading class 0x000001d643852c00 'java/lang/invoke/LambdaForm$BMH+0x000001d643852c00'
Event: 50.453 Thread 0x000001d6411fbca0 Unloading class 0x000001d643852000 'java/lang/invoke/LambdaForm$BMH+0x000001d643852000'
Event: 50.453 Thread 0x000001d6411fbca0 Unloading class 0x000001d643852800 'java/lang/invoke/LambdaForm$BMH+0x000001d643852800'
Event: 50.453 Thread 0x000001d6411fbca0 Unloading class 0x000001d643852400 'java/lang/invoke/LambdaForm$BMH+0x000001d643852400'
Event: 50.453 Thread 0x000001d6411fbca0 Unloading class 0x000001d643851c00 'java/lang/invoke/LambdaForm$DMH+0x000001d643851c00'
Event: 50.453 Thread 0x000001d6411fbca0 Unloading class 0x000001d643851800 'java/lang/invoke/LambdaForm$DMH+0x000001d643851800'
Event: 50.453 Thread 0x000001d6411fbca0 Unloading class 0x000001d643851400 'java/lang/invoke/LambdaForm$DMH+0x000001d643851400'
Event: 50.453 Thread 0x000001d6411fbca0 Unloading class 0x000001d643850c00 'java/lang/invoke/LambdaForm$DMH+0x000001d643850c00'
Event: 50.453 Thread 0x000001d6411fbca0 Unloading class 0x000001d643850800 'java/lang/invoke/LambdaForm$DMH+0x000001d643850800'
Event: 50.453 Thread 0x000001d6411fbca0 Unloading class 0x000001d643850000 'java/lang/invoke/LambdaForm$DMH+0x000001d643850000'
Event: 50.453 Thread 0x000001d6411fbca0 Unloading class 0x000001d643845000 'java/lang/invoke/LambdaForm$DMH+0x000001d643845000'
Event: 50.453 Thread 0x000001d6411fbca0 Unloading class 0x000001d643844c00 'java/lang/invoke/LambdaForm$DMH+0x000001d643844c00'
Event: 50.453 Thread 0x000001d6411fbca0 Unloading class 0x000001d643844400 'java/lang/invoke/LambdaForm$DMH+0x000001d643844400'
Event: 50.453 Thread 0x000001d6411fbca0 Unloading class 0x000001d643844800 'java/lang/invoke/LambdaForm$DMH+0x000001d643844800'
Event: 50.453 Thread 0x000001d6411fbca0 Unloading class 0x000001d64383c000 'java/lang/invoke/LambdaForm$DMH+0x000001d64383c000'
Event: 50.453 Thread 0x000001d6411fbca0 Unloading class 0x000001d64383c400 'java/lang/invoke/LambdaForm$DMH+0x000001d64383c400'
Event: 50.453 Thread 0x000001d6411fbca0 Unloading class 0x000001d643834c00 'java/lang/invoke/LambdaForm$DMH+0x000001d643834c00'
Event: 50.453 Thread 0x000001d6411fbca0 Unloading class 0x000001d643835000 'java/lang/invoke/LambdaForm$DMH+0x000001d643835000'
Event: 50.453 Thread 0x000001d6411fbca0 Unloading class 0x000001d643834800 'java/lang/invoke/LambdaForm$DMH+0x000001d643834800'
Event: 50.453 Thread 0x000001d6411fbca0 Unloading class 0x000001d643834000 'java/lang/invoke/LambdaForm$DMH+0x000001d643834000'

Classes redefined (0 events):
No events

Internal exceptions (20 events):
Event: 13.871 Thread 0x000001d688fbbce0 Exception <a 'java/lang/NoSuchMethodError'{0x0000000088abc0f8}: 'void java.lang.invoke.DirectMethodHandle$Holder.invokeSpecialIFC(java.lang.Object, java.lang.Object, int, java.lang.Object, java.lang.Object, java.lang.Object, java.lang.Object)'> (0x0000000088abc0f8) 
thrown [s\open\src\hotspot\share\interpreter\linkResolver.cpp, line 805]
Event: 13.881 Thread 0x000001d688fb9fa0 Exception <a 'java/lang/NoSuchMethodError'{0x0000000087555b18}: 'void java.lang.invoke.Invokers$Holder.invokeExact_MT(java.lang.Object, java.lang.Object, int, java.lang.Object)'> (0x0000000087555b18) 
thrown [s\open\src\hotspot\share\interpreter\linkResolver.cpp, line 805]
Event: 13.927 Thread 0x000001d688fb9fa0 Exception <a 'java/lang/IncompatibleClassChangeError'{0x0000000087445eb0}: Found class java.lang.Object, but interface was expected> (0x0000000087445eb0) 
thrown [s\open\src\hotspot\share\interpreter\linkResolver.cpp, line 872]
Event: 13.927 Thread 0x000001d687b9f0d0 Exception <a 'java/lang/IncompatibleClassChangeError'{0x00000000874c8318}: Found class java.lang.Object, but interface was expected> (0x00000000874c8318) 
thrown [s\open\src\hotspot\share\interpreter\linkResolver.cpp, line 872]
Event: 13.927 Thread 0x000001d688fbbce0 Exception <a 'java/lang/IncompatibleClassChangeError'{0x000000008748bb38}: Found class java.lang.Object, but interface was expected> (0x000000008748bb38) 
thrown [s\open\src\hotspot\share\interpreter\linkResolver.cpp, line 872]
Event: 13.985 Thread 0x000001d688fbb590 Exception <a 'java/lang/NoSuchMethodError'{0x00000000871f4448}: 'double java.lang.invoke.DirectMethodHandle$Holder.invokeVirtual(java.lang.Object, java.lang.Object)'> (0x00000000871f4448) 
thrown [s\open\src\hotspot\share\interpreter\linkResolver.cpp, line 805]
Event: 13.985 Thread 0x000001d688fb5680 Exception <a 'java/lang/NoSuchMethodError'{0x00000000870103e8}: 'double java.lang.invoke.DirectMethodHandle$Holder.invokeVirtual(java.lang.Object, java.lang.Object)'> (0x00000000870103e8) 
thrown [s\open\src\hotspot\share\interpreter\linkResolver.cpp, line 805]
Event: 13.985 Thread 0x000001d688fb9fa0 Exception <a 'java/lang/NoSuchMethodError'{0x000000008718ed18}: 'double java.lang.invoke.DirectMethodHandle$Holder.invokeVirtual(java.lang.Object, java.lang.Object)'> (0x000000008718ed18) 
thrown [s\open\src\hotspot\share\interpreter\linkResolver.cpp, line 805]
Event: 13.985 Thread 0x000001d688fbbce0 Exception <a 'java/lang/NoSuchMethodError'{0x00000000871e5dd0}: 'double java.lang.invoke.DirectMethodHandle$Holder.invokeVirtual(java.lang.Object, java.lang.Object)'> (0x00000000871e5dd0) 
thrown [s\open\src\hotspot\share\interpreter\linkResolver.cpp, line 805]
Event: 13.986 Thread 0x000001d688fbbce0 Exception <a 'java/lang/NoSuchMethodError'{0x000000008707fd70}: 'double java.lang.invoke.DirectMethodHandle$Holder.invokeSpecial(java.lang.Object, java.lang.Object, java.lang.Object)'> (0x000000008707fd70) 
thrown [s\open\src\hotspot\share\interpreter\linkResolver.cpp, line 805]
Event: 13.986 Thread 0x000001d688fbb590 Exception <a 'java/lang/NoSuchMethodError'{0x00000000870c41a8}: 'double java.lang.invoke.DelegatingMethodHandle$Holder.reinvoke_L(java.lang.Object, java.lang.Object)'> (0x00000000870c41a8) 
thrown [s\open\src\hotspot\share\interpreter\linkResolver.cpp, line 805]
Event: 13.986 Thread 0x000001d688fb5680 Exception <a 'java/lang/NoSuchMethodError'{0x00000000870aa448}: 'double java.lang.invoke.DelegatingMethodHandle$Holder.reinvoke_L(java.lang.Object, java.lang.Object)'> (0x00000000870aa448) 
thrown [s\open\src\hotspot\share\interpreter\linkResolver.cpp, line 805]
Event: 13.986 Thread 0x000001d688fb9fa0 Exception <a 'java/lang/NoSuchMethodError'{0x0000000087062640}: 'double java.lang.invoke.DelegatingMethodHandle$Holder.reinvoke_L(java.lang.Object, java.lang.Object)'> (0x0000000087062640) 
thrown [s\open\src\hotspot\share\interpreter\linkResolver.cpp, line 805]
Event: 13.986 Thread 0x000001d687b9f0d0 Exception <a 'java/lang/NoSuchMethodError'{0x0000000087035400}: 'double java.lang.invoke.DelegatingMethodHandle$Holder.reinvoke_L(java.lang.Object, java.lang.Object)'> (0x0000000087035400) 
thrown [s\open\src\hotspot\share\interpreter\linkResolver.cpp, line 805]
Event: 13.986 Thread 0x000001d688fbbce0 Exception <a 'java/lang/NoSuchMethodError'{0x0000000087088000}: 'double java.lang.invoke.DelegatingMethodHandle$Holder.reinvoke_L(java.lang.Object, java.lang.Object)'> (0x0000000087088000) 
thrown [s\open\src\hotspot\share\interpreter\linkResolver.cpp, line 805]
Event: 32.076 Thread 0x000001d687b9f0d0 Implicit null exception at 0x000001d6348bec04 to 0x000001d6348bf2a4
Event: 64.143 Thread 0x000001d688fb9fa0 Implicit null exception at 0x000001d634aac27a to 0x000001d634ab1320
Event: 64.143 Thread 0x000001d688fb9fa0 Implicit null exception at 0x000001d634aac27a to 0x000001d634ab1320
Event: 64.176 Thread 0x000001d687b9f820 Implicit null exception at 0x000001d634aac27a to 0x000001d634ab1320
Event: 64.206 Thread 0x000001d688fb5680 Implicit null exception at 0x000001d634aac27a to 0x000001d634ab1320

VM Operations (20 events):
Event: 60.211 Executing VM operation: G1CollectForAllocation (G1 Evacuation Pause)
Event: 60.213 Executing VM operation: G1CollectForAllocation (G1 Evacuation Pause) done
Event: 62.363 Executing VM operation: G1CollectForAllocation (G1 Evacuation Pause)
Event: 62.365 Executing VM operation: G1CollectForAllocation (G1 Evacuation Pause) done
Event: 62.382 Executing VM operation: G1PauseRemark
Event: 62.385 Executing VM operation: G1PauseRemark done
Event: 62.391 Executing VM operation: G1PauseCleanup
Event: 62.391 Executing VM operation: G1PauseCleanup done
Event: 65.406 Executing VM operation: G1CollectForAllocation (G1 Evacuation Pause)
Event: 65.407 Executing VM operation: G1CollectForAllocation (G1 Evacuation Pause) done
Event: 69.445 Executing VM operation: G1CollectForAllocation (G1 Evacuation Pause)
Event: 69.447 Executing VM operation: G1CollectForAllocation (G1 Evacuation Pause) done
Event: 75.565 Executing VM operation: G1CollectForAllocation (G1 Evacuation Pause)
Event: 75.567 Executing VM operation: G1CollectForAllocation (G1 Evacuation Pause) done
Event: 75.592 Executing VM operation: G1PauseRemark
Event: 75.601 Executing VM operation: G1PauseRemark done
Event: 75.609 Executing VM operation: G1PauseCleanup
Event: 75.609 Executing VM operation: G1PauseCleanup done
Event: 80.985 Executing VM operation: G1CollectForAllocation (G1 Evacuation Pause)
Event: 80.987 Executing VM operation: G1CollectForAllocation (G1 Evacuation Pause) done

Memory protections (0 events):
No events

Nmethod flushes (20 events):
Event: 75.599 Thread 0x000001d6411fbca0 flushing  nmethod 0x000001d62d647488
Event: 75.599 Thread 0x000001d6411fbca0 flushing  nmethod 0x000001d62d648a88
Event: 75.599 Thread 0x000001d6411fbca0 flushing  nmethod 0x000001d62d6ad188
Event: 75.599 Thread 0x000001d6411fbca0 flushing  nmethod 0x000001d62d6b1108
Event: 75.599 Thread 0x000001d6411fbca0 flushing  nmethod 0x000001d62d6d8108
Event: 75.599 Thread 0x000001d6411fbca0 flushing  nmethod 0x000001d62d80c688
Event: 75.599 Thread 0x000001d6411fbca0 flushing  nmethod 0x000001d62ca51a08
Event: 75.599 Thread 0x000001d6411fbca0 flushing  nmethod 0x000001d62ca86308
Event: 75.599 Thread 0x000001d6411fbca0 flushing  nmethod 0x000001d62cf87388
Event: 75.599 Thread 0x000001d6411fbca0 flushing  nmethod 0x000001d62d443c08
Event: 75.599 Thread 0x000001d6411fbca0 flushing  nmethod 0x000001d62d5ab188
Event: 75.599 Thread 0x000001d6411fbca0 flushing  nmethod 0x000001d62d65c488
Event: 75.599 Thread 0x000001d6411fbca0 flushing  nmethod 0x000001d62d65d588
Event: 75.599 Thread 0x000001d6411fbca0 flushing  nmethod 0x000001d62d65df08
Event: 75.599 Thread 0x000001d6411fbca0 flushing  nmethod 0x000001d62d65e408
Event: 75.599 Thread 0x000001d6411fbca0 flushing  nmethod 0x000001d62d663988
Event: 75.599 Thread 0x000001d6411fbca0 flushing  nmethod 0x000001d62d664e08
Event: 75.599 Thread 0x000001d6411fbca0 flushing  nmethod 0x000001d62d665b88
Event: 75.599 Thread 0x000001d6411fbca0 flushing  nmethod 0x000001d62d72c988
Event: 75.599 Thread 0x000001d6411fbca0 flushing  nmethod 0x000001d62d7f8f08

Events (20 events):
Event: 15.451 Thread 0x000001d68b18bbb0 Thread exited: 0x000001d68b18bbb0
Event: 18.645 Thread 0x000001d687910ff0 Thread exited: 0x000001d687910ff0
Event: 20.188 Thread 0x000001d641342980 Thread added: 0x000001d68b18a500
Event: 21.639 Thread 0x000001d68b18a500 Thread exited: 0x000001d68b18a500
Event: 23.973 Thread 0x000001d641342980 Thread added: 0x000001d68b18d260
Event: 24.408 Thread 0x000001d68b18d260 Thread exited: 0x000001d68b18d260
Event: 24.962 Thread 0x000001d641330aa0 Thread added: 0x000001d68b18d260
Event: 25.479 Thread 0x000001d68b18d260 Thread exited: 0x000001d68b18d260
Event: 31.177 Thread 0x000001d641342980 Thread added: 0x000001d641341a60
Event: 31.376 Thread 0x000001d641341a60 Thread exited: 0x000001d641341a60
Event: 34.914 Thread 0x000001d641342980 Thread added: 0x000001d6413447c0
Event: 35.115 Thread 0x000001d6413447c0 Thread exited: 0x000001d6413447c0
Event: 36.230 Thread 0x000001d641330aa0 Thread added: 0x000001d6413421f0
Event: 37.508 Thread 0x000001d6413421f0 Thread exited: 0x000001d6413421f0
Event: 39.144 Thread 0x000001d641330aa0 Thread added: 0x000001d6413447c0
Event: 40.084 Thread 0x000001d6413447c0 Thread exited: 0x000001d6413447c0
Event: 41.768 Thread 0x000001d641330aa0 Thread added: 0x000001d6413447c0
Event: 41.969 Thread 0x000001d6413447c0 Thread exited: 0x000001d6413447c0
Event: 42.234 Thread 0x000001d641330aa0 Thread added: 0x000001d6413447c0
Event: 42.561 Thread 0x000001d6413447c0 Thread exited: 0x000001d6413447c0


Dynamic libraries:
0x00007ff7e57d0000 - 0x00007ff7e57e0000 	C:\Program Files\Java\jdk-24\bin\java.exe
0x00007ffaf14d0000 - 0x00007ffaf16e7000 	C:\Windows\SYSTEM32\ntdll.dll
0x00007ffaef2c0000 - 0x00007ffaef384000 	C:\Windows\System32\KERNEL32.DLL
0x00007ffaee690000 - 0x00007ffaeea63000 	C:\Windows\System32\KERNELBASE.dll
0x00007ffaeec60000 - 0x00007ffaeed71000 	C:\Windows\System32\ucrtbase.dll
0x00007ffae8770000 - 0x00007ffae8786000 	C:\Program Files\Java\jdk-24\bin\jli.dll
0x00007ffadd760000 - 0x00007ffadd77b000 	C:\Program Files\Java\jdk-24\bin\VCRUNTIME140.dll
0x00007ffaf0b20000 - 0x00007ffaf0cd1000 	C:\Windows\System32\USER32.dll
0x00007ffaee5c0000 - 0x00007ffaee5e6000 	C:\Windows\System32\win32u.dll
0x00007ffacff90000 - 0x00007ffad022b000 	C:\Windows\WinSxS\amd64_microsoft.windows.common-controls_6595b64144ccf1df_6.0.22621.5262_none_2712bde373830908\COMCTL32.dll
0x00007ffaf0af0000 - 0x00007ffaf0b19000 	C:\Windows\System32\GDI32.dll
0x00007ffaeed80000 - 0x00007ffaeeea2000 	C:\Windows\System32\gdi32full.dll
0x00007ffaee5f0000 - 0x00007ffaee68a000 	C:\Windows\System32\msvcp_win.dll
0x00007ffaf0830000 - 0x00007ffaf08d7000 	C:\Windows\System32\msvcrt.dll
0x00007ffaefee0000 - 0x00007ffaeff11000 	C:\Windows\System32\IMM32.DLL
0x00007ffae7d90000 - 0x00007ffae7d9c000 	C:\Program Files\Java\jdk-24\bin\vcruntime140_1.dll
0x00007ffadd4f0000 - 0x00007ffadd57e000 	C:\Program Files\Java\jdk-24\bin\msvcp140.dll
0x00007ffa91120000 - 0x00007ffa91ec2000 	C:\Program Files\Java\jdk-24\bin\server\jvm.dll
0x00007ffaeff90000 - 0x00007ffaf0041000 	C:\Windows\System32\ADVAPI32.dll
0x00007ffaf0a40000 - 0x00007ffaf0ae7000 	C:\Windows\System32\sechost.dll
0x00007ffaeec30000 - 0x00007ffaeec58000 	C:\Windows\System32\bcrypt.dll
0x00007ffaf1370000 - 0x00007ffaf1484000 	C:\Windows\System32\RPCRT4.dll
0x00007ffaf0e40000 - 0x00007ffaf0eb1000 	C:\Windows\System32\WS2_32.dll
0x00007ffaed440000 - 0x00007ffaed48d000 	C:\Windows\SYSTEM32\POWRPROF.dll
0x00007ffae6810000 - 0x00007ffae6844000 	C:\Windows\SYSTEM32\WINMM.dll
0x00007ffae7da0000 - 0x00007ffae7daa000 	C:\Windows\SYSTEM32\VERSION.dll
0x00007ffaed400000 - 0x00007ffaed413000 	C:\Windows\SYSTEM32\UMPDC.dll
0x00007ffaed6c0000 - 0x00007ffaed6d8000 	C:\Windows\SYSTEM32\kernel.appcore.dll
0x00007ffae6ff0000 - 0x00007ffae6ffa000 	C:\Program Files\Java\jdk-24\bin\jimage.dll
0x00007ffaeba70000 - 0x00007ffaebca2000 	C:\Windows\SYSTEM32\DBGHELP.DLL
0x00007ffaf0050000 - 0x00007ffaf03e3000 	C:\Windows\System32\combase.dll
0x00007ffaf0ce0000 - 0x00007ffaf0db7000 	C:\Windows\System32\OLEAUT32.dll
0x00007ffae3d70000 - 0x00007ffae3da2000 	C:\Windows\SYSTEM32\dbgcore.DLL
0x00007ffaeef70000 - 0x00007ffaeefeb000 	C:\Windows\System32\bcryptPrimitives.dll
0x00007ffae3800000 - 0x00007ffae380f000 	C:\Program Files\Java\jdk-24\bin\instrument.dll
0x00007ffadd740000 - 0x00007ffadd75e000 	C:\Program Files\Java\jdk-24\bin\java.dll
0x00007ffaf03f0000 - 0x00007ffaf0591000 	C:\Windows\System32\ole32.dll
0x00007ffaef3b0000 - 0x00007ffaefc4d000 	C:\Windows\System32\SHELL32.dll
0x00007ffaeea70000 - 0x00007ffaeebaf000 	C:\Windows\System32\wintypes.dll
0x00007ffaec4c0000 - 0x00007ffaecddd000 	C:\Windows\SYSTEM32\windows.storage.dll
0x00007ffaf06b0000 - 0x00007ffaf07bb000 	C:\Windows\System32\SHCORE.dll
0x00007ffaef1c0000 - 0x00007ffaef226000 	C:\Windows\System32\shlwapi.dll
0x00007ffaee4f0000 - 0x00007ffaee51b000 	C:\Windows\SYSTEM32\profapi.dll
0x00007ffad5ef0000 - 0x00007ffad5fc7000 	C:\Program Files\Java\jdk-24\bin\jsvml.dll
0x00007ffadd4b0000 - 0x00007ffadd4c7000 	C:\Program Files\Java\jdk-24\bin\zip.dll
0x00007ffae2c00000 - 0x00007ffae2c10000 	C:\Program Files\Java\jdk-24\bin\net.dll
0x00007ffaedb70000 - 0x00007ffaedbda000 	C:\Windows\system32\mswsock.dll
0x00007ffadd4d0000 - 0x00007ffadd4e6000 	C:\Program Files\Java\jdk-24\bin\nio.dll
0x00007ffadd490000 - 0x00007ffadd4aa000 	C:\Program Files\JetBrains\IntelliJ IDEA Community Edition 2024.3.3\bin\breakgen64.dll
0x00007ffadd480000 - 0x00007ffadd489000 	C:\Program Files\Java\jdk-24\bin\extnet.dll
0x00007ffadd460000 - 0x00007ffadd46a000 	C:\Program Files\Java\jdk-24\bin\management.dll
0x00007ffadd450000 - 0x00007ffadd45b000 	C:\Program Files\Java\jdk-24\bin\management_ext.dll
0x00007ffaefc50000 - 0x00007ffaefc58000 	C:\Windows\System32\PSAPI.DLL
0x00007ffadd470000 - 0x00007ffadd47e000 	C:\Program Files\Java\jdk-24\bin\sunmscapi.dll
0x00007ffaeeff0000 - 0x00007ffaef157000 	C:\Windows\System32\CRYPT32.dll
0x00007ffaedf60000 - 0x00007ffaedf8d000 	C:\Windows\SYSTEM32\ncrypt.dll
0x00007ffaedf20000 - 0x00007ffaedf57000 	C:\Windows\SYSTEM32\NTASN1.dll
0x00007ffaeddc0000 - 0x00007ffaedddb000 	C:\Windows\SYSTEM32\CRYPTSP.dll
0x00007ffaed620000 - 0x00007ffaed657000 	C:\Windows\system32\rsaenh.dll
0x00007ffaedc60000 - 0x00007ffaedc88000 	C:\Windows\SYSTEM32\USERENV.dll
0x00007ffaedde0000 - 0x00007ffaeddec000 	C:\Windows\SYSTEM32\CRYPTBASE.dll
0x00007ffaed0f0000 - 0x00007ffaed11d000 	C:\Windows\SYSTEM32\IPHLPAPI.DLL
0x00007ffaeff80000 - 0x00007ffaeff89000 	C:\Windows\System32\NSI.dll
0x00007ffadd440000 - 0x00007ffadd450000 	C:\Program Files\Java\jdk-24\bin\verify.dll
0x00007ffaed120000 - 0x00007ffaed218000 	C:\Windows\SYSTEM32\DNSAPI.dll
0x00007ffae7d70000 - 0x00007ffae7d7a000 	C:\Windows\System32\rasadhlp.dll
0x00007ffae7490000 - 0x00007ffae7513000 	C:\Windows\System32\fwpuclnt.dll
0x00007ffad3c40000 - 0x00007ffad3c48000 	C:\Windows\system32\wshunix.dll

dbghelp: loaded successfully - version: 4.0.5 - missing functions: none
symbol engine: initialized successfully - sym options: 0x614 - pdb path: .;C:\Program Files\Java\jdk-24\bin;C:\Windows\SYSTEM32;C:\Windows\WinSxS\amd64_microsoft.windows.common-controls_6595b64144ccf1df_6.0.22621.5262_none_2712bde373830908;C:\Program Files\Java\jdk-24\bin\server;C:\Program Files\JetBrains\IntelliJ IDEA Community Edition 2024.3.3\bin

VM Arguments:
jvm_args: --enable-preview -javaagent:C:\Program Files\JetBrains\IntelliJ IDEA Community Edition 2024.3.3\lib\idea_rt.jar=54573:C:\Program Files\JetBrains\IntelliJ IDEA Community Edition 2024.3.3\bin -Dfile.encoding=UTF-8 -Dsun.stdout.encoding=UTF-8 -Dsun.stderr.encoding=UTF-8 
java_command: com.senko.SenkoFavourite.SenkoFavouriteApplication
java_class_path (initial): G:\nodejsPro\website\backend\SenkoFavourite\target\classes;C:\Users\PC\.m2\repository\org\springframework\boot\spring-boot-starter-data-jpa\3.4.5\spring-boot-starter-data-jpa-3.4.5.jar;C:\Users\PC\.m2\repository\org\springframework\boot\spring-boot-starter\3.4.5\spring-boot-starter-3.4.5.jar;C:\Users\PC\.m2\repository\org\springframework\boot\spring-boot-starter-logging\3.4.5\spring-boot-starter-logging-3.4.5.jar;C:\Users\PC\.m2\repository\ch\qos\logback\logback-classic\1.5.18\logback-classic-1.5.18.jar;C:\Users\PC\.m2\repository\ch\qos\logback\logback-core\1.5.18\logback-core-1.5.18.jar;C:\Users\PC\.m2\repository\org\apache\logging\log4j\log4j-to-slf4j\2.24.3\log4j-to-slf4j-2.24.3.jar;C:\Users\PC\.m2\repository\org\apache\logging\log4j\log4j-api\2.24.3\log4j-api-2.24.3.jar;C:\Users\PC\.m2\repository\org\slf4j\jul-to-slf4j\2.0.17\jul-to-slf4j-2.0.17.jar;C:\Users\PC\.m2\repository\jakarta\annotation\jakarta.annotation-api\2.1.1\jakarta.annotation-api-2.1.1.jar;C:\Users\PC\.m2\repository\org\yaml\snakeyaml\2.3\snakeyaml-2.3.jar;C:\Users\PC\.m2\repository\org\springframework\boot\spring-boot-starter-jdbc\3.4.5\spring-boot-starter-jdbc-3.4.5.jar;C:\Users\PC\.m2\repository\com\zaxxer\HikariCP\5.1.0\HikariCP-5.1.0.jar;C:\Users\PC\.m2\repository\org\springframework\spring-jdbc\6.2.6\spring-jdbc-6.2.6.jar;C:\Users\PC\.m2\repository\org\hibernate\orm\hibernate-core\6.6.13.Final\hibernate-core-6.6.13.Final.jar;C:\Users\PC\.m2\repository\jakarta\persistence\jakarta.persistence-api\3.1.0\jakarta.persistence-api-3.1.0.jar;C:\Users\PC\.m2\repository\jakarta\transaction\jakarta.transaction-api\2.0.1\jakarta.transaction-api-2.0.1.jar;C:\Users\PC\.m2\repository\org\jboss\logging\jboss-logging\3.6.1.Final\jboss-logging-3.6.1.Final.jar;C:\Users\PC\.m2\repository\org\hibernate\common\hibernate-commons-annotations\7.0.3.Final\hibernate-commons-annotations-7.0.3.Final.jar;C:\Users\PC\.m2\repository\io\smallrye\jandex\3.2.0\jandex-3.2.0.jar;C:\Users\PC\.m2\repository\com\fasterxml\classmate\1.7.0\classmate-1.7.0.jar;C:\Users\PC\.m2\repository\net\bytebuddy\byte-buddy\1.15.11\byte-buddy-1.15.11.jar;C:\Users\PC\.m2\repository\org\glassfish\jaxb\jaxb-runtime\4.0.5\jaxb-runtime-4.0.5.jar;C:\Users\PC\.m2\repository\org\glassfish\jaxb\jaxb-core\4.0.5\jaxb-core-4.0.5.jar;C:\Users\PC\.m2\repository\org\eclipse\angus\angus-activation\2.0.2\angus-activation-2.0.2.jar;C:\Users\PC\.m2\repository\org\glassfish\jaxb\txw2\4.0.5\txw2-4.0.5.jar;C:\Users\PC\.m2\repository\com\sun\istack\istack-commons-runtime\4.1.2\istack-commons-runtime-4.1.2.jar;C:\Users\PC\.m2\repository\jakarta\inject\jakarta.inject-api\2.0.1\jakarta.inject-api-2.0.1.jar;C:\Users\PC\.m2\repository\org\antlr\antlr4-runtime\4.13.0\antlr4-runtime-4.13.0.jar;C:\Users\PC\.m2\repository\org\springframework\data\spring-data-jpa\3.4.5\spring-data-jpa-3.4.5.jar;C:\Users\PC\.m2\repository\org\springframework\data\spring-data-commons\3.4.5\spring-data-commons-3.4.5.jar;C:\Users\PC\.m2\repository\org\springframework\spring-orm\6.2.6\spring-orm-6.2.6.jar;C:\Users\PC\.m2\repository\org\springframework\spring-context\6.2.6\spring-context-6.2.6.jar;C:\Users\PC\.m2\repository\org\springframework\spring-aop\6.2.6\spring-aop-6.2.6.jar;C:\Users\PC\.m2\repository\org\springframework\spring-tx\6.2.6\spring-tx-6.2.6.jar;C:\Users\PC\.m2\repository\org\springframework\spring-beans\6.2.6\spring-beans-6.2.6.jar;C:\Users\PC\.m2\repository\org\slf4j\slf4j-api\2.0.17\slf4j-api-2.0.17.jar;C:\Users\PC\.m2\repository\org\springframework\spring-aspects\6.2.6\spring-aspects-6.2.6.jar;C:\Users\PC\.m2\repository\org\aspectj\aspectjweaver\1.9.24\aspectjweaver-1.9.24.jar;C:\Users\PC\.m2\repository\org\springframework\boot\spring-boot-starter-web\3.4.5\spring-boot-starter-web-3.4.5.jar;C:\Users\PC\.m2\repository\org\springframework\boot\spring-boot-starter-json\3.4.5\spring-boot-starter-json-3.4.5.jar;C:\Users\PC\.m2\repository\com\fasterxml\jackson\core\jackson-databind\2.18.3\jackson-databind-2.18.3.jar;C:\Users\PC\.m2\repository\com\fasterxml\jackson\core\jackson-annotations\2.18.3\jackson-annotations-2.18.3.jar;C:\Users\PC\.m2\repository\com\fasterxml\jackson\core\jackson-core\2.18.3\jackson-core-2.18.3.jar;C:\Users\PC\.m2\repository\com\fasterxml\jackson\datatype\jackson-datatype-jdk8\2.18.3\jackson-datatype-jdk8-2.18.3.jar;C:\Users\PC\.m2\repository\com\fasterxml\jackson\datatype\jackson-datatype-jsr310\2.18.3\jackson-datatype-jsr310-2.18.3.jar;C:\Users\PC\.m2\repository\com\fasterxml\jackson\module\jackson-module-parameter-names\2.18.3\jackson-module-parameter-names-2.18.3.jar;C:\Users\PC\.m2\repository\org\springframework\boot\spring-boot-starter-tomcat\3.4.5\spring-boot-starter-tomcat-3.4.5.jar;C:\Users\PC\.m2\repository\org\apache\tomcat\embed\tomcat-embed-core\10.1.40\tomcat-embed-core-10.1.40.jar;C:\Users\PC\.m2\repository\org\apache\tomcat\embed\tomcat-embed-el\10.1.40\tomcat-embed-el-10.1.40.jar;C:\Users\PC\.m2\repository\org\apache\tomcat\embed\tomcat-embed-websocket\10.1.40\tomcat-embed-websocket-10.1.40.jar;C:\Users\PC\.m2\repository\org\springframework\spring-web\6.2.6\spring-web-6.2.6.jar;C:\Users\PC\.m2\repository\io\micrometer\micrometer-observation\1.14.6\micrometer-observation-1.14.6.jar;C:\Users\PC\.m2\repository\io\micrometer\micrometer-commons\1.14.6\micrometer-commons-1.14.6.jar;C:\Users\PC\.m2\repository\org\springframework\spring-webmvc\6.2.6\spring-webmvc-6.2.6.jar;C:\Users\PC\.m2\repository\org\springframework\spring-expression\6.2.6\spring-expression-6.2.6.jar;C:\Users\PC\.m2\repository\org\springframework\boot\spring-boot-devtools\3.4.5\spring-boot-devtools-3.4.5.jar;C:\Users\PC\.m2\repository\org\springframework\boot\spring-boot\3.4.5\spring-boot-3.4.5.jar;C:\Users\PC\.m2\repository\org\springframework\boot\spring-boot-autoconfigure\3.4.5\spring-boot-autoconfigure-3.4.5.jar;C:\Users\PC\.m2\repository\org\postgresql\postgresql\42.7.5\postgresql-42.7.5.jar;C:\Users\PC\.m2\repository\org\checkerframework\checker-qual\3.48.3\checker-qual-3.48.3.jar;C:\Users\PC\.m2\repository\org\projectlombok\lombok\1.18.38\lombok-1.18.38.jar;C:\Users\PC\.m2\repository\jakarta\xml\bind\jakarta.xml.bind-api\4.0.2\jakarta.xml.bind-api-4.0.2.jar;C:\Users\PC\.m2\repository\jakarta\activation\jakarta.activation-api\2.1.3\jakarta.activation-api-2.1.3.jar;C:\Users\PC\.m2\repository\org\springframework\spring-core\6.2.6\spring-core-6.2.6.jar;C:\Users\PC\.m2\repository\org\springframework\spring-jcl\6.2.6\spring-jcl-6.2.6.jar;C:\Users\PC\.m2\repository\org\mapstruct\mapstruct\1.6.3\mapstruct-1.6.3.jar
Launcher Type: SUN_STANDARD

[Global flags]
     intx CICompilerCount                          = 4                                         {product} {ergonomic}
     uint ConcGCThreads                            = 3                                         {product} {ergonomic}
     uint G1ConcRefinementThreads                  = 10                                        {product} {ergonomic}
   size_t G1HeapRegionSize                         = 1048576                                   {product} {ergonomic}
   size_t InitialHeapSize                          = 130023424                                 {product} {ergonomic}
   size_t MarkStackSize                            = 4194304                                   {product} {ergonomic}
   size_t MarkStackSizeMax                         = 536870912                                 {product} {ergonomic}
   size_t MaxHeapSize                              = 2076180480                                {product} {ergonomic}
   size_t MaxNewSize                               = 1245708288                                {product} {ergonomic}
   size_t MinHeapDeltaBytes                        = 1048576                                   {product} {ergonomic}
   size_t MinHeapSize                              = 8388608                                   {product} {ergonomic}
    uintx NonNMethodCodeHeapSize                   = 5832704                                {pd product} {ergonomic}
    uintx NonProfiledCodeHeapSize                  = 122945536                              {pd product} {ergonomic}
    uintx ProfiledCodeHeapSize                     = 122880000                              {pd product} {ergonomic}
    uintx ReservedCodeCacheSize                    = 251658240                              {pd product} {ergonomic}
     bool SegmentedCodeCache                       = true                                      {product} {ergonomic}
   size_t SoftMaxHeapSize                          = 2076180480                             {manageable} {ergonomic}
     bool UseCompressedOops                        = true                           {product lp64_product} {ergonomic}
     bool UseG1GC                                  = true                                      {product} {ergonomic}
     bool UseLargePagesIndividualAllocation        = false                                  {pd product} {ergonomic}

Logging:
Log output configuration:
 #0: stdout all=warning uptime,level,tags foldmultilines=false
 #1: stderr all=off uptime,level,tags foldmultilines=false

Environment Variables:
PATH=G:\WINDOWS.X64_193000_db_home\bin;C:\Program Files\Common Files\Oracle\Java\javapath;C:\Program Files (x86)\Common Files\Oracle\Java\javapath;C:\Windows\system32;C:\Windows;C:\Windows\System32\Wbem;C:\Windows\System32\WindowsPowerShell\v1.0\;C:\Windows\System32\OpenSSH\;C:\Program Files (x86)\NVIDIA Corporation\PhysX\Common;C:\Program Files\NVIDIA Corporation\NVIDIA NvDLISR;C:\Program Files\Microsoft SQL Server\130\Tools\Binn\;C:\Program Files\dotnet\;C:\Program Files (x86)\Windows Kits\10\Windows Performance Toolkit\;C:\Program Files\Git\cmd;C:\Program Files (x86)\Microsoft SQL Server\160\DTS\Binn\;C:\Program Files (x86)\Microsoft SQL Server\160\Tools\Binn\;C:\Program Files\Microsoft SQL Server\160\Tools\Binn\;C:\Program Files\Microsoft SQL Server\Client SDK\ODBC\170\Tools\Binn\;C:\Program Files\Microsoft SQL Server\160\DTS\Binn\;C:\ProgramData\chocolatey\bin;C:\ProgramData\chocolatey\lib\maven\apache-maven-3.9.9\bin;C:\Program Files\Java\jdk-24;C:\Program Files\Java\jdk-23\bin;C:\Program Files (x86)\WiX Toolset v3.14\bin;G:\nodejs\;G:\PostgreSQL\17\bin;C:\Users\PC\AppData\Local\Programs\Python\Python312\Scripts\;C:\Users\PC\AppData\Local\Programs\Python\Python312\;C:\Users\PC\AppData\Local\Programs\Python\Launcher\;C:\Users\PC\AppData\Local\Microsoft\WindowsApps;C:\Users\PC\.dotnet\tools;C:\Users\PC\AppData\Local\GitHubDesktop\bin;C:\Users\PC\AppData\Local\Programs\Microsoft VS Code\bin;C:\Program Files\Multipass\bin;C:\Users\PC\AppData\Roaming\Python\Scripts;C:\Program Files\Java\jdk-24\bin;C:\Users\PC\AppData\Roaming\npm
USERNAME=PC
OS=Windows_NT
PROCESSOR_IDENTIFIER=Intel64 Family 6 Model 141 Stepping 1, GenuineIntel
TMP=C:\Users\PC\AppData\Local\Temp
TEMP=C:\Users\PC\AppData\Local\Temp




Periodic native trim disabled

---------------  S Y S T E M  ---------------

OS:
 Windows 11 , 64 bit Build 22621 (10.0.22621.5262)
OS uptime: 0 days 13:54 hours
Hyper-V role detected

CPU: total 12 (initial active 12) (6 cores per cpu, 2 threads per core) family 6 model 141 stepping 1 microcode 0x50, cx8, cmov, fxsr, ht, mmx, 3dnowpref, sse, sse2, sse3, ssse3, sse4.1, sse4.2, popcnt, lzcnt, tsc, tscinvbit, avx, avx2, aes, erms, clmul, bmi1, bmi2, adx, avx512f, avx512dq, avx512cd, avx512bw, avx512vl, sha, fma, vzeroupper, avx512_vpopcntdq, avx512_vpclmulqdq, avx512_vaes, avx512_vnni, clflush, clflushopt, clwb, avx512_vbmi2, avx512_vbmi, hv, rdtscp, rdpid, fsrm, gfni, avx512_bitalg, f16c, cet_ibt, cet_ss, avx512_ifma
Processor Information for the first 12 processors :
  Max Mhz: 2688, Current Mhz: 2688, Mhz Limit: 2688

Memory: 4k page, system-wide physical 7914M (618M free)
TotalPageFile size 32490M (AvailPageFile size 1M)
current process WorkingSet (physical memory assigned to process): 183M, peak: 282M
current process commit charge ("private bytes"): 305M, peak: 332M

vm_info: Java HotSpot(TM) 64-Bit Server VM (24+36-3646) for windows-amd64 JRE (24+36-3646), built on 2025-02-06T00:20:43Z with MS VC++ 17.6 (VS2022)

END.
