#
# There is insufficient memory for the Java Runtime Environment to continue.
# Native memory allocation (malloc) failed to allocate 1103248 bytes. Error detail: Chunk::new
# Possible reasons:
#   The system is out of physical RAM or swap space
#   This process is running with CompressedOops enabled, and the Java Heap may be blocking the growth of the native heap
# Possible solutions:
#   Reduce memory load on the system
#   Increase physical memory or swap space
#   Check if swap backing store is full
#   Decrease Java heap size (-Xmx/-Xms)
#   Decrease number of Java threads
#   Decrease Java thread stack sizes (-Xss)
#   Set larger code cache with -XX:ReservedCodeCacheSize=
#   JVM is running with Unscaled Compressed Oops mode in which the Java heap is
#     placed in the first 4GB address space. The Java Heap base address is the
#     maximum limit for the native heap growth. Please use -XX:HeapBaseMinAddress
#     to set the Java Heap base and to place the Java Heap above 4GB virtual address.
# This output file may be truncated or incomplete.
#
#  Out of Memory Error (arena.cpp:162), pid=9388, tid=17708
#
# JRE version: Java(TM) SE Runtime Environment (24.0+36) (build 24+36-3646)
# Java VM: Java HotSpot(TM) 64-Bit Server VM (24+36-3646, mixed mode, sharing, tiered, compressed oops, compressed class ptrs, g1 gc, windows-amd64)
# No core dump will be written. Minidumps are not enabled by default on client versions of Windows
#

---------------  S U M M A R Y ------------

Command Line: --enable-preview -javaagent:C:\Program Files\JetBrains\IntelliJ IDEA Community Edition 2024.3.3\lib\idea_rt.jar=50664:C:\Program Files\JetBrains\IntelliJ IDEA Community Edition 2024.3.3\bin -Dfile.encoding=UTF-8 -Dsun.stdout.encoding=UTF-8 -Dsun.stderr.encoding=UTF-8 com.senko.SenkoFavourite.SenkoFavouriteApplication

Host: 11th Gen Intel(R) Core(TM) i5-11400H @ 2.70GHz, 12 cores, 7G,  Windows 11 , 64 bit Build 22621 (10.0.22621.5262)
Time: Thu May 15 13:17:39 2025 SE Asia Standard Time elapsed time: 95.937157 seconds (0d 0h 1m 35s)

---------------  T H R E A D  ---------------

Current thread (0x0000021cee891210):  JavaThread "C2 CompilerThread0" daemon [_thread_in_native, id=17708, stack(0x0000003183400000,0x0000003183500000) (1024K)]


Current CompileTask:
C2:95937 14026       4       org.springframework.boot.web.error.ErrorAttributeOptions::retainIncluded (55 bytes)

Stack: [0x0000003183400000,0x0000003183500000]
Native frames: (J=compiled Java code, j=interpreted, Vv=VM code, C=native code)
V  [jvm.dll+0x7308c9]  (no source info available)
V  [jvm.dll+0x8d9ca3]  (no source info available)
V  [jvm.dll+0x8dc13d]  (no source info available)
V  [jvm.dll+0x8dc7b3]  (no source info available)
V  [jvm.dll+0x2aa046]  (no source info available)
V  [jvm.dll+0xced8f]  (no source info available)
V  [jvm.dll+0xcefef]  (no source info available)
V  [jvm.dll+0x154d23]  (no source info available)
V  [jvm.dll+0x7360ef]  (no source info available)
V  [jvm.dll+0x26f9dc]  (no source info available)
V  [jvm.dll+0x26e9ff]  (no source info available)
V  [jvm.dll+0x1e9d00]  (no source info available)
V  [jvm.dll+0x27e1bb]  (no source info available)
V  [jvm.dll+0x27c45a]  (no source info available)
V  [jvm.dll+0x42f566]  (no source info available)
V  [jvm.dll+0x87d8fb]  (no source info available)
V  [jvm.dll+0x72efe5]  (no source info available)
C  [ucrtbase.dll+0x29333]  (no source info available)
C  [KERNEL32.DLL+0x1259d]  (no source info available)
C  [ntdll.dll+0x5af58]  (no source info available)

Lock stack of current Java thread (top to bottom):


---------------  P R O C E S S  ---------------

Threads class SMR info:
_java_thread_list=0x0000021cc6a19b40, length=31, elements={
0x0000021cee87c3b0, 0x0000021cee87cdb0, 0x0000021cee87fa90, 0x0000021cee880930,
0x0000021cee882560, 0x0000021cee885300, 0x0000021cee891210, 0x0000021cee899f10,
0x0000021cc50eb890, 0x0000021cc553c0f0, 0x0000021cc5544a00, 0x0000021cc64b8b30,
0x0000021cc64b9280, 0x0000021cc64b99d0, 0x0000021cc64b66a0, 0x0000021cc6d258c0,
0x0000021cc6d27d50, 0x0000021cc6d22ce0, 0x0000021cc6d23430, 0x0000021cc6d23b80,
0x0000021cc6d242d0, 0x0000021cc6d20fa0, 0x0000021cc6d24a20, 0x0000021cc6d216f0,
0x0000021cc6d25170, 0x0000021cc6d284a0, 0x0000021cc64b7540, 0x0000021cc64b6df0,
0x0000021cc83b1750, 0x0000021cc83b3490, 0x0000021cc83b25f0
}

Java Threads: ( => current thread )
  0x0000021cee87c3b0 JavaThread "Reference Handler"          daemon [_thread_blocked, id=3600, stack(0x0000003182e00000,0x0000003182f00000) (1024K)]
  0x0000021cee87cdb0 JavaThread "Finalizer"                  daemon [_thread_blocked, id=7868, stack(0x0000003182f00000,0x0000003183000000) (1024K)]
  0x0000021cee87fa90 JavaThread "Signal Dispatcher"          daemon [_thread_blocked, id=19348, stack(0x0000003183000000,0x0000003183100000) (1024K)]
  0x0000021cee880930 JavaThread "Attach Listener"            daemon [_thread_blocked, id=3604, stack(0x0000003183100000,0x0000003183200000) (1024K)]
  0x0000021cee882560 JavaThread "Service Thread"             daemon [_thread_blocked, id=20264, stack(0x0000003183200000,0x0000003183300000) (1024K)]
  0x0000021cee885300 JavaThread "Monitor Deflation Thread"   daemon [_thread_blocked, id=13028, stack(0x0000003183300000,0x0000003183400000) (1024K)]
=>0x0000021cee891210 JavaThread "C2 CompilerThread0"         daemon [_thread_in_native, id=17708, stack(0x0000003183400000,0x0000003183500000) (1024K)]
  0x0000021cee899f10 JavaThread "C1 CompilerThread0"         daemon [_thread_blocked, id=16588, stack(0x0000003183500000,0x0000003183600000) (1024K)]
  0x0000021cc50eb890 JavaThread "Common-Cleaner"             daemon [_thread_blocked, id=6572, stack(0x0000003183600000,0x0000003183700000) (1024K)]
  0x0000021cc553c0f0 JavaThread "Monitor Ctrl-Break"         daemon [_thread_in_native, id=14448, stack(0x0000003183800000,0x0000003183900000) (1024K)]
  0x0000021cc5544a00 JavaThread "Notification Thread"        daemon [_thread_blocked, id=16272, stack(0x0000003183900000,0x0000003183a00000) (1024K)]
  0x0000021cc64b8b30 JavaThread "Catalina-utility-1"                [_thread_blocked, id=15984, stack(0x0000003184700000,0x0000003184800000) (1024K)]
  0x0000021cc64b9280 JavaThread "Catalina-utility-2"                [_thread_blocked, id=22016, stack(0x0000003184800000,0x0000003184900000) (1024K)]
  0x0000021cc64b99d0 JavaThread "container-0"                       [_thread_blocked, id=11208, stack(0x0000003184900000,0x0000003184a00000) (1024K)]
  0x0000021cc64b66a0 JavaThread "PostgreSQL-JDBC-Cleaner"    daemon [_thread_blocked, id=11844, stack(0x0000003184b00000,0x0000003184c00000) (1024K)]
  0x0000021cc6d258c0 JavaThread "HikariPool-1 housekeeper"   daemon [_thread_blocked, id=14096, stack(0x0000003184c00000,0x0000003184d00000) (1024K)]
  0x0000021cc6d27d50 JavaThread "File Watcher"               daemon [_thread_blocked, id=2448, stack(0x0000003184e00000,0x0000003184f00000) (1024K)]
  0x0000021cc6d22ce0 JavaThread "Live Reload Server"         daemon [_thread_in_native, id=14928, stack(0x0000003185000000,0x0000003185100000) (1024K)]
  0x0000021cc6d23430 JavaThread "http-nio-8080-exec-1"       daemon [_thread_blocked, id=13076, stack(0x0000003184f00000,0x0000003185000000) (1024K)]
  0x0000021cc6d23b80 JavaThread "http-nio-8080-exec-2"       daemon [_thread_blocked, id=11576, stack(0x0000003185100000,0x0000003185200000) (1024K)]
  0x0000021cc6d242d0 JavaThread "http-nio-8080-exec-3"       daemon [_thread_blocked, id=13072, stack(0x0000003185200000,0x0000003185300000) (1024K)]
  0x0000021cc6d20fa0 JavaThread "http-nio-8080-exec-4"       daemon [_thread_blocked, id=8172, stack(0x0000003185300000,0x0000003185400000) (1024K)]
  0x0000021cc6d24a20 JavaThread "http-nio-8080-exec-5"       daemon [_thread_blocked, id=21396, stack(0x0000003185400000,0x0000003185500000) (1024K)]
  0x0000021cc6d216f0 JavaThread "http-nio-8080-exec-6"       daemon [_thread_blocked, id=14040, stack(0x0000003185500000,0x0000003185600000) (1024K)]
  0x0000021cc6d25170 JavaThread "http-nio-8080-exec-7"       daemon [_thread_blocked, id=19144, stack(0x0000003185600000,0x0000003185700000) (1024K)]
  0x0000021cc6d284a0 JavaThread "http-nio-8080-exec-8"       daemon [_thread_blocked, id=3532, stack(0x0000003185700000,0x0000003185800000) (1024K)]
  0x0000021cc64b7540 JavaThread "http-nio-8080-exec-9"       daemon [_thread_blocked, id=15252, stack(0x0000003185800000,0x0000003185900000) (1024K)]
  0x0000021cc64b6df0 JavaThread "http-nio-8080-exec-10"      daemon [_thread_blocked, id=13760, stack(0x0000003185900000,0x0000003185a00000) (1024K)]
  0x0000021cc83b1750 JavaThread "http-nio-8080-Poller"       daemon [_thread_in_native, id=11652, stack(0x0000003185a00000,0x0000003185b00000) (1024K)]
  0x0000021cc83b3490 JavaThread "http-nio-8080-Acceptor"     daemon [_thread_in_native, id=10264, stack(0x0000003185b00000,0x0000003185c00000) (1024K)]
  0x0000021cc83b25f0 JavaThread "DestroyJavaVM"                     [_thread_blocked, id=11068, stack(0x0000003182600000,0x0000003182700000) (1024K)]
Total: 31

Other Threads:
  0x0000021cee86c510 VMThread "VM Thread"                           [id=1672, stack(0x0000003182d00000,0x0000003182e00000) (1024K)]
  0x0000021cee8603c0 WatcherThread "VM Periodic Task Thread"        [id=7256, stack(0x0000003182c00000,0x0000003182d00000) (1024K)]
  0x0000021cd1656ce0 WorkerThread "GC Thread#0"                     [id=14008, stack(0x0000003182700000,0x0000003182800000) (1024K)]
  0x0000021cc5f3a1e0 WorkerThread "GC Thread#1"                     [id=12588, stack(0x0000003183d00000,0x0000003183e00000) (1024K)]
  0x0000021cc5f13180 WorkerThread "GC Thread#2"                     [id=11732, stack(0x0000003183e00000,0x0000003183f00000) (1024K)]
  0x0000021cc5f13530 WorkerThread "GC Thread#3"                     [id=11616, stack(0x0000003183f00000,0x0000003184000000) (1024K)]
  0x0000021cc5f138e0 WorkerThread "GC Thread#4"                     [id=20956, stack(0x0000003184000000,0x0000003184100000) (1024K)]
  0x0000021cc5f14090 WorkerThread "GC Thread#5"                     [id=10816, stack(0x0000003184100000,0x0000003184200000) (1024K)]
  0x0000021cc5f14440 WorkerThread "GC Thread#6"                     [id=21732, stack(0x0000003184200000,0x0000003184300000) (1024K)]
  0x0000021cc5f68500 WorkerThread "GC Thread#7"                     [id=18172, stack(0x0000003184300000,0x0000003184400000) (1024K)]
  0x0000021cc5fa1c90 WorkerThread "GC Thread#8"                     [id=12180, stack(0x0000003183c00000,0x0000003183d00000) (1024K)]
  0x0000021cc5fa27a0 WorkerThread "GC Thread#9"                     [id=12684, stack(0x0000003184400000,0x0000003184500000) (1024K)]
  0x0000021ccf30dd90 ConcurrentGCThread "G1 Main Marker"            [id=11792, stack(0x0000003182800000,0x0000003182900000) (1024K)]
  0x0000021ccf30e8a0 WorkerThread "G1 Conc#0"                       [id=12964, stack(0x0000003182900000,0x0000003182a00000) (1024K)]
  0x0000021cc5fa2b50 WorkerThread "G1 Conc#1"                       [id=2020, stack(0x0000003184500000,0x0000003184600000) (1024K)]
  0x0000021cc5fa3660 WorkerThread "G1 Conc#2"                       [id=14996, stack(0x0000003184600000,0x0000003184700000) (1024K)]
  0x0000021cee72d5e0 ConcurrentGCThread "G1 Refine#0"               [id=13764, stack(0x0000003182a00000,0x0000003182b00000) (1024K)]
  0x0000021cee72e160 ConcurrentGCThread "G1 Service"                [id=22476, stack(0x0000003182b00000,0x0000003182c00000) (1024K)]
Total: 18

Threads with active compile tasks:
C2 CompilerThread0  96006 14026       4       org.springframework.boot.web.error.ErrorAttributeOptions::retainIncluded (55 bytes)
Total: 1

VM state: not at safepoint (normal execution)

VM Mutex/Monitor currently owned by a thread: None

Heap address: 0x0000000084400000, size: 1980 MB, Compressed Oops mode: 32-bit

CDS archive(s) mapped at: [0x0000021c80000000-0x0000021c80d40000-0x0000021c80d40000), size 13893632, SharedBaseAddress: 0x0000021c80000000, ArchiveRelocationMode: 1.
Compressed class space mapped at: 0x0000021c81000000-0x0000021cc1000000, reserved size: 1073741824
UseCompressedClassPointers 1, UseCompactObjectHeaders 0
Narrow klass pointer bits 32, Max shift 3
Narrow klass base: 0x0000021c80000000, Narrow klass shift: 0
Encoding Range: [0x0000021c80000000 - 0x0000021d80000000), (4294967296 bytes)
Klass Range:    [0x0000021c80000000 - 0x0000021cc1000000), (1090519040 bytes)
Klass ID Range:  [8 - 1090519033) (1090519025)

GC Precious Log:
 CardTable entry size: 512
 Card Set container configuration: InlinePtr #cards 5 size 8 Array Of Cards #cards 10 size 36 Howl #buckets 4 coarsen threshold 1843 Howl Bitmap #cards 512 size 80 coarsen threshold 460 Card regions per heap region 1 cards per card region 2048
 CPUs: 12 total, 12 available
 Memory: 7914M
 Large Page Support: Disabled
 NUMA Support: Disabled
 Compressed Oops: Enabled (32-bit)
 Heap Region Size: 1M
 Heap Min Capacity: 8M
 Heap Initial Capacity: 124M
 Heap Max Capacity: 1980M
 Pre-touch: Disabled
 Parallel Workers: 10
 Concurrent Workers: 3
 Concurrent Refinement Workers: 10
 Periodic GC: Disabled

Heap:
 garbage-first heap   total reserved 2027520K, committed 64512K, used 39055K [0x0000000084400000, 0x0000000100000000)
  region size 1024K, 9 young (9216K), 1 survivors (1024K)
 Metaspace       used 75900K, committed 76544K, reserved 1179648K
  class space    used 8276K, committed 8576K, reserved 1048576K

Heap Regions: E=young(eden), S=young(survivor), O=old, HS=humongous(starts), HC=humongous(continues), CS=collection set, F=free, TAMS=top-at-mark-start, PB=parsable bottom
|   0|0x0000000084400000, 0x0000000084500000, 0x0000000084500000|100%|HS|  |TAMS 0x0000000084400000| PB 0x0000000084400000| Complete |  0
|   1|0x0000000084500000, 0x0000000084600000, 0x0000000084600000|100%|HS|  |TAMS 0x0000000084500000| PB 0x0000000084500000| Complete |  0
|   2|0x0000000084600000, 0x0000000084700000, 0x0000000084700000|100%| O|  |TAMS 0x0000000084600000| PB 0x0000000084600000| Untracked |  0
|   3|0x0000000084700000, 0x0000000084800000, 0x0000000084800000|100%| O|  |TAMS 0x0000000084700000| PB 0x0000000084700000| Untracked |  0
|   4|0x0000000084800000, 0x0000000084900000, 0x0000000084900000|100%| O|  |TAMS 0x0000000084800000| PB 0x0000000084800000| Untracked |  0
|   5|0x0000000084900000, 0x0000000084a00000, 0x0000000084a00000|100%| O|  |TAMS 0x0000000084900000| PB 0x0000000084900000| Untracked |  0
|   6|0x0000000084a00000, 0x0000000084b00000, 0x0000000084b00000|100%| O|  |TAMS 0x0000000084a00000| PB 0x0000000084a00000| Untracked |  0
|   7|0x0000000084b00000, 0x0000000084c00000, 0x0000000084c00000|100%| O|  |TAMS 0x0000000084b00000| PB 0x0000000084b00000| Untracked |  0
|   8|0x0000000084c00000, 0x0000000084d00000, 0x0000000084d00000|100%| O|  |TAMS 0x0000000084c00000| PB 0x0000000084c00000| Untracked |  0
|   9|0x0000000084d00000, 0x0000000084e00000, 0x0000000084e00000|100%| O|  |TAMS 0x0000000084d00000| PB 0x0000000084d00000| Untracked |  0
|  10|0x0000000084e00000, 0x0000000084f00000, 0x0000000084f00000|100%| O|  |TAMS 0x0000000084e00000| PB 0x0000000084e00000| Untracked |  0
|  11|0x0000000084f00000, 0x0000000085000000, 0x0000000085000000|100%| O|  |TAMS 0x0000000084f00000| PB 0x0000000084f00000| Untracked |  0
|  12|0x0000000085000000, 0x0000000085100000, 0x0000000085100000|100%| O|  |TAMS 0x0000000085000000| PB 0x0000000085000000| Untracked |  0
|  13|0x0000000085100000, 0x0000000085200000, 0x0000000085200000|100%| O|  |TAMS 0x0000000085100000| PB 0x0000000085100000| Untracked |  0
|  14|0x0000000085200000, 0x0000000085300000, 0x0000000085300000|100%| O|  |TAMS 0x0000000085200000| PB 0x0000000085200000| Untracked |  0
|  15|0x0000000085300000, 0x0000000085300000, 0x0000000085400000|  0%| F|  |TAMS 0x0000000085300000| PB 0x0000000085300000| Untracked |  0
|  16|0x0000000085400000, 0x0000000085500000, 0x0000000085500000|100%| O|  |TAMS 0x0000000085400000| PB 0x0000000085400000| Untracked |  0
|  17|0x0000000085500000, 0x0000000085600000, 0x0000000085600000|100%| O|  |TAMS 0x0000000085500000| PB 0x0000000085500000| Untracked |  0
|  18|0x0000000085600000, 0x0000000085700000, 0x0000000085700000|100%| O|  |TAMS 0x0000000085600000| PB 0x0000000085600000| Untracked |  0
|  19|0x0000000085700000, 0x0000000085800000, 0x0000000085800000|100%| O|  |TAMS 0x0000000085700000| PB 0x0000000085700000| Untracked |  0
|  20|0x0000000085800000, 0x0000000085900000, 0x0000000085900000|100%| O|  |TAMS 0x0000000085800000| PB 0x0000000085800000| Untracked |  0
|  21|0x0000000085900000, 0x0000000085a00000, 0x0000000085a00000|100%| O|  |TAMS 0x0000000085900000| PB 0x0000000085900000| Untracked |  0
|  22|0x0000000085a00000, 0x0000000085b00000, 0x0000000085b00000|100%| O|  |TAMS 0x0000000085a00000| PB 0x0000000085a00000| Untracked |  0
|  23|0x0000000085b00000, 0x0000000085c00000, 0x0000000085c00000|100%| O|  |TAMS 0x0000000085b00000| PB 0x0000000085b00000| Untracked |  0
|  24|0x0000000085c00000, 0x0000000085d00000, 0x0000000085d00000|100%| O|  |TAMS 0x0000000085c00000| PB 0x0000000085c00000| Untracked |  0
|  25|0x0000000085d00000, 0x0000000085e00000, 0x0000000085e00000|100%| O|  |TAMS 0x0000000085d00000| PB 0x0000000085d00000| Untracked |  0
|  26|0x0000000085e00000, 0x0000000085e1aa60, 0x0000000085f00000| 10%| O|  |TAMS 0x0000000085e00000| PB 0x0000000085e00000| Untracked |  0
|  27|0x0000000085f00000, 0x0000000086000000, 0x0000000086000000|100%| O|  |TAMS 0x0000000085f00000| PB 0x0000000085f00000| Untracked |  0
|  28|0x0000000086000000, 0x0000000086100000, 0x0000000086100000|100%| O|  |TAMS 0x0000000086000000| PB 0x0000000086000000| Untracked |  0
|  29|0x0000000086100000, 0x0000000086200000, 0x0000000086200000|100%| O|  |TAMS 0x0000000086100000| PB 0x0000000086100000| Untracked |  0
|  30|0x0000000086200000, 0x0000000086200000, 0x0000000086300000|  0%| F|  |TAMS 0x0000000086200000| PB 0x0000000086200000| Untracked |  0
|  31|0x0000000086300000, 0x0000000086300000, 0x0000000086400000|  0%| F|  |TAMS 0x0000000086300000| PB 0x0000000086300000| Untracked |  0
|  32|0x0000000086400000, 0x0000000086400000, 0x0000000086500000|  0%| F|  |TAMS 0x0000000086400000| PB 0x0000000086400000| Untracked |  0
|  33|0x0000000086500000, 0x0000000086500000, 0x0000000086600000|  0%| F|  |TAMS 0x0000000086500000| PB 0x0000000086500000| Untracked |  0
|  34|0x0000000086600000, 0x00000000866091b0, 0x0000000086700000|  3%| S|CS|TAMS 0x0000000086600000| PB 0x0000000086600000| Complete |  0
|  35|0x0000000086700000, 0x0000000086700000, 0x0000000086800000|  0%| F|  |TAMS 0x0000000086700000| PB 0x0000000086700000| Untracked |  0
|  36|0x0000000086800000, 0x0000000086800000, 0x0000000086900000|  0%| F|  |TAMS 0x0000000086800000| PB 0x0000000086800000| Untracked |  0
|  37|0x0000000086900000, 0x0000000086900000, 0x0000000086a00000|  0%| F|  |TAMS 0x0000000086900000| PB 0x0000000086900000| Untracked |  0
|  38|0x0000000086a00000, 0x0000000086a00000, 0x0000000086b00000|  0%| F|  |TAMS 0x0000000086a00000| PB 0x0000000086a00000| Untracked |  0
|  39|0x0000000086b00000, 0x0000000086b00000, 0x0000000086c00000|  0%| F|  |TAMS 0x0000000086b00000| PB 0x0000000086b00000| Untracked |  0
|  40|0x0000000086c00000, 0x0000000086c00000, 0x0000000086d00000|  0%| F|  |TAMS 0x0000000086c00000| PB 0x0000000086c00000| Untracked |  0
|  41|0x0000000086d00000, 0x0000000086d00000, 0x0000000086e00000|  0%| F|  |TAMS 0x0000000086d00000| PB 0x0000000086d00000| Untracked |  0
|  42|0x0000000086e00000, 0x0000000086e00000, 0x0000000086f00000|  0%| F|  |TAMS 0x0000000086e00000| PB 0x0000000086e00000| Untracked |  0
|  43|0x0000000086f00000, 0x0000000086f00000, 0x0000000087000000|  0%| F|  |TAMS 0x0000000086f00000| PB 0x0000000086f00000| Untracked |  0
|  44|0x0000000087000000, 0x0000000087000000, 0x0000000087100000|  0%| F|  |TAMS 0x0000000087000000| PB 0x0000000087000000| Untracked |  0
|  45|0x0000000087100000, 0x0000000087100000, 0x0000000087200000|  0%| F|  |TAMS 0x0000000087100000| PB 0x0000000087100000| Untracked |  0
|  46|0x0000000087200000, 0x0000000087200000, 0x0000000087300000|  0%| F|  |TAMS 0x0000000087200000| PB 0x0000000087200000| Untracked |  0
|  47|0x0000000087300000, 0x0000000087300000, 0x0000000087400000|  0%| F|  |TAMS 0x0000000087300000| PB 0x0000000087300000| Untracked |  0
|  48|0x0000000087400000, 0x0000000087400000, 0x0000000087500000|  0%| F|  |TAMS 0x0000000087400000| PB 0x0000000087400000| Untracked |  0
|  49|0x0000000087500000, 0x0000000087500000, 0x0000000087600000|  0%| F|  |TAMS 0x0000000087500000| PB 0x0000000087500000| Untracked |  0
|  70|0x0000000088a00000, 0x0000000088a00000, 0x0000000088b00000|  0%| F|  |TAMS 0x0000000088a00000| PB 0x0000000088a00000| Untracked |  0
|  77|0x0000000089100000, 0x0000000089100000, 0x0000000089200000|  0%| F|  |TAMS 0x0000000089100000| PB 0x0000000089100000| Untracked |  0
|  78|0x0000000089200000, 0x000000008921e5d0, 0x0000000089300000| 11%| E|  |TAMS 0x0000000089200000| PB 0x0000000089200000| Complete |  0
|  79|0x0000000089300000, 0x0000000089400000, 0x0000000089400000|100%| E|CS|TAMS 0x0000000089300000| PB 0x0000000089300000| Complete |  0
|  80|0x0000000089400000, 0x0000000089500000, 0x0000000089500000|100%| E|CS|TAMS 0x0000000089400000| PB 0x0000000089400000| Complete |  0
| 123|0x000000008bf00000, 0x000000008c000000, 0x000000008c000000|100%| E|CS|TAMS 0x000000008bf00000| PB 0x000000008bf00000| Complete |  0
|1973|0x00000000ff900000, 0x00000000ffa00000, 0x00000000ffa00000|100%| E|CS|TAMS 0x00000000ff900000| PB 0x00000000ff900000| Complete |  0
|1974|0x00000000ffa00000, 0x00000000ffb00000, 0x00000000ffb00000|100%| O|  |TAMS 0x00000000ffa00000| PB 0x00000000ffa00000| Untracked |  0
|1975|0x00000000ffb00000, 0x00000000ffc00000, 0x00000000ffc00000|100%| E|CS|TAMS 0x00000000ffb00000| PB 0x00000000ffb00000| Complete |  0
|1976|0x00000000ffc00000, 0x00000000ffd00000, 0x00000000ffd00000|100%| E|CS|TAMS 0x00000000ffc00000| PB 0x00000000ffc00000| Complete |  0
|1977|0x00000000ffd00000, 0x00000000ffe00000, 0x00000000ffe00000|100%| O|  |TAMS 0x00000000ffd00000| PB 0x00000000ffd00000| Untracked |  0
|1978|0x00000000ffe00000, 0x00000000fff00000, 0x00000000fff00000|100%| O|  |TAMS 0x00000000ffe00000| PB 0x00000000ffe00000| Untracked |  0
|1979|0x00000000fff00000, 0x0000000100000000, 0x0000000100000000|100%| E|CS|TAMS 0x00000000fff00000| PB 0x00000000fff00000| Complete |  0

Card table byte_map: [0x0000021ce98e0000,0x0000021ce9cc0000] _byte_map_base: 0x0000021ce94be000

Marking Bits: (CMBitMap*) 0x0000021cd16573f0
 Bits: [0x0000021ce9cc0000, 0x0000021cebbb0000)

Polling page: 0x0000021cd0dc0000

Metaspace:

Usage:
  Non-class:     66.04 MB used.
      Class:      8.08 MB used.
       Both:     74.12 MB used.

Virtual space:
  Non-class space:      128.00 MB reserved,      66.38 MB ( 52%) committed,  2 nodes.
      Class space:        1.00 GB reserved,       8.38 MB ( <1%) committed,  1 nodes.
             Both:        1.12 GB reserved,      74.75 MB (  6%) committed. 

Chunk freelists:
   Non-Class:  12.93 MB
       Class:  7.48 MB
        Both:  20.41 MB

MaxMetaspaceSize: unlimited
CompressedClassSpaceSize: 1.00 GB
Initial GC threshold: 21.00 MB
Current GC threshold: 124.50 MB
CDS: on
 - commit_granule_bytes: 65536.
 - commit_granule_words: 8192.
 - virtual_space_node_default_size: 8388608.
 - enlarge_chunks_in_place: 1.
UseCompressedClassPointers 1, UseCompactObjectHeaders 0
Narrow klass pointer bits 32, Max shift 3
Narrow klass base: 0x0000021c80000000, Narrow klass shift: 0
Encoding Range: [0x0000021c80000000 - 0x0000021d80000000), (4294967296 bytes)
Klass Range:    [0x0000021c80000000 - 0x0000021cc1000000), (1090519040 bytes)
Klass ID Range:  [8 - 1090519033) (1090519025)


Internal statistics:

num_allocs_failed_limit: 9.
num_arena_births: 870.
num_arena_deaths: 60.
num_vsnodes_births: 3.
num_vsnodes_deaths: 0.
num_space_committed: 1196.
num_space_uncommitted: 0.
num_chunks_returned_to_freelist: 95.
num_chunks_taken_from_freelist: 3725.
num_chunk_merges: 34.
num_chunk_splits: 2657.
num_chunks_enlarged: 2089.
num_inconsistent_stats: 0.

CodeHeap 'non-profiled nmethods': size=120064Kb used=8212Kb max_used=8212Kb free=111851Kb
 bounds [0x0000021ce1950000, 0x0000021ce2160000, 0x0000021ce8e90000]
CodeHeap 'profiled nmethods': size=120000Kb used=16682Kb max_used=19312Kb free=103317Kb
 bounds [0x0000021cd9e90000, 0x0000021cdb190000, 0x0000021ce13c0000]
CodeHeap 'non-nmethods': size=5696Kb used=1746Kb max_used=1984Kb free=3949Kb
 bounds [0x0000021ce13c0000, 0x0000021ce1630000, 0x0000021ce1950000]
CodeCache: size=245760Kb, used=26640Kb, max_used=29508Kb, free=219117Kb
 total_blobs=11838, nmethods=11111, adapters=630, full_count=0
Compilation: enabled, stopped_count=0, restarted_count=0

Compilation events (20 events):
Event: 93.596 Thread 0x0000021cee891210 nmethod 14016 0x0000021ce2151108 code [0x0000021ce2151200, 0x0000021ce2151298]
Event: 93.878 Thread 0x0000021cee891210 14017       4       java.lang.invoke.LambdaForm$MH/0x0000021c81885c00::invoke (39 bytes)
Event: 93.881 Thread 0x0000021cee891210 nmethod 14017 0x0000021ce2151408 code [0x0000021ce2151520, 0x0000021ce2151620]
Event: 94.008 Thread 0x0000021cee891210 14018       4       jdk.internal.misc.Unsafe::checkNativeAddress (28 bytes)
Event: 94.008 Thread 0x0000021cee891210 nmethod 14018 0x0000021ce2151708 code [0x0000021ce2151800, 0x0000021ce2151878]
Event: 94.224 Thread 0x0000021cee891210 14019       4       java.io.ByteArrayOutputStream::<init> (43 bytes)
Event: 94.225 Thread 0x0000021cee891210 nmethod 14019 0x0000021ce2151a08 code [0x0000021ce2151b20, 0x0000021ce2151dc8]
Event: 94.875 Thread 0x0000021cee891210 14020       4       java.util.logging.Logger::log (153 bytes)
Event: 94.918 Thread 0x0000021cee891210 nmethod 14020 0x0000021ce2151e08 code [0x0000021ce2152140, 0x0000021ce2154598]
Event: 94.918 Thread 0x0000021cee891210 14021       4       org.springframework.core.MethodClassKey::equals (51 bytes)
Event: 94.922 Thread 0x0000021cee891210 nmethod 14021 0x0000021ce2154888 code [0x0000021ce21549a0, 0x0000021ce2154c18]
Event: 94.980 Thread 0x0000021cee891210 14022       4       org.springframework.web.servlet.handler.AbstractHandlerMethodMapping$Match::getHandlerMethod (8 bytes)
Event: 94.981 Thread 0x0000021cee891210 nmethod 14022 0x0000021ce2154c88 code [0x0000021ce2154d80, 0x0000021ce2154e10]
Event: 95.088 Thread 0x0000021cee899f10 14023       3       java.lang.reflect.InvocationTargetException::<init> (14 bytes)
Event: 95.089 Thread 0x0000021cee899f10 nmethod 14023 0x0000021cda79a308 code [0x0000021cda79a440, 0x0000021cda79a6b8]
Event: 95.480 Thread 0x0000021cee891210 14024       4       java.util.concurrent.locks.ReentrantLock$NonfairSync::tryAcquire (27 bytes)
Event: 95.481 Thread 0x0000021cee891210 nmethod 14024 0x0000021ce2154f88 code [0x0000021ce2155080, 0x0000021ce2155240]
Event: 95.869 Thread 0x0000021cee899f10 14025       3       org.postgresql.core.CachedQueryCreateAction::create (335 bytes)
Event: 95.871 Thread 0x0000021cee899f10 nmethod 14025 0x0000021cdaa85b08 code [0x0000021cdaa85dc0, 0x0000021cdaa87948]
Event: 95.928 Thread 0x0000021cee891210 14026       4       org.springframework.boot.web.error.ErrorAttributeOptions::retainIncluded (55 bytes)

GC Heap History (20 events):
Event: 85.206 GC heap before
{Heap before GC invocations=71 (full 0):
 garbage-first heap   total reserved 2027520K, committed 64512K, used 56615K [0x0000000084400000, 0x0000000100000000)
  region size 1024K, 26 young (26624K), 1 survivors (1024K)
 Metaspace       used 75887K, committed 76544K, reserved 1179648K
  class space    used 8276K, committed 8576K, reserved 1048576K
}
Event: 85.207 GC heap after
{Heap after GC invocations=72 (full 0):
 garbage-first heap   total reserved 2027520K, committed 64512K, used 32034K [0x0000000084400000, 0x0000000100000000)
  region size 1024K, 1 young (1024K), 1 survivors (1024K)
 Metaspace       used 75887K, committed 76544K, reserved 1179648K
  class space    used 8276K, committed 8576K, reserved 1048576K
}
Event: 86.712 GC heap before
{Heap before GC invocations=73 (full 0):
 garbage-first heap   total reserved 2027520K, committed 64512K, used 56610K [0x0000000084400000, 0x0000000100000000)
  region size 1024K, 26 young (26624K), 1 survivors (1024K)
 Metaspace       used 75887K, committed 76544K, reserved 1179648K
  class space    used 8276K, committed 8576K, reserved 1048576K
}
Event: 86.713 GC heap after
{Heap after GC invocations=74 (full 0):
 garbage-first heap   total reserved 2027520K, committed 64512K, used 32007K [0x0000000084400000, 0x0000000100000000)
  region size 1024K, 1 young (1024K), 1 survivors (1024K)
 Metaspace       used 75887K, committed 76544K, reserved 1179648K
  class space    used 8276K, committed 8576K, reserved 1048576K
}
Event: 87.748 GC heap before
{Heap before GC invocations=74 (full 0):
 garbage-first heap   total reserved 2027520K, committed 64512K, used 56583K [0x0000000084400000, 0x0000000100000000)
  region size 1024K, 26 young (26624K), 1 survivors (1024K)
 Metaspace       used 75887K, committed 76544K, reserved 1179648K
  class space    used 8276K, committed 8576K, reserved 1048576K
}
Event: 87.750 GC heap after
{Heap after GC invocations=75 (full 0):
 garbage-first heap   total reserved 2027520K, committed 64512K, used 31968K [0x0000000084400000, 0x0000000100000000)
  region size 1024K, 1 young (1024K), 1 survivors (1024K)
 Metaspace       used 75887K, committed 76544K, reserved 1179648K
  class space    used 8276K, committed 8576K, reserved 1048576K
}
Event: 88.749 GC heap before
{Heap before GC invocations=75 (full 0):
 garbage-first heap   total reserved 2027520K, committed 64512K, used 56544K [0x0000000084400000, 0x0000000100000000)
  region size 1024K, 26 young (26624K), 1 survivors (1024K)
 Metaspace       used 75887K, committed 76544K, reserved 1179648K
  class space    used 8276K, committed 8576K, reserved 1048576K
}
Event: 88.750 GC heap after
{Heap after GC invocations=76 (full 0):
 garbage-first heap   total reserved 2027520K, committed 64512K, used 32037K [0x0000000084400000, 0x0000000100000000)
  region size 1024K, 1 young (1024K), 1 survivors (1024K)
 Metaspace       used 75887K, committed 76544K, reserved 1179648K
  class space    used 8276K, committed 8576K, reserved 1048576K
}
Event: 89.703 GC heap before
{Heap before GC invocations=77 (full 0):
 garbage-first heap   total reserved 2027520K, committed 64512K, used 56613K [0x0000000084400000, 0x0000000100000000)
  region size 1024K, 26 young (26624K), 1 survivors (1024K)
 Metaspace       used 75887K, committed 76544K, reserved 1179648K
  class space    used 8276K, committed 8576K, reserved 1048576K
}
Event: 89.704 GC heap after
{Heap after GC invocations=78 (full 0):
 garbage-first heap   total reserved 2027520K, committed 64512K, used 32021K [0x0000000084400000, 0x0000000100000000)
  region size 1024K, 1 young (1024K), 1 survivors (1024K)
 Metaspace       used 75887K, committed 76544K, reserved 1179648K
  class space    used 8276K, committed 8576K, reserved 1048576K
}
Event: 90.659 GC heap before
{Heap before GC invocations=78 (full 0):
 garbage-first heap   total reserved 2027520K, committed 64512K, used 56597K [0x0000000084400000, 0x0000000100000000)
  region size 1024K, 26 young (26624K), 1 survivors (1024K)
 Metaspace       used 75887K, committed 76544K, reserved 1179648K
  class space    used 8276K, committed 8576K, reserved 1048576K
}
Event: 90.661 GC heap after
{Heap after GC invocations=79 (full 0):
 garbage-first heap   total reserved 2027520K, committed 64512K, used 31868K [0x0000000084400000, 0x0000000100000000)
  region size 1024K, 1 young (1024K), 1 survivors (1024K)
 Metaspace       used 75887K, committed 76544K, reserved 1179648K
  class space    used 8276K, committed 8576K, reserved 1048576K
}
Event: 91.812 GC heap before
{Heap before GC invocations=79 (full 0):
 garbage-first heap   total reserved 2027520K, committed 64512K, used 56444K [0x0000000084400000, 0x0000000100000000)
  region size 1024K, 26 young (26624K), 1 survivors (1024K)
 Metaspace       used 75887K, committed 76544K, reserved 1179648K
  class space    used 8276K, committed 8576K, reserved 1048576K
}
Event: 91.813 GC heap after
{Heap after GC invocations=80 (full 0):
 garbage-first heap   total reserved 2027520K, committed 64512K, used 31956K [0x0000000084400000, 0x0000000100000000)
  region size 1024K, 1 young (1024K), 1 survivors (1024K)
 Metaspace       used 75887K, committed 76544K, reserved 1179648K
  class space    used 8276K, committed 8576K, reserved 1048576K
}
Event: 92.929 GC heap before
{Heap before GC invocations=81 (full 0):
 garbage-first heap   total reserved 2027520K, committed 64512K, used 56532K [0x0000000084400000, 0x0000000100000000)
  region size 1024K, 26 young (26624K), 1 survivors (1024K)
 Metaspace       used 75888K, committed 76544K, reserved 1179648K
  class space    used 8276K, committed 8576K, reserved 1048576K
}
Event: 92.929 GC heap after
{Heap after GC invocations=82 (full 0):
 garbage-first heap   total reserved 2027520K, committed 64512K, used 32029K [0x0000000084400000, 0x0000000100000000)
  region size 1024K, 1 young (1024K), 1 survivors (1024K)
 Metaspace       used 75888K, committed 76544K, reserved 1179648K
  class space    used 8276K, committed 8576K, reserved 1048576K
}
Event: 94.685 GC heap before
{Heap before GC invocations=82 (full 0):
 garbage-first heap   total reserved 2027520K, committed 64512K, used 56605K [0x0000000084400000, 0x0000000100000000)
  region size 1024K, 26 young (26624K), 1 survivors (1024K)
 Metaspace       used 75888K, committed 76544K, reserved 1179648K
  class space    used 8276K, committed 8576K, reserved 1048576K
}
Event: 94.686 GC heap after
{Heap after GC invocations=83 (full 0):
 garbage-first heap   total reserved 2027520K, committed 64512K, used 31994K [0x0000000084400000, 0x0000000100000000)
  region size 1024K, 1 young (1024K), 1 survivors (1024K)
 Metaspace       used 75888K, committed 76544K, reserved 1179648K
  class space    used 8276K, committed 8576K, reserved 1048576K
}
Event: 95.732 GC heap before
{Heap before GC invocations=84 (full 0):
 garbage-first heap   total reserved 2027520K, committed 64512K, used 56570K [0x0000000084400000, 0x0000000100000000)
  region size 1024K, 26 young (26624K), 1 survivors (1024K)
 Metaspace       used 75888K, committed 76544K, reserved 1179648K
  class space    used 8276K, committed 8576K, reserved 1048576K
}
Event: 95.733 GC heap after
{Heap after GC invocations=85 (full 0):
 garbage-first heap   total reserved 2027520K, committed 64512K, used 31887K [0x0000000084400000, 0x0000000100000000)
  region size 1024K, 1 young (1024K), 1 survivors (1024K)
 Metaspace       used 75888K, committed 76544K, reserved 1179648K
  class space    used 8276K, committed 8576K, reserved 1048576K
}

Dll operation events (14 events):
Event: 0.013 Loaded shared library C:\Program Files\Java\jdk-24\bin\java.dll
Event: 0.047 Loaded shared library C:\Program Files\Java\jdk-24\bin\jsvml.dll
Event: 0.135 Loaded shared library C:\Program Files\Java\jdk-24\bin\zip.dll
Event: 0.138 Loaded shared library C:\Program Files\Java\jdk-24\bin\instrument.dll
Event: 0.142 Loaded shared library C:\Program Files\Java\jdk-24\bin\net.dll
Event: 0.143 Loaded shared library C:\Program Files\Java\jdk-24\bin\nio.dll
Event: 0.146 Loaded shared library C:\Program Files\Java\jdk-24\bin\zip.dll
Event: 0.224 Loaded shared library C:\Program Files\JetBrains\IntelliJ IDEA Community Edition 2024.3.3\bin\breakgen64.dll
Event: 0.231 Loaded shared library C:\Program Files\Java\jdk-24\bin\extnet.dll
Event: 0.255 Loaded shared library C:\Program Files\Java\jdk-24\bin\jimage.dll
Event: 0.468 Loaded shared library C:\Program Files\Java\jdk-24\bin\management.dll
Event: 0.469 Loaded shared library C:\Program Files\Java\jdk-24\bin\management_ext.dll
Event: 1.235 Loaded shared library C:\Program Files\Java\jdk-24\bin\sunmscapi.dll
Event: 2.872 Loaded shared library C:\Program Files\Java\jdk-24\bin\verify.dll

Deoptimization events (20 events):
Event: 83.262 Thread 0x0000021cc6d25170 Uncommon trap: trap_request=0xffffffbe fr.pc=0x0000021ce20cab14 relative=0x00000000000088b4
Event: 83.262 Thread 0x0000021cc6d25170 Uncommon trap: reason=profile_predicate action=maybe_recompile pc=0x0000021ce20cab14 method=java.util.concurrent.ConcurrentHashMap$Traverser.advance()Ljava/util/concurrent/ConcurrentHashMap$Node; @ 15 c2
Event: 83.262 Thread 0x0000021cc6d25170 DEOPT PACKING pc=0x0000021ce20cab14 sp=0x00000031856fd430
Event: 83.262 Thread 0x0000021cc6d25170 DEOPT UNPACKING pc=0x0000021ce14e8a82 sp=0x00000031856fd118 mode 2
Event: 83.291 Thread 0x0000021cc64b7540 Uncommon trap: trap_request=0xffffffbe fr.pc=0x0000021ce20cab14 relative=0x00000000000088b4
Event: 83.291 Thread 0x0000021cc64b7540 Uncommon trap: reason=profile_predicate action=maybe_recompile pc=0x0000021ce20cab14 method=java.util.concurrent.ConcurrentHashMap$Traverser.advance()Ljava/util/concurrent/ConcurrentHashMap$Node; @ 15 c2
Event: 83.291 Thread 0x0000021cc64b7540 DEOPT PACKING pc=0x0000021ce20cab14 sp=0x00000031858fd640
Event: 83.291 Thread 0x0000021cc64b7540 DEOPT UNPACKING pc=0x0000021ce14e8a82 sp=0x00000031858fd328 mode 2
Event: 84.473 Thread 0x0000021cc6d242d0 Uncommon trap: trap_request=0xffffff6e fr.pc=0x0000021ce20e2ef8 relative=0x0000000000003578
Event: 84.473 Thread 0x0000021cc6d242d0 Uncommon trap: reason=loop_limit_check action=maybe_recompile pc=0x0000021ce20e2ef8 method=org.hibernate.query.sqm.tree.select.SqmQuerySpec.containsCollectionFetches()Z @ 21 c2
Event: 84.473 Thread 0x0000021cc6d242d0 DEOPT PACKING pc=0x0000021ce20e2ef8 sp=0x00000031852fba00
Event: 84.473 Thread 0x0000021cc6d242d0 DEOPT UNPACKING pc=0x0000021ce14e8a82 sp=0x00000031852fb938 mode 2
Event: 85.952 Thread 0x0000021cc6d25170 Uncommon trap: trap_request=0xffffff76 fr.pc=0x0000021ce20fc050 relative=0x0000000000000230
Event: 85.952 Thread 0x0000021cc6d25170 Uncommon trap: reason=predicate action=maybe_recompile pc=0x0000021ce20fc050 method=org.hibernate.query.sqm.tree.select.SqmQuerySpec.containsCollectionFetches()Z @ 21 c2
Event: 85.952 Thread 0x0000021cc6d25170 DEOPT PACKING pc=0x0000021ce20fc050 sp=0x00000031856fbbc0
Event: 85.952 Thread 0x0000021cc6d25170 DEOPT UNPACKING pc=0x0000021ce14e8a82 sp=0x00000031856fbac8 mode 2
Event: 87.133 Thread 0x0000021cc6d23430 Uncommon trap: trap_request=0xffffff6e fr.pc=0x0000021ce2108a10 relative=0x00000000000026b0
Event: 87.133 Thread 0x0000021cc6d23430 Uncommon trap: reason=loop_limit_check action=maybe_recompile pc=0x0000021ce2108a10 method=org.hibernate.query.sqm.tree.select.SqmQuerySpec.producesUniqueResults()Z @ 112 c2
Event: 87.133 Thread 0x0000021cc6d23430 DEOPT PACKING pc=0x0000021ce2108a10 sp=0x0000003184ffc230
Event: 87.133 Thread 0x0000021cc6d23430 DEOPT UNPACKING pc=0x0000021ce14e8a82 sp=0x0000003184ffbed8 mode 2

Classes loaded (20 events):
Event: 9.820 Loading class java/util/OptionalLong
Event: 9.820 Loading class java/util/OptionalLong done
Event: 9.820 Loading class java/util/OptionalDouble
Event: 9.820 Loading class java/util/OptionalDouble done
Event: 9.869 Loading class java/util/stream/LongStream
Event: 9.870 Loading class java/util/function/LongSupplier
Event: 9.870 Loading class java/util/function/LongSupplier done
Event: 9.870 Loading class java/util/stream/LongStream done
Event: 9.870 Loading class java/util/stream/DoubleStream
Event: 9.872 Loading class java/util/stream/DoubleStream done
Event: 9.904 Loading class org/w3c/dom/Node
Event: 9.904 Loading class org/w3c/dom/Node done
Event: 9.905 Loading class org/w3c/dom/Document
Event: 9.906 Loading class org/w3c/dom/Document done
Event: 9.951 Loading class java/lang/invoke/MethodHandleImpl$CountingWrapper$1
Event: 9.951 Loading class java/lang/invoke/MethodHandleImpl$CountingWrapper$1 done
Event: 36.072 Loading class jdk/internal/math/FormattedFPDecimal
Event: 36.072 Loading class jdk/internal/math/FormattedFPDecimal done
Event: 51.372 Loading class sun/util/locale/LocaleExtensions
Event: 51.374 Loading class sun/util/locale/LocaleExtensions done

Classes unloaded (20 events):
Event: 55.475 Thread 0x0000021cee86c510 Unloading class 0x0000021c8187ac00 'java/lang/invoke/LambdaForm$MH+0x0000021c8187ac00'
Event: 55.475 Thread 0x0000021cee86c510 Unloading class 0x0000021c8187a400 'java/lang/invoke/LambdaForm$BMH+0x0000021c8187a400'
Event: 55.475 Thread 0x0000021cee86c510 Unloading class 0x0000021c81879c00 'java/lang/invoke/LambdaForm$BMH+0x0000021c81879c00'
Event: 55.475 Thread 0x0000021cee86c510 Unloading class 0x0000021c81879800 'java/lang/invoke/LambdaForm$DMH+0x0000021c81879800'
Event: 55.475 Thread 0x0000021cee86c510 Unloading class 0x0000021c81879400 'java/lang/invoke/LambdaForm$DMH+0x0000021c81879400'
Event: 55.475 Thread 0x0000021cee86c510 Unloading class 0x0000021c81878c00 'java/lang/invoke/LambdaForm$DMH+0x0000021c81878c00'
Event: 55.475 Thread 0x0000021cee86c510 Unloading class 0x0000021c81878800 'java/lang/invoke/LambdaForm$DMH+0x0000021c81878800'
Event: 55.475 Thread 0x0000021cee86c510 Unloading class 0x0000021c81878400 'java/lang/invoke/LambdaForm$DMH+0x0000021c81878400'
Event: 55.475 Thread 0x0000021cee86c510 Unloading class 0x0000021c8186c800 'java/lang/invoke/LambdaForm$DMH+0x0000021c8186c800'
Event: 55.475 Thread 0x0000021cee86c510 Unloading class 0x0000021c8186c400 'java/lang/invoke/LambdaForm$DMH+0x0000021c8186c400'
Event: 55.475 Thread 0x0000021cee86c510 Unloading class 0x0000021c8186c000 'java/lang/invoke/LambdaForm$DMH+0x0000021c8186c000'
Event: 55.475 Thread 0x0000021cee86c510 Unloading class 0x0000021c81861000 'java/lang/invoke/LambdaForm$DMH+0x0000021c81861000'
Event: 55.475 Thread 0x0000021cee86c510 Unloading class 0x0000021c81860400 'java/lang/invoke/LambdaForm$DMH+0x0000021c81860400'
Event: 55.475 Thread 0x0000021cee86c510 Unloading class 0x0000021c81860c00 'java/lang/invoke/LambdaForm$DMH+0x0000021c81860c00'
Event: 55.475 Thread 0x0000021cee86c510 Unloading class 0x0000021c81854400 'java/lang/invoke/LambdaForm$DMH+0x0000021c81854400'
Event: 55.475 Thread 0x0000021cee86c510 Unloading class 0x0000021c81854c00 'java/lang/invoke/LambdaForm$DMH+0x0000021c81854c00'
Event: 55.475 Thread 0x0000021cee86c510 Unloading class 0x0000021c81854000 'java/lang/invoke/LambdaForm$DMH+0x0000021c81854000'
Event: 55.475 Thread 0x0000021cee86c510 Unloading class 0x0000021c8180cc00 'java/lang/invoke/LambdaForm$DMH+0x0000021c8180cc00'
Event: 55.475 Thread 0x0000021cee86c510 Unloading class 0x0000021c8180c800 'java/lang/invoke/LambdaForm$DMH+0x0000021c8180c800'
Event: 55.475 Thread 0x0000021cee86c510 Unloading class 0x0000021c8180c400 'java/lang/invoke/LambdaForm$DMH+0x0000021c8180c400'

Classes redefined (0 events):
No events

Internal exceptions (20 events):
Event: 9.827 Thread 0x0000021cc6d23430 Exception <a 'java/lang/NoSuchMethodError'{0x00000000872e0880}: 'void java.lang.invoke.DirectMethodHandle$Holder.invokeSpecialIFC(java.lang.Object, java.lang.Object, int, java.lang.Object, java.lang.Object, java.lang.Object, java.lang.Object)'> (0x00000000872e0880) 
thrown [s\open\src\hotspot\share\interpreter\linkResolver.cpp, line 805]
Event: 9.827 Thread 0x0000021cc6d23b80 Exception <a 'java/lang/NoSuchMethodError'{0x000000008711cfa8}: 'void java.lang.invoke.DirectMethodHandle$Holder.invokeSpecialIFC(java.lang.Object, java.lang.Object, int, java.lang.Object, java.lang.Object, java.lang.Object, java.lang.Object)'> (0x000000008711cfa8) 
thrown [s\open\src\hotspot\share\interpreter\linkResolver.cpp, line 805]
Event: 9.827 Thread 0x0000021cc6d20fa0 Exception <a 'java/lang/NoSuchMethodError'{0x000000008712bfb8}: 'void java.lang.invoke.DirectMethodHandle$Holder.invokeSpecialIFC(java.lang.Object, java.lang.Object, int, java.lang.Object, java.lang.Object, java.lang.Object, java.lang.Object)'> (0x000000008712bfb8) 
thrown [s\open\src\hotspot\share\interpreter\linkResolver.cpp, line 805]
Event: 9.849 Thread 0x0000021cc6d23b80 Exception <a 'java/lang/NoSuchMethodError'{0x000000008708ac18}: 'void java.lang.invoke.Invokers$Holder.invokeExact_MT(java.lang.Object, java.lang.Object, int, java.lang.Object)'> (0x000000008708ac18) 
thrown [s\open\src\hotspot\share\interpreter\linkResolver.cpp, line 805]
Event: 9.869 Thread 0x0000021cc6d23b80 Exception <a 'java/lang/IncompatibleClassChangeError'{0x0000000086f35be0}: Found class java.lang.Object, but interface was expected> (0x0000000086f35be0) 
thrown [s\open\src\hotspot\share\interpreter\linkResolver.cpp, line 872]
Event: 9.869 Thread 0x0000021cc6d20fa0 Exception <a 'java/lang/IncompatibleClassChangeError'{0x0000000086f69f28}: Found class java.lang.Object, but interface was expected> (0x0000000086f69f28) 
thrown [s\open\src\hotspot\share\interpreter\linkResolver.cpp, line 872]
Event: 9.869 Thread 0x0000021cc6d216f0 Exception <a 'java/lang/IncompatibleClassChangeError'{0x00000000870b7e70}: Found class java.lang.Object, but interface was expected> (0x00000000870b7e70) 
thrown [s\open\src\hotspot\share\interpreter\linkResolver.cpp, line 872]
Event: 9.873 Thread 0x0000021cc6d23430 Exception <a 'java/lang/NoSuchMethodError'{0x0000000086f11af8}: 'long java.lang.invoke.DirectMethodHandle$Holder.invokeSpecial(java.lang.Object, java.lang.Object, java.lang.Object, java.lang.Object)'> (0x0000000086f11af8) 
thrown [s\open\src\hotspot\share\interpreter\linkResolver.cpp, line 805]
Event: 9.924 Thread 0x0000021cc6d20fa0 Exception <a 'java/lang/NoSuchMethodError'{0x0000000086c85cf0}: 'double java.lang.invoke.DirectMethodHandle$Holder.invokeVirtual(java.lang.Object, java.lang.Object)'> (0x0000000086c85cf0) 
thrown [s\open\src\hotspot\share\interpreter\linkResolver.cpp, line 805]
Event: 9.924 Thread 0x0000021cc6d216f0 Exception <a 'java/lang/NoSuchMethodError'{0x0000000086c3d208}: 'double java.lang.invoke.DirectMethodHandle$Holder.invokeVirtual(java.lang.Object, java.lang.Object)'> (0x0000000086c3d208) 
thrown [s\open\src\hotspot\share\interpreter\linkResolver.cpp, line 805]
Event: 9.924 Thread 0x0000021cc6d23430 Exception <a 'java/lang/NoSuchMethodError'{0x0000000086cdf5c0}: 'double java.lang.invoke.DirectMethodHandle$Holder.invokeVirtual(java.lang.Object, java.lang.Object)'> (0x0000000086cdf5c0) 
thrown [s\open\src\hotspot\share\interpreter\linkResolver.cpp, line 805]
Event: 9.924 Thread 0x0000021cc6d23b80 Exception <a 'java/lang/NoSuchMethodError'{0x0000000086c517e8}: 'double java.lang.invoke.DirectMethodHandle$Holder.invokeVirtual(java.lang.Object, java.lang.Object)'> (0x0000000086c517e8) 
thrown [s\open\src\hotspot\share\interpreter\linkResolver.cpp, line 805]
Event: 9.925 Thread 0x0000021cc6d20fa0 Exception <a 'java/lang/NoSuchMethodError'{0x0000000086b68b30}: 'double java.lang.invoke.DelegatingMethodHandle$Holder.reinvoke_L(java.lang.Object, java.lang.Object)'> (0x0000000086b68b30) 
thrown [s\open\src\hotspot\share\interpreter\linkResolver.cpp, line 805]
Event: 9.925 Thread 0x0000021cc6d23430 Exception <a 'java/lang/NoSuchMethodError'{0x0000000086cefb28}: 'double java.lang.invoke.DelegatingMethodHandle$Holder.reinvoke_L(java.lang.Object, java.lang.Object)'> (0x0000000086cefb28) 
thrown [s\open\src\hotspot\share\interpreter\linkResolver.cpp, line 805]
Event: 9.925 Thread 0x0000021cc6d216f0 Exception <a 'java/lang/NoSuchMethodError'{0x0000000086b8fd60}: 'double java.lang.invoke.DelegatingMethodHandle$Holder.reinvoke_L(java.lang.Object, java.lang.Object)'> (0x0000000086b8fd60) 
thrown [s\open\src\hotspot\share\interpreter\linkResolver.cpp, line 805]
Event: 50.714 Thread 0x0000021cc6d23b80 Implicit null exception at 0x0000021ce1e94e04 to 0x0000021ce1e954b8
Event: 83.232 Thread 0x0000021cc6d242d0 Implicit null exception at 0x0000021ce20c4112 to 0x0000021ce20caad0
Event: 83.260 Thread 0x0000021cc6d25170 Implicit null exception at 0x0000021ce20c4112 to 0x0000021ce20caad0
Event: 83.262 Thread 0x0000021cc6d25170 Implicit null exception at 0x0000021ce20c4112 to 0x0000021ce20caad0
Event: 83.290 Thread 0x0000021cc64b7540 Implicit null exception at 0x0000021ce20c4112 to 0x0000021ce20caad0

VM Operations (20 events):
Event: 89.703 Executing VM operation: G1CollectForAllocation (G1 Evacuation Pause)
Event: 89.704 Executing VM operation: G1CollectForAllocation (G1 Evacuation Pause) done
Event: 90.659 Executing VM operation: G1CollectForAllocation (G1 Evacuation Pause)
Event: 90.661 Executing VM operation: G1CollectForAllocation (G1 Evacuation Pause) done
Event: 91.812 Executing VM operation: G1CollectForAllocation (G1 Evacuation Pause)
Event: 91.813 Executing VM operation: G1CollectForAllocation (G1 Evacuation Pause) done
Event: 91.832 Executing VM operation: G1PauseRemark
Event: 91.839 Executing VM operation: G1PauseRemark done
Event: 91.847 Executing VM operation: G1PauseCleanup
Event: 91.847 Executing VM operation: G1PauseCleanup done
Event: 92.928 Executing VM operation: G1CollectForAllocation (G1 Evacuation Pause)
Event: 92.929 Executing VM operation: G1CollectForAllocation (G1 Evacuation Pause) done
Event: 94.685 Executing VM operation: G1CollectForAllocation (G1 Evacuation Pause)
Event: 94.686 Executing VM operation: G1CollectForAllocation (G1 Evacuation Pause) done
Event: 94.706 Executing VM operation: G1PauseRemark
Event: 94.711 Executing VM operation: G1PauseRemark done
Event: 94.718 Executing VM operation: G1PauseCleanup
Event: 94.718 Executing VM operation: G1PauseCleanup done
Event: 95.732 Executing VM operation: G1CollectForAllocation (G1 Evacuation Pause)
Event: 95.734 Executing VM operation: G1CollectForAllocation (G1 Evacuation Pause) done

Memory protections (0 events):
No events

Nmethod flushes (20 events):
Event: 94.710 Thread 0x0000021cee86c510 flushing  nmethod 0x0000021cdac1f008
Event: 94.710 Thread 0x0000021cee86c510 flushing  nmethod 0x0000021cdac24708
Event: 94.710 Thread 0x0000021cee86c510 flushing  nmethod 0x0000021cdac2ea88
Event: 94.710 Thread 0x0000021cee86c510 flushing  nmethod 0x0000021cdac2f408
Event: 94.710 Thread 0x0000021cee86c510 flushing  nmethod 0x0000021cdac04f88
Event: 94.710 Thread 0x0000021cee86c510 flushing  nmethod 0x0000021cdac07188
Event: 94.710 Thread 0x0000021cee86c510 flushing  nmethod 0x0000021cdac74e88
Event: 94.710 Thread 0x0000021cee86c510 flushing  nmethod 0x0000021cda649088
Event: 94.710 Thread 0x0000021cee86c510 flushing  nmethod 0x0000021cdabe4b08
Event: 94.710 Thread 0x0000021cee86c510 flushing  nmethod 0x0000021cdabe5088
Event: 94.710 Thread 0x0000021cee86c510 flushing  nmethod 0x0000021cdabe5888
Event: 94.710 Thread 0x0000021cee86c510 flushing  nmethod 0x0000021cdabe6e88
Event: 94.710 Thread 0x0000021cee86c510 flushing  nmethod 0x0000021cdac66108
Event: 94.710 Thread 0x0000021cee86c510 flushing  nmethod 0x0000021cdac67a08
Event: 94.710 Thread 0x0000021cee86c510 flushing  nmethod 0x0000021cdac93708
Event: 94.710 Thread 0x0000021cee86c510 flushing  nmethod 0x0000021cdac99908
Event: 94.710 Thread 0x0000021cee86c510 flushing  nmethod 0x0000021cdabcef08
Event: 94.710 Thread 0x0000021cee86c510 flushing  nmethod 0x0000021cdacd7e08
Event: 94.710 Thread 0x0000021cee86c510 flushing  nmethod 0x0000021cdad8a188
Event: 94.710 Thread 0x0000021cee86c510 flushing  nmethod 0x0000021cdad8d288

Events (20 events):
Event: 9.615 Thread 0x0000021cee899f10 Thread added: 0x0000021cee898ff0
Event: 9.673 Thread 0x0000021cc6d20fa0 Thread added: 0x0000021cc83b0160
Event: 11.528 Thread 0x0000021cee898ff0 Thread exited: 0x0000021cee898ff0
Event: 14.676 Thread 0x0000021cc83b0160 Thread exited: 0x0000021cc83b0160
Event: 33.401 Thread 0x0000021cee891210 Thread added: 0x0000021cc7694460
Event: 33.731 Thread 0x0000021cc7694460 Thread exited: 0x0000021cc7694460
Event: 42.596 Thread 0x0000021cee899f10 Thread added: 0x0000021cc76971c0
Event: 43.358 Thread 0x0000021cc76971c0 Thread exited: 0x0000021cc76971c0
Event: 49.633 Thread 0x0000021cee891210 Thread added: 0x0000021cc7694460
Event: 50.225 Thread 0x0000021cc7694460 Thread exited: 0x0000021cc7694460
Event: 56.186 Thread 0x0000021cee891210 Thread added: 0x0000021cc76971c0
Event: 56.720 Thread 0x0000021cc76971c0 Thread exited: 0x0000021cc76971c0
Event: 69.534 Thread 0x0000021cee891210 Thread added: 0x0000021cc76971c0
Event: 69.984 Thread 0x0000021cc76971c0 Thread exited: 0x0000021cc76971c0
Event: 85.035 Thread 0x0000021cee891210 Thread added: 0x0000021cc76907e0
Event: 85.340 Thread 0x0000021cc76907e0 Thread exited: 0x0000021cc76907e0
Event: 90.711 Thread 0x0000021cee891210 Thread added: 0x0000021cc76907e0
Event: 90.711 Thread 0x0000021cee891210 Thread added: 0x0000021cc9797680
Event: 90.868 Thread 0x0000021cc9797680 Thread exited: 0x0000021cc9797680
Event: 90.868 Thread 0x0000021cc76907e0 Thread exited: 0x0000021cc76907e0


Dynamic libraries:
0x00007ff7e57d0000 - 0x00007ff7e57e0000 	C:\Program Files\Java\jdk-24\bin\java.exe
0x00007ffaf14d0000 - 0x00007ffaf16e7000 	C:\Windows\SYSTEM32\ntdll.dll
0x00007ffaef2c0000 - 0x00007ffaef384000 	C:\Windows\System32\KERNEL32.DLL
0x00007ffaee690000 - 0x00007ffaeea63000 	C:\Windows\System32\KERNELBASE.dll
0x00007ffaeec60000 - 0x00007ffaeed71000 	C:\Windows\System32\ucrtbase.dll
0x00007ffae8770000 - 0x00007ffae8786000 	C:\Program Files\Java\jdk-24\bin\jli.dll
0x00007ffadd560000 - 0x00007ffadd57b000 	C:\Program Files\Java\jdk-24\bin\VCRUNTIME140.dll
0x00007ffaf0b20000 - 0x00007ffaf0cd1000 	C:\Windows\System32\USER32.dll
0x00007ffacff90000 - 0x00007ffad022b000 	C:\Windows\WinSxS\amd64_microsoft.windows.common-controls_6595b64144ccf1df_6.0.22621.5262_none_2712bde373830908\COMCTL32.dll
0x00007ffaee5c0000 - 0x00007ffaee5e6000 	C:\Windows\System32\win32u.dll
0x00007ffaf0830000 - 0x00007ffaf08d7000 	C:\Windows\System32\msvcrt.dll
0x00007ffaf0af0000 - 0x00007ffaf0b19000 	C:\Windows\System32\GDI32.dll
0x00007ffaeed80000 - 0x00007ffaeeea2000 	C:\Windows\System32\gdi32full.dll
0x00007ffaee5f0000 - 0x00007ffaee68a000 	C:\Windows\System32\msvcp_win.dll
0x00007ffaefee0000 - 0x00007ffaeff11000 	C:\Windows\System32\IMM32.DLL
0x00007ffae7d90000 - 0x00007ffae7d9c000 	C:\Program Files\Java\jdk-24\bin\vcruntime140_1.dll
0x00007ffadd4d0000 - 0x00007ffadd55e000 	C:\Program Files\Java\jdk-24\bin\msvcp140.dll
0x00007ffa91120000 - 0x00007ffa91ec2000 	C:\Program Files\Java\jdk-24\bin\server\jvm.dll
0x00007ffaeff90000 - 0x00007ffaf0041000 	C:\Windows\System32\ADVAPI32.dll
0x00007ffaf0a40000 - 0x00007ffaf0ae7000 	C:\Windows\System32\sechost.dll
0x00007ffaeec30000 - 0x00007ffaeec58000 	C:\Windows\System32\bcrypt.dll
0x00007ffaf1370000 - 0x00007ffaf1484000 	C:\Windows\System32\RPCRT4.dll
0x00007ffaf0e40000 - 0x00007ffaf0eb1000 	C:\Windows\System32\WS2_32.dll
0x00007ffaed440000 - 0x00007ffaed48d000 	C:\Windows\SYSTEM32\POWRPROF.dll
0x00007ffae7da0000 - 0x00007ffae7daa000 	C:\Windows\SYSTEM32\VERSION.dll
0x00007ffae6810000 - 0x00007ffae6844000 	C:\Windows\SYSTEM32\WINMM.dll
0x00007ffaed400000 - 0x00007ffaed413000 	C:\Windows\SYSTEM32\UMPDC.dll
0x00007ffaed6c0000 - 0x00007ffaed6d8000 	C:\Windows\SYSTEM32\kernel.appcore.dll
0x00007ffae6ff0000 - 0x00007ffae6ffa000 	C:\Program Files\Java\jdk-24\bin\jimage.dll
0x00007ffaeba70000 - 0x00007ffaebca2000 	C:\Windows\SYSTEM32\DBGHELP.DLL
0x00007ffaf0050000 - 0x00007ffaf03e3000 	C:\Windows\System32\combase.dll
0x00007ffaf0ce0000 - 0x00007ffaf0db7000 	C:\Windows\System32\OLEAUT32.dll
0x00007ffae3d70000 - 0x00007ffae3da2000 	C:\Windows\SYSTEM32\dbgcore.DLL
0x00007ffaeef70000 - 0x00007ffaeefeb000 	C:\Windows\System32\bcryptPrimitives.dll
0x00007ffae3800000 - 0x00007ffae380f000 	C:\Program Files\Java\jdk-24\bin\instrument.dll
0x00007ffadd4b0000 - 0x00007ffadd4ce000 	C:\Program Files\Java\jdk-24\bin\java.dll
0x00007ffaf03f0000 - 0x00007ffaf0591000 	C:\Windows\System32\ole32.dll
0x00007ffaef3b0000 - 0x00007ffaefc4d000 	C:\Windows\System32\SHELL32.dll
0x00007ffaeea70000 - 0x00007ffaeebaf000 	C:\Windows\System32\wintypes.dll
0x00007ffaec4c0000 - 0x00007ffaecddd000 	C:\Windows\SYSTEM32\windows.storage.dll
0x00007ffaf06b0000 - 0x00007ffaf07bb000 	C:\Windows\System32\SHCORE.dll
0x00007ffaef1c0000 - 0x00007ffaef226000 	C:\Windows\System32\shlwapi.dll
0x00007ffaee4f0000 - 0x00007ffaee51b000 	C:\Windows\SYSTEM32\profapi.dll
0x00007ffad5ef0000 - 0x00007ffad5fc7000 	C:\Program Files\Java\jdk-24\bin\jsvml.dll
0x00007ffadd470000 - 0x00007ffadd487000 	C:\Program Files\Java\jdk-24\bin\zip.dll
0x00007ffae2c00000 - 0x00007ffae2c10000 	C:\Program Files\Java\jdk-24\bin\net.dll
0x00007ffaedb70000 - 0x00007ffaedbda000 	C:\Windows\system32\mswsock.dll
0x00007ffadd490000 - 0x00007ffadd4a6000 	C:\Program Files\Java\jdk-24\bin\nio.dll
0x00007ffadd450000 - 0x00007ffadd46a000 	C:\Program Files\JetBrains\IntelliJ IDEA Community Edition 2024.3.3\bin\breakgen64.dll
0x00007ffadd740000 - 0x00007ffadd749000 	C:\Program Files\Java\jdk-24\bin\extnet.dll
0x00007ffadd430000 - 0x00007ffadd43a000 	C:\Program Files\Java\jdk-24\bin\management.dll
0x00007ffadd3e0000 - 0x00007ffadd3eb000 	C:\Program Files\Java\jdk-24\bin\management_ext.dll
0x00007ffaefc50000 - 0x00007ffaefc58000 	C:\Windows\System32\PSAPI.DLL
0x00007ffadd440000 - 0x00007ffadd44e000 	C:\Program Files\Java\jdk-24\bin\sunmscapi.dll
0x00007ffaeeff0000 - 0x00007ffaef157000 	C:\Windows\System32\CRYPT32.dll
0x00007ffaedf60000 - 0x00007ffaedf8d000 	C:\Windows\SYSTEM32\ncrypt.dll
0x00007ffaedf20000 - 0x00007ffaedf57000 	C:\Windows\SYSTEM32\NTASN1.dll
0x00007ffaeddc0000 - 0x00007ffaedddb000 	C:\Windows\SYSTEM32\CRYPTSP.dll
0x00007ffaed620000 - 0x00007ffaed657000 	C:\Windows\system32\rsaenh.dll
0x00007ffaedc60000 - 0x00007ffaedc88000 	C:\Windows\SYSTEM32\USERENV.dll
0x00007ffaedde0000 - 0x00007ffaeddec000 	C:\Windows\SYSTEM32\CRYPTBASE.dll
0x00007ffaed0f0000 - 0x00007ffaed11d000 	C:\Windows\SYSTEM32\IPHLPAPI.DLL
0x00007ffaeff80000 - 0x00007ffaeff89000 	C:\Windows\System32\NSI.dll
0x00007ffadd3d0000 - 0x00007ffadd3e0000 	C:\Program Files\Java\jdk-24\bin\verify.dll
0x00007ffaed120000 - 0x00007ffaed218000 	C:\Windows\SYSTEM32\DNSAPI.dll
0x00007ffae7d70000 - 0x00007ffae7d7a000 	C:\Windows\System32\rasadhlp.dll
0x00007ffae7490000 - 0x00007ffae7513000 	C:\Windows\System32\fwpuclnt.dll
0x00007ffad3c40000 - 0x00007ffad3c48000 	C:\Windows\system32\wshunix.dll

dbghelp: loaded successfully - version: 4.0.5 - missing functions: none
symbol engine: initialized successfully - sym options: 0x614 - pdb path: .;C:\Program Files\Java\jdk-24\bin;C:\Windows\SYSTEM32;C:\Windows\WinSxS\amd64_microsoft.windows.common-controls_6595b64144ccf1df_6.0.22621.5262_none_2712bde373830908;C:\Program Files\Java\jdk-24\bin\server;C:\Program Files\JetBrains\IntelliJ IDEA Community Edition 2024.3.3\bin

VM Arguments:
jvm_args: --enable-preview -javaagent:C:\Program Files\JetBrains\IntelliJ IDEA Community Edition 2024.3.3\lib\idea_rt.jar=50664:C:\Program Files\JetBrains\IntelliJ IDEA Community Edition 2024.3.3\bin -Dfile.encoding=UTF-8 -Dsun.stdout.encoding=UTF-8 -Dsun.stderr.encoding=UTF-8 
java_command: com.senko.SenkoFavourite.SenkoFavouriteApplication
java_class_path (initial): G:\nodejsPro\website\backend\SenkoFavourite\target\classes;C:\Users\PC\.m2\repository\org\springframework\boot\spring-boot-starter-data-jpa\3.4.5\spring-boot-starter-data-jpa-3.4.5.jar;C:\Users\PC\.m2\repository\org\springframework\boot\spring-boot-starter\3.4.5\spring-boot-starter-3.4.5.jar;C:\Users\PC\.m2\repository\org\springframework\boot\spring-boot-starter-logging\3.4.5\spring-boot-starter-logging-3.4.5.jar;C:\Users\PC\.m2\repository\ch\qos\logback\logback-classic\1.5.18\logback-classic-1.5.18.jar;C:\Users\PC\.m2\repository\ch\qos\logback\logback-core\1.5.18\logback-core-1.5.18.jar;C:\Users\PC\.m2\repository\org\apache\logging\log4j\log4j-to-slf4j\2.24.3\log4j-to-slf4j-2.24.3.jar;C:\Users\PC\.m2\repository\org\apache\logging\log4j\log4j-api\2.24.3\log4j-api-2.24.3.jar;C:\Users\PC\.m2\repository\org\slf4j\jul-to-slf4j\2.0.17\jul-to-slf4j-2.0.17.jar;C:\Users\PC\.m2\repository\jakarta\annotation\jakarta.annotation-api\2.1.1\jakarta.annotation-api-2.1.1.jar;C:\Users\PC\.m2\repository\org\yaml\snakeyaml\2.3\snakeyaml-2.3.jar;C:\Users\PC\.m2\repository\org\springframework\boot\spring-boot-starter-jdbc\3.4.5\spring-boot-starter-jdbc-3.4.5.jar;C:\Users\PC\.m2\repository\com\zaxxer\HikariCP\5.1.0\HikariCP-5.1.0.jar;C:\Users\PC\.m2\repository\org\springframework\spring-jdbc\6.2.6\spring-jdbc-6.2.6.jar;C:\Users\PC\.m2\repository\org\hibernate\orm\hibernate-core\6.6.13.Final\hibernate-core-6.6.13.Final.jar;C:\Users\PC\.m2\repository\jakarta\persistence\jakarta.persistence-api\3.1.0\jakarta.persistence-api-3.1.0.jar;C:\Users\PC\.m2\repository\jakarta\transaction\jakarta.transaction-api\2.0.1\jakarta.transaction-api-2.0.1.jar;C:\Users\PC\.m2\repository\org\jboss\logging\jboss-logging\3.6.1.Final\jboss-logging-3.6.1.Final.jar;C:\Users\PC\.m2\repository\org\hibernate\common\hibernate-commons-annotations\7.0.3.Final\hibernate-commons-annotations-7.0.3.Final.jar;C:\Users\PC\.m2\repository\io\smallrye\jandex\3.2.0\jandex-3.2.0.jar;C:\Users\PC\.m2\repository\com\fasterxml\classmate\1.7.0\classmate-1.7.0.jar;C:\Users\PC\.m2\repository\net\bytebuddy\byte-buddy\1.15.11\byte-buddy-1.15.11.jar;C:\Users\PC\.m2\repository\org\glassfish\jaxb\jaxb-runtime\4.0.5\jaxb-runtime-4.0.5.jar;C:\Users\PC\.m2\repository\org\glassfish\jaxb\jaxb-core\4.0.5\jaxb-core-4.0.5.jar;C:\Users\PC\.m2\repository\org\eclipse\angus\angus-activation\2.0.2\angus-activation-2.0.2.jar;C:\Users\PC\.m2\repository\org\glassfish\jaxb\txw2\4.0.5\txw2-4.0.5.jar;C:\Users\PC\.m2\repository\com\sun\istack\istack-commons-runtime\4.1.2\istack-commons-runtime-4.1.2.jar;C:\Users\PC\.m2\repository\jakarta\inject\jakarta.inject-api\2.0.1\jakarta.inject-api-2.0.1.jar;C:\Users\PC\.m2\repository\org\antlr\antlr4-runtime\4.13.0\antlr4-runtime-4.13.0.jar;C:\Users\PC\.m2\repository\org\springframework\data\spring-data-jpa\3.4.5\spring-data-jpa-3.4.5.jar;C:\Users\PC\.m2\repository\org\springframework\data\spring-data-commons\3.4.5\spring-data-commons-3.4.5.jar;C:\Users\PC\.m2\repository\org\springframework\spring-orm\6.2.6\spring-orm-6.2.6.jar;C:\Users\PC\.m2\repository\org\springframework\spring-context\6.2.6\spring-context-6.2.6.jar;C:\Users\PC\.m2\repository\org\springframework\spring-aop\6.2.6\spring-aop-6.2.6.jar;C:\Users\PC\.m2\repository\org\springframework\spring-tx\6.2.6\spring-tx-6.2.6.jar;C:\Users\PC\.m2\repository\org\springframework\spring-beans\6.2.6\spring-beans-6.2.6.jar;C:\Users\PC\.m2\repository\org\slf4j\slf4j-api\2.0.17\slf4j-api-2.0.17.jar;C:\Users\PC\.m2\repository\org\springframework\spring-aspects\6.2.6\spring-aspects-6.2.6.jar;C:\Users\PC\.m2\repository\org\aspectj\aspectjweaver\1.9.24\aspectjweaver-1.9.24.jar;C:\Users\PC\.m2\repository\org\springframework\boot\spring-boot-starter-web\3.4.5\spring-boot-starter-web-3.4.5.jar;C:\Users\PC\.m2\repository\org\springframework\boot\spring-boot-starter-json\3.4.5\spring-boot-starter-json-3.4.5.jar;C:\Users\PC\.m2\repository\com\fasterxml\jackson\core\jackson-databind\2.18.3\jackson-databind-2.18.3.jar;C:\Users\PC\.m2\repository\com\fasterxml\jackson\core\jackson-annotations\2.18.3\jackson-annotations-2.18.3.jar;C:\Users\PC\.m2\repository\com\fasterxml\jackson\core\jackson-core\2.18.3\jackson-core-2.18.3.jar;C:\Users\PC\.m2\repository\com\fasterxml\jackson\datatype\jackson-datatype-jdk8\2.18.3\jackson-datatype-jdk8-2.18.3.jar;C:\Users\PC\.m2\repository\com\fasterxml\jackson\datatype\jackson-datatype-jsr310\2.18.3\jackson-datatype-jsr310-2.18.3.jar;C:\Users\PC\.m2\repository\com\fasterxml\jackson\module\jackson-module-parameter-names\2.18.3\jackson-module-parameter-names-2.18.3.jar;C:\Users\PC\.m2\repository\org\springframework\boot\spring-boot-starter-tomcat\3.4.5\spring-boot-starter-tomcat-3.4.5.jar;C:\Users\PC\.m2\repository\org\apache\tomcat\embed\tomcat-embed-core\10.1.40\tomcat-embed-core-10.1.40.jar;C:\Users\PC\.m2\repository\org\apache\tomcat\embed\tomcat-embed-el\10.1.40\tomcat-embed-el-10.1.40.jar;C:\Users\PC\.m2\repository\org\apache\tomcat\embed\tomcat-embed-websocket\10.1.40\tomcat-embed-websocket-10.1.40.jar;C:\Users\PC\.m2\repository\org\springframework\spring-web\6.2.6\spring-web-6.2.6.jar;C:\Users\PC\.m2\repository\io\micrometer\micrometer-observation\1.14.6\micrometer-observation-1.14.6.jar;C:\Users\PC\.m2\repository\io\micrometer\micrometer-commons\1.14.6\micrometer-commons-1.14.6.jar;C:\Users\PC\.m2\repository\org\springframework\spring-webmvc\6.2.6\spring-webmvc-6.2.6.jar;C:\Users\PC\.m2\repository\org\springframework\spring-expression\6.2.6\spring-expression-6.2.6.jar;C:\Users\PC\.m2\repository\org\springframework\boot\spring-boot-devtools\3.4.5\spring-boot-devtools-3.4.5.jar;C:\Users\PC\.m2\repository\org\springframework\boot\spring-boot\3.4.5\spring-boot-3.4.5.jar;C:\Users\PC\.m2\repository\org\springframework\boot\spring-boot-autoconfigure\3.4.5\spring-boot-autoconfigure-3.4.5.jar;C:\Users\PC\.m2\repository\org\postgresql\postgresql\42.7.5\postgresql-42.7.5.jar;C:\Users\PC\.m2\repository\org\checkerframework\checker-qual\3.48.3\checker-qual-3.48.3.jar;C:\Users\PC\.m2\repository\org\projectlombok\lombok\1.18.38\lombok-1.18.38.jar;C:\Users\PC\.m2\repository\jakarta\xml\bind\jakarta.xml.bind-api\4.0.2\jakarta.xml.bind-api-4.0.2.jar;C:\Users\PC\.m2\repository\jakarta\activation\jakarta.activation-api\2.1.3\jakarta.activation-api-2.1.3.jar;C:\Users\PC\.m2\repository\org\springframework\spring-core\6.2.6\spring-core-6.2.6.jar;C:\Users\PC\.m2\repository\org\springframework\spring-jcl\6.2.6\spring-jcl-6.2.6.jar;C:\Users\PC\.m2\repository\org\mapstruct\mapstruct\1.6.3\mapstruct-1.6.3.jar
Launcher Type: SUN_STANDARD

[Global flags]
     intx CICompilerCount                          = 4                                         {product} {ergonomic}
     uint ConcGCThreads                            = 3                                         {product} {ergonomic}
     uint G1ConcRefinementThreads                  = 10                                        {product} {ergonomic}
   size_t G1HeapRegionSize                         = 1048576                                   {product} {ergonomic}
   size_t InitialHeapSize                          = 130023424                                 {product} {ergonomic}
   size_t MarkStackSize                            = 4194304                                   {product} {ergonomic}
   size_t MarkStackSizeMax                         = 536870912                                 {product} {ergonomic}
   size_t MaxHeapSize                              = 2076180480                                {product} {ergonomic}
   size_t MaxNewSize                               = 1245708288                                {product} {ergonomic}
   size_t MinHeapDeltaBytes                        = 1048576                                   {product} {ergonomic}
   size_t MinHeapSize                              = 8388608                                   {product} {ergonomic}
    uintx NonNMethodCodeHeapSize                   = 5832704                                {pd product} {ergonomic}
    uintx NonProfiledCodeHeapSize                  = 122945536                              {pd product} {ergonomic}
    uintx ProfiledCodeHeapSize                     = 122880000                              {pd product} {ergonomic}
    uintx ReservedCodeCacheSize                    = 251658240                              {pd product} {ergonomic}
     bool SegmentedCodeCache                       = true                                      {product} {ergonomic}
   size_t SoftMaxHeapSize                          = 2076180480                             {manageable} {ergonomic}
     bool UseCompressedOops                        = true                           {product lp64_product} {ergonomic}
     bool UseG1GC                                  = true                                      {product} {ergonomic}
     bool UseLargePagesIndividualAllocation        = false                                  {pd product} {ergonomic}

Logging:
Log output configuration:
 #0: stdout all=warning uptime,level,tags foldmultilines=false
 #1: stderr all=off uptime,level,tags foldmultilines=false

Environment Variables:
PATH=G:\WINDOWS.X64_193000_db_home\bin;C:\Program Files\Common Files\Oracle\Java\javapath;C:\Program Files (x86)\Common Files\Oracle\Java\javapath;C:\Windows\system32;C:\Windows;C:\Windows\System32\Wbem;C:\Windows\System32\WindowsPowerShell\v1.0\;C:\Windows\System32\OpenSSH\;C:\Program Files (x86)\NVIDIA Corporation\PhysX\Common;C:\Program Files\NVIDIA Corporation\NVIDIA NvDLISR;C:\Program Files\Microsoft SQL Server\130\Tools\Binn\;C:\Program Files\dotnet\;C:\Program Files (x86)\Windows Kits\10\Windows Performance Toolkit\;C:\Program Files\Git\cmd;C:\Program Files (x86)\Microsoft SQL Server\160\DTS\Binn\;C:\Program Files (x86)\Microsoft SQL Server\160\Tools\Binn\;C:\Program Files\Microsoft SQL Server\160\Tools\Binn\;C:\Program Files\Microsoft SQL Server\Client SDK\ODBC\170\Tools\Binn\;C:\Program Files\Microsoft SQL Server\160\DTS\Binn\;C:\ProgramData\chocolatey\bin;C:\ProgramData\chocolatey\lib\maven\apache-maven-3.9.9\bin;C:\Program Files\Java\jdk-24;C:\Program Files\Java\jdk-23\bin;C:\Program Files (x86)\WiX Toolset v3.14\bin;G:\nodejs\;G:\PostgreSQL\17\bin;C:\Users\PC\AppData\Local\Programs\Python\Python312\Scripts\;C:\Users\PC\AppData\Local\Programs\Python\Python312\;C:\Users\PC\AppData\Local\Programs\Python\Launcher\;C:\Users\PC\AppData\Local\Microsoft\WindowsApps;C:\Users\PC\.dotnet\tools;C:\Users\PC\AppData\Local\GitHubDesktop\bin;C:\Users\PC\AppData\Local\Programs\Microsoft VS Code\bin;C:\Program Files\Multipass\bin;C:\Users\PC\AppData\Roaming\Python\Scripts;C:\Program Files\Java\jdk-24\bin;C:\Users\PC\AppData\Roaming\npm
USERNAME=PC
OS=Windows_NT
PROCESSOR_IDENTIFIER=Intel64 Family 6 Model 141 Stepping 1, GenuineIntel
TMP=C:\Users\PC\AppData\Local\Temp
TEMP=C:\Users\PC\AppData\Local\Temp




Periodic native trim disabled

---------------  S Y S T E M  ---------------

OS:
 Windows 11 , 64 bit Build 22621 (10.0.22621.5262)
OS uptime: 0 days 13:35 hours
Hyper-V role detected

CPU: total 12 (initial active 12) (6 cores per cpu, 2 threads per core) family 6 model 141 stepping 1 microcode 0x50, cx8, cmov, fxsr, ht, mmx, 3dnowpref, sse, sse2, sse3, ssse3, sse4.1, sse4.2, popcnt, lzcnt, tsc, tscinvbit, avx, avx2, aes, erms, clmul, bmi1, bmi2, adx, avx512f, avx512dq, avx512cd, avx512bw, avx512vl, sha, fma, vzeroupper, avx512_vpopcntdq, avx512_vpclmulqdq, avx512_vaes, avx512_vnni, clflush, clflushopt, clwb, avx512_vbmi2, avx512_vbmi, hv, rdtscp, rdpid, fsrm, gfni, avx512_bitalg, f16c, cet_ibt, cet_ss, avx512_ifma
Processor Information for the first 12 processors :
  Max Mhz: 2688, Current Mhz: 2688, Mhz Limit: 2688

Memory: 4k page, system-wide physical 7914M (875M free)
TotalPageFile size 32490M (AvailPageFile size 48M)
current process WorkingSet (physical memory assigned to process): 262M, peak: 271M
current process commit charge ("private bytes"): 327M, peak: 348M

vm_info: Java HotSpot(TM) 64-Bit Server VM (24+36-3646) for windows-amd64 JRE (24+36-3646), built on 2025-02-06T00:20:43Z with MS VC++ 17.6 (VS2022)

END.
